# Created at 2024-03-11T20:44:12.562
TestSet has not finished before stream error has appeared >> initializing exit by non-null configuration: null
java.io.EOFException
	at java.base/java.io.DataInputStream.readInt(DataInputStream.java:397)
	at org.apache.maven.surefire.booter.MasterProcessCommand.decode(MasterProcessCommand.java:115)
	at org.apache.maven.surefire.booter.CommandReader$CommandRunnable.run(CommandReader.java:391)
	at java.base/java.lang.Thread.run(Thread.java:834)


# Created at 2024-03-11T20:44:15.241
Unexpected IOException with stream: 20:44:15.240 [main] ERROR com.intuit.karate - driver config / start failed: start failed, options: {type=chrome, executable=C:\Program Files (x86)\Google\Chrome\Application\chrome.exe, addOptions=[--remote-allow-origins=*, --incognito], showDriverLog=true, target=null}
com.intuit.karate.KarateException: start failed
	at com.intuit.karate.driver.DriverOptions.startProcess(DriverOptions.java:285)
	at com.intuit.karate.driver.DriverOptions.startProcess(DriverOptions.java:260)
	at com.intuit.karate.driver.chrome.Chrome.start(Chrome.java:68)
	at com.intuit.karate.driver.DriverOptions.start(DriverOptions.java:316)
	at com.intuit.karate.core.ScenarioEngine.driver(ScenarioEngine.java:852)
	at com.intuit.karate.ScenarioActions.driver(ScenarioActions.java:402)
	at java.base/jdk.internal.reflect.NativeMethodAccessorImpl.invoke0(Native Method)
	at java.base/jdk.internal.reflect.NativeMethodAccessorImpl.invoke(NativeMethodAccessorImpl.java:62)
	at java.base/jdk.internal.reflect.DelegatingMethodAccessorImpl.invoke(DelegatingMethodAccessorImpl.java:43)
	at java.base/java.lang.reflect.Method.invoke(Method.java:566)
	at com.intuit.karate.core.StepRuntime.execute(StepRuntime.java:280)
	at com.intuit.karate.core.ScenarioRuntime.execute(ScenarioRuntime.java:459)
	at com.intuit.karate.core.ScenarioRuntime.run(ScenarioRuntime.java:402)
	at com.intuit.karate.junit5.FeatureNode.lambda$next$1(FeatureNode.java:70)
	at org.junit.jupiter.engine.descriptor.DynamicTestTestDescriptor.lambda$execute$0(DynamicTestTestDescriptor.java:53)
	at org.junit.jupiter.engine.execution.InvocationInterceptorChain$ValidatingInvocation.proceed(InvocationInterceptorChain.java:131)
	at org.junit.jupiter.api.extension.InvocationInterceptor.interceptDynamicTest(InvocationInterceptor.java:167)
	at org.junit.jupiter.api.extension.InvocationInterceptor.interceptDynamicTest(InvocationInterceptor.java:184)
	at org.junit.jupiter.engine.descriptor.DynamicTestTestDescriptor.lambda$execute$1(DynamicTestTestDescriptor.java:61)
	at org.junit.jupiter.engine.execution.InvocationInterceptorChain$InterceptorCall.lambda$ofVoid$0(InvocationInterceptorChain.java:78)
	at org.junit.jupiter.engine.execution.InvocationInterceptorChain$InterceptedInvocation.proceed(InvocationInterceptorChain.java:106)
	at org.junit.jupiter.engine.execution.InvocationInterceptorChain.proceed(InvocationInterceptorChain.java:64)
	at org.junit.jupiter.engine.execution.InvocationInterceptorChain.chainAndInvoke(InvocationInterceptorChain.java:45)
	at org.junit.jupiter.engine.execution.InvocationInterceptorChain.invoke(InvocationInterceptorChain.java:37)
	at org.junit.jupiter.engine.descriptor.DynamicTestTestDescriptor.execute(DynamicTestTestDescriptor.java:60)
	at org.junit.jupiter.engine.descriptor.DynamicTestTestDescriptor.execute(DynamicTestTestDescriptor.java:32)
	at org.junit.platform.engine.support.hierarchical.NodeTestTask.lambda$executeRecursively$6(NodeTestTask.java:151)
	at org.junit.platform.engine.support.hierarchical.ThrowableCollector.execute(ThrowableCollector.java:73)
	at org.junit.platform.engine.support.hierarchical.NodeTestTask.lambda$executeRecursively$8(NodeTestTask.java:141)
	at org.junit.platform.engine.support.hierarchical.Node.around(Node.java:137)
	at org.junit.platform.engine.support.hierarchical.NodeTestTask.lambda$executeRecursively$9(NodeTestTask.java:139)
	at org.junit.platform.engine.support.hierarchical.ThrowableCollector.execute(ThrowableCollector.java:73)
	at org.junit.platform.engine.support.hierarchical.NodeTestTask.executeRecursively(NodeTestTask.java:138)
	at org.junit.platform.engine.support.hierarchical.NodeTestTask.execute(NodeTestTask.java:95)
	at org.junit.platform.engine.support.hierarchical.SameThreadHierarchicalTestExecutorService.submit(SameThreadHierarchicalTestExecutorService.java:35)
	at org.junit.platform.engine.support.hierarchical.NodeTestTask$DefaultDynamicTestExecutor.execute(NodeTestTask.java:226)
	at org.junit.platform.engine.support.hierarchical.NodeTestTask$DefaultDynamicTestExecutor.execute(NodeTestTask.java:204)
	at java.base/java.util.stream.ForEachOps$ForEachOp$OfRef.accept(ForEachOps.java:183)
	at java.base/java.util.stream.ReferencePipeline$3$1.accept(ReferencePipeline.java:195)
	at java.base/java.util.stream.ReferencePipeline$2$1.accept(ReferencePipeline.java:177)
	at java.base/java.util.stream.ReferencePipeline$3$1.accept(ReferencePipeline.java:195)
	at java.base/java.util.Iterator.forEachRemaining(Iterator.java:133)
	at java.base/java.util.Spliterators$IteratorSpliterator.forEachRemaining(Spliterators.java:1801)
	at java.base/java.util.stream.AbstractPipeline.copyInto(AbstractPipeline.java:484)
	at java.base/java.util.stream.AbstractPipeline.wrapAndCopyInto(AbstractPipeline.java:474)
	at java.base/java.util.stream.ForEachOps$ForEachOp.evaluateSequential(ForEachOps.java:150)
	at java.base/java.util.stream.ForEachOps$ForEachOp$OfRef.evaluateSequential(ForEachOps.java:173)
	at java.base/java.util.stream.AbstractPipeline.evaluate(AbstractPipeline.java:234)
	at java.base/java.util.stream.ReferencePipeline.forEachOrdered(ReferencePipeline.java:502)
	at org.junit.jupiter.engine.descriptor.DynamicContainerTestDescriptor.execute(DynamicContainerTestDescriptor.java:67)
	at org.junit.jupiter.engine.descriptor.DynamicContainerTestDescriptor.execute(DynamicContainerTestDescriptor.java:33)
	at org.junit.platform.engine.support.hierarchical.NodeTestTask.lambda$executeRecursively$6(NodeTestTask.java:151)
	at org.junit.platform.engine.support.hierarchical.ThrowableCollector.execute(ThrowableCollector.java:73)
	at org.junit.platform.engine.support.hierarchical.NodeTestTask.lambda$executeRecursively$8(NodeTestTask.java:141)
	at org.junit.platform.engine.support.hierarchical.Node.around(Node.java:137)
	at org.junit.platform.engine.support.hierarchical.NodeTestTask.lambda$executeRecursively$9(NodeTestTask.java:139)
	at org.junit.platform.engine.support.hierarchical.ThrowableCollector.execute(ThrowableCollector.java:73)
	at org.junit.platform.engine.support.hierarchical.NodeTestTask.executeRecursively(NodeTestTask.java:138)
	at org.junit.platform.engine.support.hierarchical.NodeTestTask.execute(NodeTestTask.java:95)
	at org.junit.platform.engine.support.hierarchical.SameThreadHierarchicalTestExecutorService.submit(SameThreadHierarchicalTestExecutorService.java:35)
	at org.junit.platform.engine.support.hierarchical.NodeTestTask$DefaultDynamicTestExecutor.execute(NodeTestTask.java:226)
	at org.junit.platform.engine.support.hierarchical.NodeTestTask$DefaultDynamicTestExecutor.execute(NodeTestTask.java:204)
	at java.base/java.util.Optional.ifPresent(Optional.java:183)
	at org.junit.jupiter.engine.descriptor.TestFactoryTestDescriptor.lambda$invokeTestMethod$1(TestFactoryTestDescriptor.java:108)
	at org.junit.platform.engine.support.hierarchical.ThrowableCollector.execute(ThrowableCollector.java:73)
	at org.junit.jupiter.engine.descriptor.TestFactoryTestDescriptor.invokeTestMethod(TestFactoryTestDescriptor.java:95)
	at org.junit.jupiter.engine.descriptor.TestMethodTestDescriptor.execute(TestMethodTestDescriptor.java:135)
	at org.junit.jupiter.engine.descriptor.TestMethodTestDescriptor.execute(TestMethodTestDescriptor.java:66)
	at org.junit.platform.engine.support.hierarchical.NodeTestTask.lambda$executeRecursively$6(NodeTestTask.java:151)
	at org.junit.platform.engine.support.hierarchical.ThrowableCollector.execute(ThrowableCollector.java:73)
	at org.junit.platform.engine.support.hierarchical.NodeTestTask.lambda$executeRecursively$8(NodeTestTask.java:141)
	at org.junit.platform.engine.support.hierarchical.Node.around(Node.java:137)
	at org.junit.platform.engine.support.hierarchical.NodeTestTask.lambda$executeRecursively$9(NodeTestTask.java:139)
	at org.junit.platform.engine.support.hierarchical.ThrowableCollector.execute(ThrowableCollector.java:73)
	at org.junit.platform.engine.support.hierarchical.NodeTestTask.executeRecursively(NodeTestTask.java:138)
	at org.junit.platform.engine.support.hierarchical.NodeTestTask.execute(NodeTestTask.java:95)
	at java.base/java.util.ArrayList.forEach(ArrayList.java:1541)
	at org.junit.platform.engine.support.hierarchical.SameThreadHierarchicalTestExecutorService.invokeAll(SameThreadHierarchicalTestExecutorService.java:41)
	at org.junit.platform.engine.support.hierarchical.NodeTestTask.lambda$executeRecursively$6(NodeTestTask.java:155)
	at org.junit.platform.engine.support.hierarchical.ThrowableCollector.execute(ThrowableCollector.java:73)
	at org.junit.platform.engine.support.hierarchical.NodeTestTask.lambda$executeRecursively$8(NodeTestTask.java:141)
	at org.junit.platform.engine.support.hierarchical.Node.around(Node.java:137)
	at org.junit.platform.engine.support.hierarchical.NodeTestTask.lambda$executeRecursively$9(NodeTestTask.java:139)
	at org.junit.platform.engine.support.hierarchical.ThrowableCollector.execute(ThrowableCollector.java:73)
	at org.junit.platform.engine.support.hierarchical.NodeTestTask.executeRecursively(NodeTestTask.java:138)
	at org.junit.platform.engine.support.hierarchical.NodeTestTask.execute(NodeTestTask.java:95)
	at java.base/java.util.ArrayList.forEach(ArrayList.java:1541)
	at org.junit.platform.engine.support.hierarchical.SameThreadHierarchicalTestExecutorService.invokeAll(SameThreadHierarchicalTestExecutorService.java:41)
	at org.junit.platform.engine.support.hierarchical.NodeTestTask.lambda$executeRecursively$6(NodeTestTask.java:155)
	at org.junit.platform.engine.support.hierarchical.ThrowableCollector.execute(ThrowableCollector.java:73)
	at org.junit.platform.engine.support.hierarchical.NodeTestTask.lambda$executeRecursively$8(NodeTestTask.java:141)
	at org.junit.platform.engine.support.hierarchical.Node.around(Node.java:137)
	at org.junit.platform.engine.support.hierarchical.NodeTestTask.lambda$executeRecursively$9(NodeTestTask.java:139)
	at org.junit.platform.engine.support.hierarchical.ThrowableCollector.execute(ThrowableCollector.java:73)
	at org.junit.platform.engine.support.hierarchical.NodeTestTask.executeRecursively(NodeTestTask.java:138)
	at org.junit.platform.engine.support.hierarchical.NodeTestTask.execute(NodeTestTask.java:95)
	at org.junit.platform.engine.support.hierarchical.SameThreadHierarchicalTestExecutorService.submit(SameThreadHierarchicalTestExecutorService.java:35)
	at org.junit.platform.engine.support.hierarchical.HierarchicalTestExecutor.execute(HierarchicalTestExecutor.java:57)
	at org.junit.platform.engine.support.hierarchical.HierarchicalTestEngine.execute(HierarchicalTestEngine.java:54)
	at org.junit.platform.launcher.core.DefaultLauncher.execute(DefaultLauncher.java:220)
	at org.junit.platform.launcher.core.DefaultLauncher.lambda$execute$6(DefaultLauncher.java:188)
	at org.junit.platform.launcher.core.DefaultLauncher.withInterceptedStreams(DefaultLauncher.java:202)
	at org.junit.platform.launcher.core.DefaultLauncher.execute(DefaultLauncher.java:181)
	at org.junit.platform.launcher.core.DefaultLauncher.execute(DefaultLauncher.java:128)
	at org.apache.maven.surefire.junitplatform.JUnitPlatformProvider.invokeAllTests(JUnitPlatformProvider.java:150)
	at org.apache.maven.surefire.junitplatform.JUnitPlatformProvider.invoke(JUnitPlatformProvider.java:124)
	at org.apache.maven.surefire.booter.ForkedBooter.invokeProviderInSameClassLoader(ForkedBooter.java:384)
	at org.apache.maven.surefire.booter.ForkedBooter.runSuitesInProcess(ForkedBooter.java:345)
	at org.apache.maven.surefire.booter.ForkedBooter.execute(ForkedBooter.java:126)
	at org.apache.maven.surefire.booter.ForkedBooter.main(ForkedBooter.java:418)
Caused by: java.io.IOException: Cannot run program "C:\Program Files (x86)\Google\Chrome\Application\chrome.exe" (in directory "target\chrome_1710186249893"): CreateProcess error=2, El sistema no puede encontrar el archivo especificado
	at java.base/java.lang.ProcessBuilder.start(ProcessBuilder.java:1128)
	at java.base/java.lang.ProcessBuilder.start(ProcessBuilder.java:1071)
	at com.intuit.karate.shell.Command.run(Command.java:353)
Caused by: java.io.IOException: CreateProcess error=2, El sistema no puede encontrar el archivo especificado
	at java.base/java.lang.ProcessImpl.create(Native Method)
	at java.base/java.lang.ProcessImpl.<init>(ProcessImpl.java:492)
	at java.base/java.lang.ProcessImpl.start(ProcessImpl.java:153)
	at java.base/java.lang.ProcessBuilder.start(ProcessBuilder.java:1107)
	... 2 common frames omitted


# Created at 2024-03-11T20:44:15.251
Unexpected IOException with stream: 20:44:15.251 [main] ERROR com.intuit.karate - classpath:external/login.feature:23
Given driver baseUrl + '/login'
driver config / start failed: start failed, options: {type=chrome, executable=C:\Program Files (x86)\Google\Chrome\Application\chrome.exe, addOptions=[--remote-allow-origins=*, --incognito], showDriverLog=true, target=null}
classpath:external/login.feature:23


# Created at 2024-03-11T20:44:15.253
Unexpected IOException: 8,1,external.ExternalRunner,testLogin[1][3],null,driver config / start failed: start failed\002C options: {type=chrome\002C executable=C:\005CProgram Files (x86)\005CGoogle\005CChrome\005CApplication\005Cchrome.exe\002C addOptions=[--remote-allow-origins=*\002C --incognito]\002C showDriverLog=true\002C target=null}\000Aclasspath:external/login.feature:23,null,driver config / start failed: start failed\002C options: {type=chrome\002C executable=C:\005CProgram Files (x86)\005CGoogle\005CChrome\005CApplication\005Cchrome.exe\002C addOptions=[--remote-allow-origins=*\002C --incognito]\002C showDriverLog=true\002C target=null}\000Aclasspath:external/login.feature:23,ExternalRunner driver config / start failed: start failed\002C options: {type=chrome\002C executable=C:\005CProgram Files (x86)\005CGoogle\005CChrome\005CApplication\005Cchrome.exe\002C addOptions=[--remote-allow-origins=*\002C --incognito]\002C showDriverLog=true\002C target=null}\000Aclasspath:external/login.feature:23,org.opentest4j.AssertionFailedError: \000Adriver config / start failed: start failed\002C options: {type=chrome\002C executable=C:\005CProgram Files (x86)\005CGoogle\005CChrome\005CApplication\005Cchrome.exe\002C addOptions=[--remote-allow-origins=*\002C --incognito]\002C showDriverLog=true\002C target=null}\000Aclasspath:external/login.feature:23\000A


# Created at 2024-03-11T20:44:15.253
Unexpected IOException: 5,1,external.ExternalRunner,testLogin[1][4],null,null,null


# Created at 2024-03-11T20:44:15.256
Unexpected IOException with stream: 20:44:15.256 [main] INFO  com.intuit.karate - karate.env system property was: null 


# Created at 2024-03-11T20:44:15.257
Unexpected IOException with stream: 20:44:15.257 [main] DEBUG com.intuit.karate.shell.Command - found / verified free local port: 50691


# Created at 2024-03-11T20:44:15.258
Unexpected IOException with stream: 20:44:15.257 [main] WARN  c.intuit.karate.driver.DriverOptions - preferred port 9222 not available, will use: 50691


# Created at 2024-03-11T20:44:15.258
Unexpected IOException with stream: 20:44:15.258 [main] DEBUG c.i.k.driver.chrome_1710186255257 - poll attempt #0 for port to be ready - localhost:50691


# Created at 2024-03-11T20:44:15.259
Unexpected IOException with stream: 20:44:15.258 [chrome_1710186255257] DEBUG c.i.k.driver.chrome_1710186255257 - command: [C:\Program Files (x86)\Google\Chrome\Application\chrome.exe, --remote-debugging-port=50691, --no-first-run, --user-data-dir=C:\ucm\IW\gg\target\chrome_1710186255257, --disable-popup-blocking, --remote-allow-origins=*, --incognito], working dir: target\chrome_1710186255257


# Created at 2024-03-11T20:44:15.259
Unexpected IOException with stream: 20:44:15.259 [chrome_1710186255257] ERROR com.intuit.karate.shell.Command - command error: [C:\Program Files (x86)\Google\Chrome\Application\chrome.exe, --remote-debugging-port=50691, --no-first-run, --user-data-dir=C:\ucm\IW\gg\target\chrome_1710186255257, --disable-popup-blocking, --remote-allow-origins=*, --incognito] - Cannot run program "C:\Program Files (x86)\Google\Chrome\Application\chrome.exe" (in directory "target\chrome_1710186255257"): CreateProcess error=2, El sistema no puede encontrar el archivo especificado


# Created at 2024-03-11T20:44:20.615
Unexpected IOException with stream: 20:44:20.614 [main] ERROR com.intuit.karate - driver config / start failed: start failed, options: {type=chrome, executable=C:\Program Files (x86)\Google\Chrome\Application\chrome.exe, addOptions=[--remote-allow-origins=*, --incognito], showDriverLog=true, target=null}
com.intuit.karate.KarateException: start failed
	at com.intuit.karate.driver.DriverOptions.startProcess(DriverOptions.java:285)
	at com.intuit.karate.driver.DriverOptions.startProcess(DriverOptions.java:260)
	at com.intuit.karate.driver.chrome.Chrome.start(Chrome.java:68)
	at com.intuit.karate.driver.DriverOptions.start(DriverOptions.java:316)
	at com.intuit.karate.core.ScenarioEngine.driver(ScenarioEngine.java:852)
	at com.intuit.karate.ScenarioActions.driver(ScenarioActions.java:402)
	at java.base/jdk.internal.reflect.NativeMethodAccessorImpl.invoke0(Native Method)
	at java.base/jdk.internal.reflect.NativeMethodAccessorImpl.invoke(NativeMethodAccessorImpl.java:62)
	at java.base/jdk.internal.reflect.DelegatingMethodAccessorImpl.invoke(DelegatingMethodAccessorImpl.java:43)
	at java.base/java.lang.reflect.Method.invoke(Method.java:566)
	at com.intuit.karate.core.StepRuntime.execute(StepRuntime.java:280)
	at com.intuit.karate.core.ScenarioRuntime.execute(ScenarioRuntime.java:459)
	at com.intuit.karate.core.ScenarioRuntime.run(ScenarioRuntime.java:402)
	at com.intuit.karate.junit5.FeatureNode.lambda$next$1(FeatureNode.java:70)
	at org.junit.jupiter.engine.descriptor.DynamicTestTestDescriptor.lambda$execute$0(DynamicTestTestDescriptor.java:53)
	at org.junit.jupiter.engine.execution.InvocationInterceptorChain$ValidatingInvocation.proceed(InvocationInterceptorChain.java:131)
	at org.junit.jupiter.api.extension.InvocationInterceptor.interceptDynamicTest(InvocationInterceptor.java:167)
	at org.junit.jupiter.api.extension.InvocationInterceptor.interceptDynamicTest(InvocationInterceptor.java:184)
	at org.junit.jupiter.engine.descriptor.DynamicTestTestDescriptor.lambda$execute$1(DynamicTestTestDescriptor.java:61)
	at org.junit.jupiter.engine.execution.InvocationInterceptorChain$InterceptorCall.lambda$ofVoid$0(InvocationInterceptorChain.java:78)
	at org.junit.jupiter.engine.execution.InvocationInterceptorChain$InterceptedInvocation.proceed(InvocationInterceptorChain.java:106)
	at org.junit.jupiter.engine.execution.InvocationInterceptorChain.proceed(InvocationInterceptorChain.java:64)
	at org.junit.jupiter.engine.execution.InvocationInterceptorChain.chainAndInvoke(InvocationInterceptorChain.java:45)
	at org.junit.jupiter.engine.execution.InvocationInterceptorChain.invoke(InvocationInterceptorChain.java:37)
	at org.junit.jupiter.engine.descriptor.DynamicTestTestDescriptor.execute(DynamicTestTestDescriptor.java:60)
	at org.junit.jupiter.engine.descriptor.DynamicTestTestDescriptor.execute(DynamicTestTestDescriptor.java:32)
	at org.junit.platform.engine.support.hierarchical.NodeTestTask.lambda$executeRecursively$6(NodeTestTask.java:151)
	at org.junit.platform.engine.support.hierarchical.ThrowableCollector.execute(ThrowableCollector.java:73)
	at org.junit.platform.engine.support.hierarchical.NodeTestTask.lambda$executeRecursively$8(NodeTestTask.java:141)
	at org.junit.platform.engine.support.hierarchical.Node.around(Node.java:137)
	at org.junit.platform.engine.support.hierarchical.NodeTestTask.lambda$executeRecursively$9(NodeTestTask.java:139)
	at org.junit.platform.engine.support.hierarchical.ThrowableCollector.execute(ThrowableCollector.java:73)
	at org.junit.platform.engine.support.hierarchical.NodeTestTask.executeRecursively(NodeTestTask.java:138)
	at org.junit.platform.engine.support.hierarchical.NodeTestTask.execute(NodeTestTask.java:95)
	at org.junit.platform.engine.support.hierarchical.SameThreadHierarchicalTestExecutorService.submit(SameThreadHierarchicalTestExecutorService.java:35)
	at org.junit.platform.engine.support.hierarchical.NodeTestTask$DefaultDynamicTestExecutor.execute(NodeTestTask.java:226)
	at org.junit.platform.engine.support.hierarchical.NodeTestTask$DefaultDynamicTestExecutor.execute(NodeTestTask.java:204)
	at java.base/java.util.stream.ForEachOps$ForEachOp$OfRef.accept(ForEachOps.java:183)
	at java.base/java.util.stream.ReferencePipeline$3$1.accept(ReferencePipeline.java:195)
	at java.base/java.util.stream.ReferencePipeline$2$1.accept(ReferencePipeline.java:177)
	at java.base/java.util.stream.ReferencePipeline$3$1.accept(ReferencePipeline.java:195)
	at java.base/java.util.Iterator.forEachRemaining(Iterator.java:133)
	at java.base/java.util.Spliterators$IteratorSpliterator.forEachRemaining(Spliterators.java:1801)
	at java.base/java.util.stream.AbstractPipeline.copyInto(AbstractPipeline.java:484)
	at java.base/java.util.stream.AbstractPipeline.wrapAndCopyInto(AbstractPipeline.java:474)
	at java.base/java.util.stream.ForEachOps$ForEachOp.evaluateSequential(ForEachOps.java:150)
	at java.base/java.util.stream.ForEachOps$ForEachOp$OfRef.evaluateSequential(ForEachOps.java:173)
	at java.base/java.util.stream.AbstractPipeline.evaluate(AbstractPipeline.java:234)
	at java.base/java.util.stream.ReferencePipeline.forEachOrdered(ReferencePipeline.java:502)
	at org.junit.jupiter.engine.descriptor.DynamicContainerTestDescriptor.execute(DynamicContainerTestDescriptor.java:67)
	at org.junit.jupiter.engine.descriptor.DynamicContainerTestDescriptor.execute(DynamicContainerTestDescriptor.java:33)
	at org.junit.platform.engine.support.hierarchical.NodeTestTask.lambda$executeRecursively$6(NodeTestTask.java:151)
	at org.junit.platform.engine.support.hierarchical.ThrowableCollector.execute(ThrowableCollector.java:73)
	at org.junit.platform.engine.support.hierarchical.NodeTestTask.lambda$executeRecursively$8(NodeTestTask.java:141)
	at org.junit.platform.engine.support.hierarchical.Node.around(Node.java:137)
	at org.junit.platform.engine.support.hierarchical.NodeTestTask.lambda$executeRecursively$9(NodeTestTask.java:139)
	at org.junit.platform.engine.support.hierarchical.ThrowableCollector.execute(ThrowableCollector.java:73)
	at org.junit.platform.engine.support.hierarchical.NodeTestTask.executeRecursively(NodeTestTask.java:138)
	at org.junit.platform.engine.support.hierarchical.NodeTestTask.execute(NodeTestTask.java:95)
	at org.junit.platform.engine.support.hierarchical.SameThreadHierarchicalTestExecutorService.submit(SameThreadHierarchicalTestExecutorService.java:35)
	at org.junit.platform.engine.support.hierarchical.NodeTestTask$DefaultDynamicTestExecutor.execute(NodeTestTask.java:226)
	at org.junit.platform.engine.support.hierarchical.NodeTestTask$DefaultDynamicTestExecutor.execute(NodeTestTask.java:204)
	at java.base/java.util.Optional.ifPresent(Optional.java:183)
	at org.junit.jupiter.engine.descriptor.TestFactoryTestDescriptor.lambda$invokeTestMethod$1(TestFactoryTestDescriptor.java:108)
	at org.junit.platform.engine.support.hierarchical.ThrowableCollector.execute(ThrowableCollector.java:73)
	at org.junit.jupiter.engine.descriptor.TestFactoryTestDescriptor.invokeTestMethod(TestFactoryTestDescriptor.java:95)
	at org.junit.jupiter.engine.descriptor.TestMethodTestDescriptor.execute(TestMethodTestDescriptor.java:135)
	at org.junit.jupiter.engine.descriptor.TestMethodTestDescriptor.execute(TestMethodTestDescriptor.java:66)
	at org.junit.platform.engine.support.hierarchical.NodeTestTask.lambda$executeRecursively$6(NodeTestTask.java:151)
	at org.junit.platform.engine.support.hierarchical.ThrowableCollector.execute(ThrowableCollector.java:73)
	at org.junit.platform.engine.support.hierarchical.NodeTestTask.lambda$executeRecursively$8(NodeTestTask.java:141)
	at org.junit.platform.engine.support.hierarchical.Node.around(Node.java:137)
	at org.junit.platform.engine.support.hierarchical.NodeTestTask.lambda$executeRecursively$9(NodeTestTask.java:139)
	at org.junit.platform.engine.support.hierarchical.ThrowableCollector.execute(ThrowableCollector.java:73)
	at org.junit.platform.engine.support.hierarchical.NodeTestTask.executeRecursively(NodeTestTask.java:138)
	at org.junit.platform.engine.support.hierarchical.NodeTestTask.execute(NodeTestTask.java:95)
	at java.base/java.util.ArrayList.forEach(ArrayList.java:1541)
	at org.junit.platform.engine.support.hierarchical.SameThreadHierarchicalTestExecutorService.invokeAll(SameThreadHierarchicalTestExecutorService.java:41)
	at org.junit.platform.engine.support.hierarchical.NodeTestTask.lambda$executeRecursively$6(NodeTestTask.java:155)
	at org.junit.platform.engine.support.hierarchical.ThrowableCollector.execute(ThrowableCollector.java:73)
	at org.junit.platform.engine.support.hierarchical.NodeTestTask.lambda$executeRecursively$8(NodeTestTask.java:141)
	at org.junit.platform.engine.support.hierarchical.Node.around(Node.java:137)
	at org.junit.platform.engine.support.hierarchical.NodeTestTask.lambda$executeRecursively$9(NodeTestTask.java:139)
	at org.junit.platform.engine.support.hierarchical.ThrowableCollector.execute(ThrowableCollector.java:73)
	at org.junit.platform.engine.support.hierarchical.NodeTestTask.executeRecursively(NodeTestTask.java:138)
	at org.junit.platform.engine.support.hierarchical.NodeTestTask.execute(NodeTestTask.java:95)
	at java.base/java.util.ArrayList.forEach(ArrayList.java:1541)
	at org.junit.platform.engine.support.hierarchical.SameThreadHierarchicalTestExecutorService.invokeAll(SameThreadHierarchicalTestExecutorService.java:41)
	at org.junit.platform.engine.support.hierarchical.NodeTestTask.lambda$executeRecursively$6(NodeTestTask.java:155)
	at org.junit.platform.engine.support.hierarchical.ThrowableCollector.execute(ThrowableCollector.java:73)
	at org.junit.platform.engine.support.hierarchical.NodeTestTask.lambda$executeRecursively$8(NodeTestTask.java:141)
	at org.junit.platform.engine.support.hierarchical.Node.around(Node.java:137)
	at org.junit.platform.engine.support.hierarchical.NodeTestTask.lambda$executeRecursively$9(NodeTestTask.java:139)
	at org.junit.platform.engine.support.hierarchical.ThrowableCollector.execute(ThrowableCollector.java:73)
	at org.junit.platform.engine.support.hierarchical.NodeTestTask.executeRecursively(NodeTestTask.java:138)
	at org.junit.platform.engine.support.hierarchical.NodeTestTask.execute(NodeTestTask.java:95)
	at org.junit.platform.engine.support.hierarchical.SameThreadHierarchicalTestExecutorService.submit(SameThreadHierarchicalTestExecutorService.java:35)
	at org.junit.platform.engine.support.hierarchical.HierarchicalTestExecutor.execute(HierarchicalTestExecutor.java:57)
	at org.junit.platform.engine.support.hierarchical.HierarchicalTestEngine.execute(HierarchicalTestEngine.java:54)
	at org.junit.platform.launcher.core.DefaultLauncher.execute(DefaultLauncher.java:220)
	at org.junit.platform.launcher.core.DefaultLauncher.lambda$execute$6(DefaultLauncher.java:188)
	at org.junit.platform.launcher.core.DefaultLauncher.withInterceptedStreams(DefaultLauncher.java:202)
	at org.junit.platform.launcher.core.DefaultLauncher.execute(DefaultLauncher.java:181)
	at org.junit.platform.launcher.core.DefaultLauncher.execute(DefaultLauncher.java:128)
	at org.apache.maven.surefire.junitplatform.JUnitPlatformProvider.invokeAllTests(JUnitPlatformProvider.java:150)
	at org.apache.maven.surefire.junitplatform.JUnitPlatformProvider.invoke(JUnitPlatformProvider.java:124)
	at org.apache.maven.surefire.booter.ForkedBooter.invokeProviderInSameClassLoader(ForkedBooter.java:384)
	at org.apache.maven.surefire.booter.ForkedBooter.runSuitesInProcess(ForkedBooter.java:345)
	at org.apache.maven.surefire.booter.ForkedBooter.execute(ForkedBooter.java:126)
	at org.apache.maven.surefire.booter.ForkedBooter.main(ForkedBooter.java:418)
Caused by: java.io.IOException: Cannot run program "C:\Program Files (x86)\Google\Chrome\Application\chrome.exe" (in directory "target\chrome_1710186255257"): CreateProcess error=2, El sistema no puede encontrar el archivo especificado
	at java.base/java.lang.ProcessBuilder.start(ProcessBuilder.java:1128)
	at java.base/java.lang.ProcessBuilder.start(ProcessBuilder.java:1071)
	at com.intuit.karate.shell.Command.run(Command.java:353)
Caused by: java.io.IOException: CreateProcess error=2, El sistema no puede encontrar el archivo especificado
	at java.base/java.lang.ProcessImpl.create(Native Method)
	at java.base/java.lang.ProcessImpl.<init>(ProcessImpl.java:492)
	at java.base/java.lang.ProcessImpl.start(ProcessImpl.java:153)
	at java.base/java.lang.ProcessBuilder.start(ProcessBuilder.java:1107)
	... 2 common frames omitted


# Created at 2024-03-11T20:44:20.616
Unexpected IOException with stream: 20:44:20.615 [main] ERROR com.intuit.karate - classpath:external/login.feature:31
Given driver baseUrl + '/login'
driver config / start failed: start failed, options: {type=chrome, executable=C:\Program Files (x86)\Google\Chrome\Application\chrome.exe, addOptions=[--remote-allow-origins=*, --incognito], showDriverLog=true, target=null}
classpath:external/login.feature:31


# Created at 2024-03-11T20:44:20.616
Unexpected IOException: 8,1,external.ExternalRunner,testLogin[1][4],null,driver config / start failed: start failed\002C options: {type=chrome\002C executable=C:\005CProgram Files (x86)\005CGoogle\005CChrome\005CApplication\005Cchrome.exe\002C addOptions=[--remote-allow-origins=*\002C --incognito]\002C showDriverLog=true\002C target=null}\000Aclasspath:external/login.feature:31,null,driver config / start failed: start failed\002C options: {type=chrome\002C executable=C:\005CProgram Files (x86)\005CGoogle\005CChrome\005CApplication\005Cchrome.exe\002C addOptions=[--remote-allow-origins=*\002C --incognito]\002C showDriverLog=true\002C target=null}\000Aclasspath:external/login.feature:31,ExternalRunner driver config / start failed: start failed\002C options: {type=chrome\002C executable=C:\005CProgram Files (x86)\005CGoogle\005CChrome\005CApplication\005Cchrome.exe\002C addOptions=[--remote-allow-origins=*\002C --incognito]\002C showDriverLog=true\002C target=null}\000Aclasspath:external/login.feature:31,org.opentest4j.AssertionFailedError: \000Adriver config / start failed: start failed\002C options: {type=chrome\002C executable=C:\005CProgram Files (x86)\005CGoogle\005CChrome\005CApplication\005Cchrome.exe\002C addOptions=[--remote-allow-origins=*\002C --incognito]\002C showDriverLog=true\002C target=null}\000Aclasspath:external/login.feature:31\000A


# Created at 2024-03-11T20:44:20.617
Unexpected IOException: 5,1,external.ExternalRunner,testLogin[1][5],null,null,null


# Created at 2024-03-11T20:44:20.620
Unexpected IOException with stream: 20:44:20.620 [main] INFO  com.intuit.karate - karate.env system property was: null 


# Created at 2024-03-11T20:44:20.622
Unexpected IOException with stream: 20:44:20.622 [main] DEBUG com.intuit.karate.shell.Command - found / verified free local port: 50693


# Created at 2024-03-11T20:44:20.622
Unexpected IOException with stream: 20:44:20.622 [main] WARN  c.intuit.karate.driver.DriverOptions - preferred port 9222 not available, will use: 50693


# Created at 2024-03-11T20:44:20.623
Unexpected IOException with stream: 20:44:20.623 [main] DEBUG c.i.k.driver.chrome_1710186260622 - poll attempt #0 for port to be ready - localhost:50693


# Created at 2024-03-11T20:44:20.623
Unexpected IOException with stream: 20:44:20.623 [chrome_1710186260622] DEBUG c.i.k.driver.chrome_1710186260622 - command: [C:\Program Files (x86)\Google\Chrome\Application\chrome.exe, --remote-debugging-port=50693, --no-first-run, --user-data-dir=C:\ucm\IW\gg\target\chrome_1710186260622, --disable-popup-blocking, --remote-allow-origins=*, --incognito], working dir: target\chrome_1710186260622


# Created at 2024-03-11T20:44:20.624
Unexpected IOException with stream: 20:44:20.624 [chrome_1710186260622] ERROR com.intuit.karate.shell.Command - command error: [C:\Program Files (x86)\Google\Chrome\Application\chrome.exe, --remote-debugging-port=50693, --no-first-run, --user-data-dir=C:\ucm\IW\gg\target\chrome_1710186260622, --disable-popup-blocking, --remote-allow-origins=*, --incognito] - Cannot run program "C:\Program Files (x86)\Google\Chrome\Application\chrome.exe" (in directory "target\chrome_1710186260622"): CreateProcess error=2, El sistema no puede encontrar el archivo especificado


# Created at 2024-03-11T20:44:26.027
Unexpected IOException with stream: 20:44:26.026 [main] ERROR com.intuit.karate - driver config / start failed: start failed, options: {type=chrome, executable=C:\Program Files (x86)\Google\Chrome\Application\chrome.exe, addOptions=[--remote-allow-origins=*, --incognito], showDriverLog=true, target=null}
com.intuit.karate.KarateException: start failed
	at com.intuit.karate.driver.DriverOptions.startProcess(DriverOptions.java:285)
	at com.intuit.karate.driver.DriverOptions.startProcess(DriverOptions.java:260)
	at com.intuit.karate.driver.chrome.Chrome.start(Chrome.java:68)
	at com.intuit.karate.driver.DriverOptions.start(DriverOptions.java:316)
	at com.intuit.karate.core.ScenarioEngine.driver(ScenarioEngine.java:852)
	at com.intuit.karate.ScenarioActions.driver(ScenarioActions.java:402)
	at java.base/jdk.internal.reflect.NativeMethodAccessorImpl.invoke0(Native Method)
	at java.base/jdk.internal.reflect.NativeMethodAccessorImpl.invoke(NativeMethodAccessorImpl.java:62)
	at java.base/jdk.internal.reflect.DelegatingMethodAccessorImpl.invoke(DelegatingMethodAccessorImpl.java:43)
	at java.base/java.lang.reflect.Method.invoke(Method.java:566)
	at com.intuit.karate.core.StepRuntime.execute(StepRuntime.java:280)
	at com.intuit.karate.core.ScenarioRuntime.execute(ScenarioRuntime.java:459)
	at com.intuit.karate.core.ScenarioRuntime.run(ScenarioRuntime.java:402)
	at com.intuit.karate.junit5.FeatureNode.lambda$next$1(FeatureNode.java:70)
	at org.junit.jupiter.engine.descriptor.DynamicTestTestDescriptor.lambda$execute$0(DynamicTestTestDescriptor.java:53)
	at org.junit.jupiter.engine.execution.InvocationInterceptorChain$ValidatingInvocation.proceed(InvocationInterceptorChain.java:131)
	at org.junit.jupiter.api.extension.InvocationInterceptor.interceptDynamicTest(InvocationInterceptor.java:167)
	at org.junit.jupiter.api.extension.InvocationInterceptor.interceptDynamicTest(InvocationInterceptor.java:184)
	at org.junit.jupiter.engine.descriptor.DynamicTestTestDescriptor.lambda$execute$1(DynamicTestTestDescriptor.java:61)
	at org.junit.jupiter.engine.execution.InvocationInterceptorChain$InterceptorCall.lambda$ofVoid$0(InvocationInterceptorChain.java:78)
	at org.junit.jupiter.engine.execution.InvocationInterceptorChain$InterceptedInvocation.proceed(InvocationInterceptorChain.java:106)
	at org.junit.jupiter.engine.execution.InvocationInterceptorChain.proceed(InvocationInterceptorChain.java:64)
	at org.junit.jupiter.engine.execution.InvocationInterceptorChain.chainAndInvoke(InvocationInterceptorChain.java:45)
	at org.junit.jupiter.engine.execution.InvocationInterceptorChain.invoke(InvocationInterceptorChain.java:37)
	at org.junit.jupiter.engine.descriptor.DynamicTestTestDescriptor.execute(DynamicTestTestDescriptor.java:60)
	at org.junit.jupiter.engine.descriptor.DynamicTestTestDescriptor.execute(DynamicTestTestDescriptor.java:32)
	at org.junit.platform.engine.support.hierarchical.NodeTestTask.lambda$executeRecursively$6(NodeTestTask.java:151)
	at org.junit.platform.engine.support.hierarchical.ThrowableCollector.execute(ThrowableCollector.java:73)
	at org.junit.platform.engine.support.hierarchical.NodeTestTask.lambda$executeRecursively$8(NodeTestTask.java:141)
	at org.junit.platform.engine.support.hierarchical.Node.around(Node.java:137)
	at org.junit.platform.engine.support.hierarchical.NodeTestTask.lambda$executeRecursively$9(NodeTestTask.java:139)
	at org.junit.platform.engine.support.hierarchical.ThrowableCollector.execute(ThrowableCollector.java:73)
	at org.junit.platform.engine.support.hierarchical.NodeTestTask.executeRecursively(NodeTestTask.java:138)
	at org.junit.platform.engine.support.hierarchical.NodeTestTask.execute(NodeTestTask.java:95)
	at org.junit.platform.engine.support.hierarchical.SameThreadHierarchicalTestExecutorService.submit(SameThreadHierarchicalTestExecutorService.java:35)
	at org.junit.platform.engine.support.hierarchical.NodeTestTask$DefaultDynamicTestExecutor.execute(NodeTestTask.java:226)
	at org.junit.platform.engine.support.hierarchical.NodeTestTask$DefaultDynamicTestExecutor.execute(NodeTestTask.java:204)
	at java.base/java.util.stream.ForEachOps$ForEachOp$OfRef.accept(ForEachOps.java:183)
	at java.base/java.util.stream.ReferencePipeline$3$1.accept(ReferencePipeline.java:195)
	at java.base/java.util.stream.ReferencePipeline$2$1.accept(ReferencePipeline.java:177)
	at java.base/java.util.stream.ReferencePipeline$3$1.accept(ReferencePipeline.java:195)
	at java.base/java.util.Iterator.forEachRemaining(Iterator.java:133)
	at java.base/java.util.Spliterators$IteratorSpliterator.forEachRemaining(Spliterators.java:1801)
	at java.base/java.util.stream.AbstractPipeline.copyInto(AbstractPipeline.java:484)
	at java.base/java.util.stream.AbstractPipeline.wrapAndCopyInto(AbstractPipeline.java:474)
	at java.base/java.util.stream.ForEachOps$ForEachOp.evaluateSequential(ForEachOps.java:150)
	at java.base/java.util.stream.ForEachOps$ForEachOp$OfRef.evaluateSequential(ForEachOps.java:173)
	at java.base/java.util.stream.AbstractPipeline.evaluate(AbstractPipeline.java:234)
	at java.base/java.util.stream.ReferencePipeline.forEachOrdered(ReferencePipeline.java:502)
	at org.junit.jupiter.engine.descriptor.DynamicContainerTestDescriptor.execute(DynamicContainerTestDescriptor.java:67)
	at org.junit.jupiter.engine.descriptor.DynamicContainerTestDescriptor.execute(DynamicContainerTestDescriptor.java:33)
	at org.junit.platform.engine.support.hierarchical.NodeTestTask.lambda$executeRecursively$6(NodeTestTask.java:151)
	at org.junit.platform.engine.support.hierarchical.ThrowableCollector.execute(ThrowableCollector.java:73)
	at org.junit.platform.engine.support.hierarchical.NodeTestTask.lambda$executeRecursively$8(NodeTestTask.java:141)
	at org.junit.platform.engine.support.hierarchical.Node.around(Node.java:137)
	at org.junit.platform.engine.support.hierarchical.NodeTestTask.lambda$executeRecursively$9(NodeTestTask.java:139)
	at org.junit.platform.engine.support.hierarchical.ThrowableCollector.execute(ThrowableCollector.java:73)
	at org.junit.platform.engine.support.hierarchical.NodeTestTask.executeRecursively(NodeTestTask.java:138)
	at org.junit.platform.engine.support.hierarchical.NodeTestTask.execute(NodeTestTask.java:95)
	at org.junit.platform.engine.support.hierarchical.SameThreadHierarchicalTestExecutorService.submit(SameThreadHierarchicalTestExecutorService.java:35)
	at org.junit.platform.engine.support.hierarchical.NodeTestTask$DefaultDynamicTestExecutor.execute(NodeTestTask.java:226)
	at org.junit.platform.engine.support.hierarchical.NodeTestTask$DefaultDynamicTestExecutor.execute(NodeTestTask.java:204)
	at java.base/java.util.Optional.ifPresent(Optional.java:183)
	at org.junit.jupiter.engine.descriptor.TestFactoryTestDescriptor.lambda$invokeTestMethod$1(TestFactoryTestDescriptor.java:108)
	at org.junit.platform.engine.support.hierarchical.ThrowableCollector.execute(ThrowableCollector.java:73)
	at org.junit.jupiter.engine.descriptor.TestFactoryTestDescriptor.invokeTestMethod(TestFactoryTestDescriptor.java:95)
	at org.junit.jupiter.engine.descriptor.TestMethodTestDescriptor.execute(TestMethodTestDescriptor.java:135)
	at org.junit.jupiter.engine.descriptor.TestMethodTestDescriptor.execute(TestMethodTestDescriptor.java:66)
	at org.junit.platform.engine.support.hierarchical.NodeTestTask.lambda$executeRecursively$6(NodeTestTask.java:151)
	at org.junit.platform.engine.support.hierarchical.ThrowableCollector.execute(ThrowableCollector.java:73)
	at org.junit.platform.engine.support.hierarchical.NodeTestTask.lambda$executeRecursively$8(NodeTestTask.java:141)
	at org.junit.platform.engine.support.hierarchical.Node.around(Node.java:137)
	at org.junit.platform.engine.support.hierarchical.NodeTestTask.lambda$executeRecursively$9(NodeTestTask.java:139)
	at org.junit.platform.engine.support.hierarchical.ThrowableCollector.execute(ThrowableCollector.java:73)
	at org.junit.platform.engine.support.hierarchical.NodeTestTask.executeRecursively(NodeTestTask.java:138)
	at org.junit.platform.engine.support.hierarchical.NodeTestTask.execute(NodeTestTask.java:95)
	at java.base/java.util.ArrayList.forEach(ArrayList.java:1541)
	at org.junit.platform.engine.support.hierarchical.SameThreadHierarchicalTestExecutorService.invokeAll(SameThreadHierarchicalTestExecutorService.java:41)
	at org.junit.platform.engine.support.hierarchical.NodeTestTask.lambda$executeRecursively$6(NodeTestTask.java:155)
	at org.junit.platform.engine.support.hierarchical.ThrowableCollector.execute(ThrowableCollector.java:73)
	at org.junit.platform.engine.support.hierarchical.NodeTestTask.lambda$executeRecursively$8(NodeTestTask.java:141)
	at org.junit.platform.engine.support.hierarchical.Node.around(Node.java:137)
	at org.junit.platform.engine.support.hierarchical.NodeTestTask.lambda$executeRecursively$9(NodeTestTask.java:139)
	at org.junit.platform.engine.support.hierarchical.ThrowableCollector.execute(ThrowableCollector.java:73)
	at org.junit.platform.engine.support.hierarchical.NodeTestTask.executeRecursively(NodeTestTask.java:138)
	at org.junit.platform.engine.support.hierarchical.NodeTestTask.execute(NodeTestTask.java:95)
	at java.base/java.util.ArrayList.forEach(ArrayList.java:1541)
	at org.junit.platform.engine.support.hierarchical.SameThreadHierarchicalTestExecutorService.invokeAll(SameThreadHierarchicalTestExecutorService.java:41)
	at org.junit.platform.engine.support.hierarchical.NodeTestTask.lambda$executeRecursively$6(NodeTestTask.java:155)
	at org.junit.platform.engine.support.hierarchical.ThrowableCollector.execute(ThrowableCollector.java:73)
	at org.junit.platform.engine.support.hierarchical.NodeTestTask.lambda$executeRecursively$8(NodeTestTask.java:141)
	at org.junit.platform.engine.support.hierarchical.Node.around(Node.java:137)
	at org.junit.platform.engine.support.hierarchical.NodeTestTask.lambda$executeRecursively$9(NodeTestTask.java:139)
	at org.junit.platform.engine.support.hierarchical.ThrowableCollector.execute(ThrowableCollector.java:73)
	at org.junit.platform.engine.support.hierarchical.NodeTestTask.executeRecursively(NodeTestTask.java:138)
	at org.junit.platform.engine.support.hierarchical.NodeTestTask.execute(NodeTestTask.java:95)
	at org.junit.platform.engine.support.hierarchical.SameThreadHierarchicalTestExecutorService.submit(SameThreadHierarchicalTestExecutorService.java:35)
	at org.junit.platform.engine.support.hierarchical.HierarchicalTestExecutor.execute(HierarchicalTestExecutor.java:57)
	at org.junit.platform.engine.support.hierarchical.HierarchicalTestEngine.execute(HierarchicalTestEngine.java:54)
	at org.junit.platform.launcher.core.DefaultLauncher.execute(DefaultLauncher.java:220)
	at org.junit.platform.launcher.core.DefaultLauncher.lambda$execute$6(DefaultLauncher.java:188)
	at org.junit.platform.launcher.core.DefaultLauncher.withInterceptedStreams(DefaultLauncher.java:202)
	at org.junit.platform.launcher.core.DefaultLauncher.execute(DefaultLauncher.java:181)
	at org.junit.platform.launcher.core.DefaultLauncher.execute(DefaultLauncher.java:128)
	at org.apache.maven.surefire.junitplatform.JUnitPlatformProvider.invokeAllTests(JUnitPlatformProvider.java:150)
	at org.apache.maven.surefire.junitplatform.JUnitPlatformProvider.invoke(JUnitPlatformProvider.java:124)
	at org.apache.maven.surefire.booter.ForkedBooter.invokeProviderInSameClassLoader(ForkedBooter.java:384)
	at org.apache.maven.surefire.booter.ForkedBooter.runSuitesInProcess(ForkedBooter.java:345)
	at org.apache.maven.surefire.booter.ForkedBooter.execute(ForkedBooter.java:126)
	at org.apache.maven.surefire.booter.ForkedBooter.main(ForkedBooter.java:418)
Caused by: java.io.IOException: Cannot run program "C:\Program Files (x86)\Google\Chrome\Application\chrome.exe" (in directory "target\chrome_1710186260622"): CreateProcess error=2, El sistema no puede encontrar el archivo especificado
	at java.base/java.lang.ProcessBuilder.start(ProcessBuilder.java:1128)
	at java.base/java.lang.ProcessBuilder.start(ProcessBuilder.java:1071)
	at com.intuit.karate.shell.Command.run(Command.java:353)
Caused by: java.io.IOException: CreateProcess error=2, El sistema no puede encontrar el archivo especificado
	at java.base/java.lang.ProcessImpl.create(Native Method)
	at java.base/java.lang.ProcessImpl.<init>(ProcessImpl.java:492)
	at java.base/java.lang.ProcessImpl.start(ProcessImpl.java:153)
	at java.base/java.lang.ProcessBuilder.start(ProcessBuilder.java:1107)
	... 2 common frames omitted


# Created at 2024-03-11T20:44:26.027
Unexpected IOException with stream: 20:44:26.027 [main] ERROR com.intuit.karate - classpath:external/login.feature:38
Given driver baseUrl + '/login'
driver config / start failed: start failed, options: {type=chrome, executable=C:\Program Files (x86)\Google\Chrome\Application\chrome.exe, addOptions=[--remote-allow-origins=*, --incognito], showDriverLog=true, target=null}
classpath:external/login.feature:38


# Created at 2024-03-11T20:44:26.401
Unexpected IOException with stream: ---------------------------------------------------------
feature: classpath:external/login.feature
scenarios:  5 | passed:  0 | failed:  5 | time: 26,8177
---------------------------------------------------------


# Created at 2024-03-11T20:44:26.402
Unexpected IOException with stream: 


# Created at 2024-03-11T20:44:26.423
Unexpected IOException with stream: Karate version: 1.1.0


# Created at 2024-03-11T20:44:26.423
Unexpected IOException with stream: ======================================================


# Created at 2024-03-11T20:44:26.423
Unexpected IOException with stream: elapsed:  27,85 | threads:    1 | thread time: 26,82 


# Created at 2024-03-11T20:44:26.424
Unexpected IOException with stream: features:     1 | skipped:    0 | efficiency: 0,96


# Created at 2024-03-11T20:44:26.424
Unexpected IOException with stream: scenarios:    5 | passed:     0 | failed: 5


# Created at 2024-03-11T20:44:26.424
Unexpected IOException with stream: ======================================================


# Created at 2024-03-11T20:44:26.424
Unexpected IOException with stream: >>> failed features:


# Created at 2024-03-11T20:44:26.425
Unexpected IOException with stream: driver config / start failed: start failed, options: {type=chrome, executable=C:\Program Files (x86)\Google\Chrome\Application\chrome.exe, addOptions=[--remote-allow-origins=*, --incognito], showDriverLog=true, target=null}
classpath:external/login.feature:7
driver config / start failed: start failed, options: {type=chrome, executable=C:\Program Files (x86)\Google\Chrome\Application\chrome.exe, addOptions=[--remote-allow-origins=*, --incognito], showDriverLog=true, target=null}
classpath:external/login.feature:15
driver config / start failed: start failed, options: {type=chrome, executable=C:\Program Files (x86)\Google\Chrome\Application\chrome.exe, addOptions=[--remote-allow-origins=*, --incognito], showDriverLog=true, target=null}
classpath:external/login.feature:23
driver config / start failed: start failed, options: {type=chrome, executable=C:\Program Files (x86)\Google\Chrome\Application\chrome.exe, addOptions=[--remote-allow-origins=*, --incognito], showDriverLog=true, target=null}
classpath:external/login.feature:31
driver config / start failed: start failed, options: {type=chrome, executable=C:\Program Files (x86)\Google\Chrome\Application\chrome.exe, addOptions=[--remote-allow-origins=*, --incognito], showDriverLog=true, target=null}
classpath:external/login.feature:38


# Created at 2024-03-11T20:44:26.425
Unexpected IOException with stream: <<<


# Created at 2024-03-11T20:44:26.468
Unexpected IOException with stream: 
HTML report: (paste into browser to view) | Karate version: 1.1.0
file:///C:/ucm/IW/gg/target/karate-reports/karate-summary.html
===================================================================



# Created at 2024-03-11T20:44:26.468
Unexpected IOException: 8,1,external.ExternalRunner,testLogin[1][5],null,driver config / start failed: start failed\002C options: {type=chrome\002C executable=C:\005CProgram Files (x86)\005CGoogle\005CChrome\005CApplication\005Cchrome.exe\002C addOptions=[--remote-allow-origins=*\002C --incognito]\002C showDriverLog=true\002C target=null}\000Aclasspath:external/login.feature:38,null,driver config / start failed: start failed\002C options: {type=chrome\002C executable=C:\005CProgram Files (x86)\005CGoogle\005CChrome\005CApplication\005Cchrome.exe\002C addOptions=[--remote-allow-origins=*\002C --incognito]\002C showDriverLog=true\002C target=null}\000Aclasspath:external/login.feature:38,ExternalRunner driver config / start failed: start failed\002C options: {type=chrome\002C executable=C:\005CProgram Files (x86)\005CGoogle\005CChrome\005CApplication\005Cchrome.exe\002C addOptions=[--remote-allow-origins=*\002C --incognito]\002C showDriverLog=true\002C target=null}\000Aclasspath:external/login.feature:38,org.opentest4j.AssertionFailedError: \000Adriver config / start failed: start failed\002C options: {type=chrome\002C executable=C:\005CProgram Files (x86)\005CGoogle\005CChrome\005CApplication\005Cchrome.exe\002C addOptions=[--remote-allow-origins=*\002C --incognito]\002C showDriverLog=true\002C target=null}\000Aclasspath:external/login.feature:38\000A


# Created at 2024-03-11T20:44:26.477
Unexpected IOException with stream: 20:44:26.477 [main] DEBUG com.intuit.karate.Suite - [config] classpath:karate-config.js


# Created at 2024-03-11T20:44:26.478
Unexpected IOException: 5,1,external.ExternalRunner,testGuia[1][1],null,null,null


# Created at 2024-03-11T20:44:26.482
Unexpected IOException with stream: 20:44:26.482 [main] INFO  com.intuit.karate - karate.env system property was: null 


# Created at 2024-03-11T20:44:26.486
Unexpected IOException with stream: 20:44:26.485 [main] DEBUG com.intuit.karate.shell.Command - found / verified free local port: 51045


# Created at 2024-03-11T20:44:26.486
Unexpected IOException with stream: 20:44:26.486 [main] WARN  c.intuit.karate.driver.DriverOptions - preferred port 9222 not available, will use: 51045


# Created at 2024-03-11T20:44:26.487
Unexpected IOException with stream: 20:44:26.486 [main] DEBUG c.i.k.driver.chrome_1710186266485 - poll attempt #0 for port to be ready - localhost:51045


# Created at 2024-03-11T20:44:26.487
Unexpected IOException with stream: 20:44:26.487 [chrome_1710186266485] DEBUG c.i.k.driver.chrome_1710186266485 - command: [C:\Program Files\Google\Chrome\Application\chrome.exe, --remote-debugging-port=51045, --no-first-run, --user-data-dir=C:\ucm\IW\gg\target\chrome_1710186266485, --disable-popup-blocking, --remote-allow-origins=*, --incognito], working dir: target\chrome_1710186266485


# Created at 2024-03-11T20:44:26.636
Unexpected IOException with stream: 20:44:26.635 [chrome_1710186266485-out] DEBUG c.i.k.driver.chrome_1710186266485 - 


# Created at 2024-03-11T20:44:26.637
Unexpected IOException with stream: 20:44:26.636 [chrome_1710186266485-out] DEBUG c.i.k.driver.chrome_1710186266485 - DevTools listening on ws://127.0.0.1:51045/devtools/browser/d7a9966c-237b-4acd-906c-a3995cf88e4b


# Created at 2024-03-11T20:44:26.740
Unexpected IOException with stream: 20:44:26.740 [main] DEBUG c.i.k.driver.chrome_1710186266485 - poll attempt #1 for port to be ready - localhost:51045


# Created at 2024-03-11T20:44:26.998
Unexpected IOException with stream: 20:44:26.998 [main] DEBUG com.intuit.karate - request:
1 > GET http://localhost:51045/json
1 > Host: localhost:51045
1 > Connection: Keep-Alive
1 > User-Agent: Apache-HttpClient/4.5.13 (Java/11.0.21)
1 > Accept-Encoding: gzip,deflate




# Created at 2024-03-11T20:44:27.014
Unexpected IOException with stream: 20:44:27.013 [main] DEBUG com.intuit.karate - response time in milliseconds: 14
1 < 200
1 < Content-Security-Policy: frame-ancestors 'none'
1 < Content-Length: 2557
1 < Content-Type: application/json; charset=UTF-8
[ {
   "description": "",
   "devtoolsFrontendUrl": "/devtools/inspector.html?ws=localhost:51045/devtools/page/2D12B0ACB652F6FA3CE0EB05434EBF43",
   "id": "2D12B0ACB652F6FA3CE0EB05434EBF43",
   "title": "Google Network Speech",
   "type": "background_page",
   "url": "chrome-extension://neajdppkdcdipfabeoofebfddakdcjhd/_generated_background_page.html",
   "webSocketDebuggerUrl": "ws://localhost:51045/devtools/page/2D12B0ACB652F6FA3CE0EB05434EBF43"
}, {
   "description": "",
   "devtoolsFrontendUrl": "/devtools/inspector.html?ws=localhost:51045/devtools/page/80359B15B9D198A05C877F7BBABDC4BC",
   "id": "80359B15B9D198A05C877F7BBABDC4BC",
   "title": "Google Hangouts",
   "type": "background_page",
   "url": "chrome-extension://nkeimhogjdpnpccoofpliimaahmaaome/background.html",
   "webSocketDebuggerUrl": "ws://localhost:51045/devtools/page/80359B15B9D198A05C877F7BBABDC4BC"
}, {
   "description": "",
   "devtoolsFrontendUrl": "/devtools/inspector.html?ws=localhost:51045/devtools/page/B4A33C4BDF5988D475F0ABA30BA120CA",
   "id": "B4A33C4BDF5988D475F0ABA30BA120CA",
   "title": "Google Hangouts",
   "type": "background_page",
   "url": "chrome-extension://nkeimhogjdpnpccoofpliimaahmaaome/background.html",
   "webSocketDebuggerUrl": "ws://localhost:51045/devtools/page/B4A33C4BDF5988D475F0ABA30BA120CA"
}, {
   "description": "",
   "devtoolsFrontendUrl": "/devtools/inspector.html?ws=localhost:51045/devtools/page/C4263E638582C4E709BE2715499EC578",
   "faviconUrl": "data:image/svg+xml;base64,PHN2ZyB4bWxucz0iaHR0cDovL3d3dy53My5vcmcvMjAwMC9zdmciIGhlaWdodD0iMjQiIHZpZXdCb3g9IjAgMCAyNCAyNCIgd2lkdGg9IjI0IiBmaWxsPSIjNDU1QTY0Ij48cGF0aCBmaWxsPSJub25lIiBkPSJNMCAwaDI0djI0SDB6Ii8+PHBhdGggZD0iTTMgMTFoMTh2MUgzem0xNC42Mi0xLTIuMjktNi4xYy0uMTktLjUtLjc0LS43Ny0xLjI1LS42TDEyIDRsLTIuMDktLjdjLS41MS0uMTctMS4wNi4xLTEuMjUuNkw2LjM4IDEwaDExLjI0em0tMS4xMiAzYy0xLjY2IDAtMy4wNCAxLjE2LTMuNCAyLjcxLS44NC0uMzYtMS42Mi0uMjYtMi4yLS4wMUEzLjUwMyAzLjUwMyAwIDAgMCA3LjUgMTNDNS41NyAxMyA0IDE0LjU3IDQgMTYuNVM1LjU3IDIwIDcuNSAyMGMxLjg0IDAgMy4zMy0xLjQyIDMuNDctMy4yMi4zLS4yMSAxLjA5LS42IDIuMDYuMDIuMTYgMS43OSAxLjY0IDMuMiAzLjQ3IDMuMiAxLjkzIDAgMy41LTEuNTcgMy41LTMuNVMxOC40MyAxMyAxNi41IDEzem0tOSA2YTIuNSAyLjUgMCAwIDEgMC01IDIuNSAyLjUgMCAwIDEgMCA1em05IDBhMi41IDIuNSAwIDAgMSAwLTUgMi41IDIuNSAwIDAgMSAwIDV6Ii8+PC9zdmc+",
   "id": "C4263E638582C4E709BE2715499EC578",
   "title": "Nueva pestaa de Incgnito",
   "type": "page",
   "url": "chrome://newtab/",
   "webSocketDebuggerUrl": "ws://localhost:51045/devtools/page/C4263E638582C4E709BE2715499EC578"
} ]



# Created at 2024-03-11T20:44:27.015
Unexpected IOException with stream: 20:44:27.015 [main] DEBUG com.intuit.karate.shell.Command - ready to accept http connections after 267 ms - http://localhost:51045/json


# Created at 2024-03-11T20:44:27.016
Unexpected IOException with stream: 20:44:27.016 [main] DEBUG com.intuit.karate - request:
1 > GET http://localhost:51045/json
1 > Host: localhost:51045
1 > Connection: Keep-Alive
1 > User-Agent: Apache-HttpClient/4.5.13 (Java/11.0.21)
1 > Accept-Encoding: gzip,deflate




# Created at 2024-03-11T20:44:27.017
Unexpected IOException with stream: 20:44:27.017 [main] DEBUG com.intuit.karate - response time in milliseconds: 1
1 < 200
1 < Content-Security-Policy: frame-ancestors 'none'
1 < Content-Length: 2557
1 < Content-Type: application/json; charset=UTF-8
[ {
   "description": "",
   "devtoolsFrontendUrl": "/devtools/inspector.html?ws=localhost:51045/devtools/page/2D12B0ACB652F6FA3CE0EB05434EBF43",
   "id": "2D12B0ACB652F6FA3CE0EB05434EBF43",
   "title": "Google Network Speech",
   "type": "background_page",
   "url": "chrome-extension://neajdppkdcdipfabeoofebfddakdcjhd/_generated_background_page.html",
   "webSocketDebuggerUrl": "ws://localhost:51045/devtools/page/2D12B0ACB652F6FA3CE0EB05434EBF43"
}, {
   "description": "",
   "devtoolsFrontendUrl": "/devtools/inspector.html?ws=localhost:51045/devtools/page/80359B15B9D198A05C877F7BBABDC4BC",
   "id": "80359B15B9D198A05C877F7BBABDC4BC",
   "title": "Google Hangouts",
   "type": "background_page",
   "url": "chrome-extension://nkeimhogjdpnpccoofpliimaahmaaome/background.html",
   "webSocketDebuggerUrl": "ws://localhost:51045/devtools/page/80359B15B9D198A05C877F7BBABDC4BC"
}, {
   "description": "",
   "devtoolsFrontendUrl": "/devtools/inspector.html?ws=localhost:51045/devtools/page/B4A33C4BDF5988D475F0ABA30BA120CA",
   "id": "B4A33C4BDF5988D475F0ABA30BA120CA",
   "title": "Google Hangouts",
   "type": "background_page",
   "url": "chrome-extension://nkeimhogjdpnpccoofpliimaahmaaome/background.html",
   "webSocketDebuggerUrl": "ws://localhost:51045/devtools/page/B4A33C4BDF5988D475F0ABA30BA120CA"
}, {
   "description": "",
   "devtoolsFrontendUrl": "/devtools/inspector.html?ws=localhost:51045/devtools/page/C4263E638582C4E709BE2715499EC578",
   "faviconUrl": "data:image/svg+xml;base64,PHN2ZyB4bWxucz0iaHR0cDovL3d3dy53My5vcmcvMjAwMC9zdmciIGhlaWdodD0iMjQiIHZpZXdCb3g9IjAgMCAyNCAyNCIgd2lkdGg9IjI0IiBmaWxsPSIjNDU1QTY0Ij48cGF0aCBmaWxsPSJub25lIiBkPSJNMCAwaDI0djI0SDB6Ii8+PHBhdGggZD0iTTMgMTFoMTh2MUgzem0xNC42Mi0xLTIuMjktNi4xYy0uMTktLjUtLjc0LS43Ny0xLjI1LS42TDEyIDRsLTIuMDktLjdjLS41MS0uMTctMS4wNi4xLTEuMjUuNkw2LjM4IDEwaDExLjI0em0tMS4xMiAzYy0xLjY2IDAtMy4wNCAxLjE2LTMuNCAyLjcxLS44NC0uMzYtMS42Mi0uMjYtMi4yLS4wMUEzLjUwMyAzLjUwMyAwIDAgMCA3LjUgMTNDNS41NyAxMyA0IDE0LjU3IDQgMTYuNVM1LjU3IDIwIDcuNSAyMGMxLjg0IDAgMy4zMy0xLjQyIDMuNDctMy4yMi4zLS4yMSAxLjA5LS42IDIuMDYuMDIuMTYgMS43OSAxLjY0IDMuMiAzLjQ3IDMuMiAxLjkzIDAgMy41LTEuNTcgMy41LTMuNVMxOC40MyAxMyAxNi41IDEzem0tOSA2YTIuNSAyLjUgMCAwIDEgMC01IDIuNSAyLjUgMCAwIDEgMCA1em05IDBhMi41IDIuNSAwIDAgMSAwLTUgMi41IDIuNSAwIDAgMSAwIDV6Ii8+PC9zdmc+",
   "id": "C4263E638582C4E709BE2715499EC578",
   "title": "Nueva pestaa de Incgnito",
   "type": "page",
   "url": "chrome://newtab/",
   "webSocketDebuggerUrl": "ws://localhost:51045/devtools/page/C4263E638582C4E709BE2715499EC578"
} ]



# Created at 2024-03-11T20:44:27.020
Unexpected IOException with stream: 20:44:27.020 [main] DEBUG c.intuit.karate.driver.DriverOptions - root frame id: C4263E638582C4E709BE2715499EC578


# Created at 2024-03-11T20:44:27.368
Unexpected IOException with stream: 20:44:27.368 [nioEventLoopGroup-2-1] DEBUG c.i.k.http.WebSocketClientHandler - websocket client connected


# Created at 2024-03-11T20:44:27.369
Unexpected IOException with stream: 20:44:27.369 [main] DEBUG c.intuit.karate.driver.DriverOptions - >> {"id":1,"method":"Target.attachToTarget","params":{"targetId":"C4263E638582C4E709BE2715499EC578","flatten":true}}


# Created at 2024-03-11T20:44:27.385
Unexpected IOException with stream: 20:44:27.384 [nioEventLoopGroup-2-1] DEBUG c.intuit.karate.driver.DriverOptions - << {"method":"Target.attachedToTarget","params":{"sessionId":"0D24E2989E963E358C36E40B1B349020","targetInfo":{"targetId":"C4263E638582C4E709BE2715499EC578","type":"page","title":"Nueva pesta\u00f1a de Inc\u00f3gnito","url":"chrome://newtab/","attached":true,"canAccessOpener":false,"browserContextId":"12B4DCEFBC171283C4915A67649BA799"},"waitingForDebugger":false}}


# Created at 2024-03-11T20:44:27.386
Unexpected IOException with stream: 20:44:27.385 [nioEventLoopGroup-2-1] DEBUG c.intuit.karate.driver.DriverOptions - << {"id":1,"result":{"sessionId":"0D24E2989E963E358C36E40B1B349020"}}


# Created at 2024-03-11T20:44:27.386
Unexpected IOException with stream: 20:44:27.386 [main] DEBUG c.intuit.karate.driver.DriverOptions - >> {"id":2,"sessionId":"0D24E2989E963E358C36E40B1B349020","method":"Target.activateTarget","params":{"targetId":"C4263E638582C4E709BE2715499EC578"}}


# Created at 2024-03-11T20:44:27.389
Unexpected IOException with stream: 20:44:27.389 [nioEventLoopGroup-2-1] DEBUG c.intuit.karate.driver.DriverOptions - << {"id":2,"result":{},"sessionId":"0D24E2989E963E358C36E40B1B349020"}


# Created at 2024-03-11T20:44:27.390
Unexpected IOException with stream: 20:44:27.390 [main] DEBUG c.intuit.karate.driver.DriverOptions - >> {"id":3,"sessionId":"0D24E2989E963E358C36E40B1B349020","method":"Page.enable"}


# Created at 2024-03-11T20:44:27.391
Unexpected IOException with stream: 20:44:27.391 [nioEventLoopGroup-2-1] DEBUG c.intuit.karate.driver.DriverOptions - << {"id":3,"result":{},"sessionId":"0D24E2989E963E358C36E40B1B349020"}


# Created at 2024-03-11T20:44:27.391
Unexpected IOException with stream: 20:44:27.391 [main] DEBUG c.intuit.karate.driver.DriverOptions - >> {"id":4,"sessionId":"0D24E2989E963E358C36E40B1B349020","method":"Runtime.enable"}


# Created at 2024-03-11T20:44:27.393
Unexpected IOException with stream: 20:44:27.392 [nioEventLoopGroup-2-1] DEBUG c.intuit.karate.driver.DriverOptions - << {"method":"Runtime.executionContextCreated","params":{"context":{"id":1,"origin":"chrome://newtab","name":"","uniqueId":"-3963020438516469104.5226128196358387741","auxData":{"isDefault":true,"type":"default","frameId":"C4263E638582C4E709BE2715499EC578"}}},"sessionId":"0D24E2989E963E358C36E40B1B349020"}


# Created at 2024-03-11T20:44:27.393
Unexpected IOException with stream: 20:44:27.393 [nioEventLoopGroup-2-1] DEBUG c.intuit.karate.driver.DriverOptions - << {"id":4,"result":{},"sessionId":"0D24E2989E963E358C36E40B1B349020"}


# Created at 2024-03-11T20:44:27.394
Unexpected IOException with stream: 20:44:27.394 [main] DEBUG c.intuit.karate.driver.DriverOptions - >> {"id":5,"sessionId":"0D24E2989E963E358C36E40B1B349020","method":"Browser.getWindowForTarget","params":{"targetId":"C4263E638582C4E709BE2715499EC578"}}


# Created at 2024-03-11T20:44:27.395
Unexpected IOException with stream: 20:44:27.395 [nioEventLoopGroup-2-1] DEBUG c.intuit.karate.driver.DriverOptions - << {"id":5,"result":{"windowId":1012033599,"bounds":{"left":10,"top":10,"width":945,"height":1020,"windowState":"normal"}},"sessionId":"0D24E2989E963E358C36E40B1B349020"}


# Created at 2024-03-11T20:44:27.419
Unexpected IOException with stream: 20:44:27.419 [main] DEBUG c.intuit.karate.driver.DriverOptions - >> {"id":6,"sessionId":"0D24E2989E963E358C36E40B1B349020","method":"Page.navigate","params":{"url":"http:\/\/localhost:8080\/user\/2"}}


# Created at 2024-03-11T20:44:27.423
Unexpected IOException with stream: 20:44:27.423 [nioEventLoopGroup-2-1] DEBUG c.intuit.karate.driver.DriverOptions - << {"method":"Page.frameStartedLoading","params":{"frameId":"C4263E638582C4E709BE2715499EC578"},"sessionId":"0D24E2989E963E358C36E40B1B349020"}


# Created at 2024-03-11T20:44:27.438
Unexpected IOException with stream: 20:44:27.438 [nioEventLoopGroup-2-1] DEBUG c.intuit.karate.driver.DriverOptions - << {"id":6,"result":{"frameId":"C4263E638582C4E709BE2715499EC578","loaderId":"7887AF54C8EC0FD6A3408DF66DDEB2FB"},"sessionId":"0D24E2989E963E358C36E40B1B349020"}


# Created at 2024-03-11T20:44:27.476
Unexpected IOException with stream: 20:44:27.474 [nioEventLoopGroup-2-1] DEBUG c.intuit.karate.driver.DriverOptions - << {"method":"Runtime.executionContextsCleared","params":{},"sessionId":"0D24E2989E963E358C36E40B1B349020"}


# Created at 2024-03-11T20:44:27.481
Unexpected IOException with stream: 20:44:27.480 [nioEventLoopGroup-2-1] DEBUG c.intuit.karate.driver.DriverOptions - << {"method":"Runtime.executionContextsCleared","params":{},"sessionId":"0D24E2989E963E358C36E40B1B349020"}


# Created at 2024-03-11T20:44:27.482
Unexpected IOException with stream: 20:44:27.481 [nioEventLoopGroup-2-1] DEBUG c.intuit.karate.driver.DriverOptions - << {"method":"Page.frameNavigated","params":{"frame":{"id":"C4263E638582C4E709BE2715499EC578","loaderId":"7887AF54C8EC0FD6A3408DF66DDEB2FB","url":"http://localhost:8080/login","domainAndRegistry":"","securityOrigin":"http://localhost:8080","mimeType":"text/html","adFrameStatus":{"adFrameType":"none"},"secureContextType":"SecureLocalhost","crossOriginIsolatedContextType":"NotIsolated","gatedAPIFeatures":[]},"type":"Navigation"},"sessionId":"0D24E2989E963E358C36E40B1B349020"}


# Created at 2024-03-11T20:44:27.483
Unexpected IOException with stream: 20:44:27.483 [nioEventLoopGroup-2-1] DEBUG c.intuit.karate.driver.DriverOptions - << {"method":"Runtime.executionContextCreated","params":{"context":{"id":1,"origin":"http://localhost:8080","name":"","uniqueId":"6016556458552018390.3631059500472742679","auxData":{"isDefault":true,"type":"default","frameId":"C4263E638582C4E709BE2715499EC578"}}},"sessionId":"0D24E2989E963E358C36E40B1B349020"}


# Created at 2024-03-11T20:44:27.503
Unexpected IOException with stream: 20:44:27.503 [nioEventLoopGroup-2-1] DEBUG c.intuit.karate.driver.DriverOptions - << {"method":"Page.domContentEventFired","params":{"timestamp":91065.8948},"sessionId":"0D24E2989E963E358C36E40B1B349020"}


# Created at 2024-03-11T20:44:27.504
Unexpected IOException with stream: 20:44:27.504 [nioEventLoopGroup-2-1] DEBUG c.intuit.karate.driver.DriverOptions - << {"method":"Page.loadEventFired","params":{"timestamp":91065.906292},"sessionId":"0D24E2989E963E358C36E40B1B349020"}


# Created at 2024-03-11T20:44:27.504
Unexpected IOException with stream: 20:44:27.504 [main] DEBUG c.intuit.karate.driver.DriverOptions - >> {"id":7,"sessionId":"0D24E2989E963E358C36E40B1B349020","method":"Page.navigate","params":{"url":"http:\/\/localhost:8080\/guias"}}


# Created at 2024-03-11T20:44:27.505
Unexpected IOException with stream: 20:44:27.505 [nioEventLoopGroup-2-1] DEBUG c.intuit.karate.driver.DriverOptions - << {"method":"Page.frameStoppedLoading","params":{"frameId":"C4263E638582C4E709BE2715499EC578"},"sessionId":"0D24E2989E963E358C36E40B1B349020"}


# Created at 2024-03-11T20:44:27.506
Unexpected IOException with stream: 20:44:27.506 [nioEventLoopGroup-2-1] DEBUG c.intuit.karate.driver.DriverOptions - << {"method":"Page.frameStartedLoading","params":{"frameId":"C4263E638582C4E709BE2715499EC578"},"sessionId":"0D24E2989E963E358C36E40B1B349020"}


# Created at 2024-03-11T20:44:27.510
Unexpected IOException with stream: 20:44:27.510 [main] DEBUG c.intuit.karate.driver.DriverOptions - >> {"id":8,"sessionId":"0D24E2989E963E358C36E40B1B349020","method":"Runtime.evaluate","params":{"expression":"document.querySelector(\".guias a:first-child\").click()","returnByValue":true}}


# Created at 2024-03-11T20:44:27.521
Unexpected IOException with stream: 20:44:27.521 [nioEventLoopGroup-2-1] DEBUG c.intuit.karate.driver.DriverOptions - << {"id":7,"result":{"frameId":"C4263E638582C4E709BE2715499EC578","loaderId":"CD9EC30B5BF0C4B44AD7A214439B890C"},"sessionId":"0D24E2989E963E358C36E40B1B349020"}


# Created at 2024-03-11T20:44:27.525
Unexpected IOException with stream: 20:44:27.525 [nioEventLoopGroup-2-1] DEBUG c.intuit.karate.driver.DriverOptions - << {"method":"Runtime.executionContextsCleared","params":{},"sessionId":"0D24E2989E963E358C36E40B1B349020"}


# Created at 2024-03-11T20:44:27.526
Unexpected IOException with stream: 20:44:27.525 [nioEventLoopGroup-2-1] DEBUG c.intuit.karate.driver.DriverOptions - << {"method":"Page.frameNavigated","params":{"frame":{"id":"C4263E638582C4E709BE2715499EC578","loaderId":"CD9EC30B5BF0C4B44AD7A214439B890C","url":"http://localhost:8080/login","domainAndRegistry":"","securityOrigin":"http://localhost:8080","mimeType":"text/html","adFrameStatus":{"adFrameType":"none"},"secureContextType":"SecureLocalhost","crossOriginIsolatedContextType":"NotIsolated","gatedAPIFeatures":[]},"type":"Navigation"},"sessionId":"0D24E2989E963E358C36E40B1B349020"}


# Created at 2024-03-11T20:44:27.526
Unexpected IOException with stream: 20:44:27.526 [nioEventLoopGroup-2-1] DEBUG c.intuit.karate.driver.DriverOptions - << {"method":"Runtime.executionContextCreated","params":{"context":{"id":2,"origin":"http://localhost:8080","name":"","uniqueId":"6716664708058004492.2680739909318073358","auxData":{"isDefault":true,"type":"default","frameId":"C4263E638582C4E709BE2715499EC578"}}},"sessionId":"0D24E2989E963E358C36E40B1B349020"}


# Created at 2024-03-11T20:44:27.527
Unexpected IOException with stream: 20:44:27.527 [nioEventLoopGroup-2-1] DEBUG c.intuit.karate.driver.DriverOptions - << {"id":8,"result":{"result":{"type":"object","subtype":"error","className":"TypeError","description":"TypeError: Cannot read properties of null (reading 'click')\n    at <anonymous>:1:47","objectId":"4781441833395431117.2.1"},"exceptionDetails":{"exceptionId":1,"text":"Uncaught","lineNumber":0,"columnNumber":46,"scriptId":"6","stackTrace":{"callFrames":[{"functionName":"","scriptId":"6","url":"","lineNumber":0,"columnNumber":46}]},"exception":{"type":"object","subtype":"error","className":"TypeError","description":"TypeError: Cannot read properties of null (reading 'click')\n    at <anonymous>:1:47","objectId":"4781441833395431117.2.2"}}},"sessionId":"0D24E2989E963E358C36E40B1B349020"}


# Created at 2024-03-11T20:44:27.527
Unexpected IOException with stream: 20:44:27.527 [nioEventLoopGroup-2-1] WARN  c.intuit.karate.driver.DriverOptions - devtools error: [id: 8, sessionId: 0D24E2989E963E358C36E40B1B349020, result: [type: MAP, value: {type=object, subtype=error, className=TypeError, description=TypeError: Cannot read properties of null (reading 'click')
    at <anonymous>:1:47, objectId=4781441833395431117.2.1}]]


# Created at 2024-03-11T20:44:27.528
Unexpected IOException with stream: 20:44:27.527 [main] WARN  c.intuit.karate.driver.DriverOptions - js eval failed once:document.querySelector(".guias a:first-child").click(), error: [type: MAP, value: {type=object, subtype=error, className=TypeError, description=TypeError: Cannot read properties of null (reading 'click')
    at <anonymous>:1:47, objectId=4781441833395431117.2.1}]


# Created at 2024-03-11T20:44:27.537
Unexpected IOException with stream: 20:44:27.537 [nioEventLoopGroup-2-1] DEBUG c.intuit.karate.driver.DriverOptions - << {"method":"Page.domContentEventFired","params":{"timestamp":91065.939178},"sessionId":"0D24E2989E963E358C36E40B1B349020"}


# Created at 2024-03-11T20:44:27.539
Unexpected IOException with stream: 20:44:27.538 [nioEventLoopGroup-2-1] DEBUG c.intuit.karate.driver.DriverOptions - << {"method":"Page.loadEventFired","params":{"timestamp":91065.942139},"sessionId":"0D24E2989E963E358C36E40B1B349020"}


# Created at 2024-03-11T20:44:27.539
Unexpected IOException with stream: 20:44:27.539 [nioEventLoopGroup-2-1] DEBUG c.intuit.karate.driver.DriverOptions - << {"method":"Page.frameStoppedLoading","params":{"frameId":"C4263E638582C4E709BE2715499EC578"},"sessionId":"0D24E2989E963E358C36E40B1B349020"}


# Created at 2024-03-11T20:44:30.540
Unexpected IOException with stream: 20:44:30.540 [main] DEBUG c.intuit.karate.driver.DriverOptions - >> {"id":9,"sessionId":"0D24E2989E963E358C36E40B1B349020","method":"Runtime.evaluate","params":{"expression":"document.querySelector(\".guias a:first-child\").click()","returnByValue":true}}


# Created at 2024-03-11T20:44:30.542
Unexpected IOException with stream: 20:44:30.541 [nioEventLoopGroup-2-1] DEBUG c.intuit.karate.driver.DriverOptions - << {"id":9,"result":{"result":{"type":"object","subtype":"error","className":"TypeError","description":"TypeError: Cannot read properties of null (reading 'click')\n    at <anonymous>:1:47","objectId":"4781441833395431117.2.3"},"exceptionDetails":{"exceptionId":2,"text":"Uncaught","lineNumber":0,"columnNumber":46,"scriptId":"6","stackTrace":{"callFrames":[{"functionName":"","scriptId":"6","url":"","lineNumber":0,"columnNumber":46}]},"exception":{"type":"object","subtype":"error","className":"TypeError","description":"TypeError: Cannot read properties of null (reading 'click')\n    at <anonymous>:1:47","objectId":"4781441833395431117.2.4"}}},"sessionId":"0D24E2989E963E358C36E40B1B349020"}


# Created at 2024-03-11T20:44:30.542
Unexpected IOException with stream: 20:44:30.542 [nioEventLoopGroup-2-1] WARN  c.intuit.karate.driver.DriverOptions - devtools error: [id: 9, sessionId: 0D24E2989E963E358C36E40B1B349020, result: [type: MAP, value: {type=object, subtype=error, className=TypeError, description=TypeError: Cannot read properties of null (reading 'click')
    at <anonymous>:1:47, objectId=4781441833395431117.2.3}]]


# Created at 2024-03-11T20:44:30.542
Unexpected IOException with stream: 20:44:30.542 [main] ERROR c.intuit.karate.driver.DriverOptions - js eval failed twice:document.querySelector(".guias a:first-child").click(), error: [type: MAP, value: {type=object, subtype=error, className=TypeError, description=TypeError: Cannot read properties of null (reading 'click')
    at <anonymous>:1:47, objectId=4781441833395431117.2.3}]


# Created at 2024-03-11T20:44:30.549
Unexpected IOException with stream: 20:44:30.549 [main] ERROR com.intuit.karate - classpath:external/guias.feature:7
And click('.guias a:first-child')
js failed:
>>>>
01: click('.guias a:first-child')
<<<<
org.graalvm.polyglot.PolyglotException: js eval failed twice:document.querySelector(".guias a:first-child").click(), error: [type: MAP, value: {type=object, subtype=error, className=TypeError, description=TypeError: Cannot read properties of null (reading 'click')
    at <anonymous>:1:47, objectId=4781441833395431117.2.3}]
- com.intuit.karate.driver.DevToolsDriver.evalInternal(DevToolsDriver.java:315)
- com.intuit.karate.driver.DevToolsDriver.eval(DevToolsDriver.java:289)
- com.intuit.karate.driver.DevToolsDriver.click(DevToolsDriver.java:511)
- <js>.:anonymous(Unnamed:1)

classpath:external/guias.feature:7


# Created at 2024-03-11T20:44:30.550
Unexpected IOException with stream: 20:44:30.550 [main] DEBUG c.intuit.karate.driver.DriverOptions - >> {"id":10,"sessionId":"0D24E2989E963E358C36E40B1B349020","method":"Page.captureScreenshot"}


# Created at 2024-03-11T20:44:37.870
Unexpected IOException with stream: 20:44:37.870 [nioEventLoopGroup-2-1] DEBUG c.intuit.karate.driver.DriverOptions - << {"id":10,"result":{"data":"iVBORw0KGgoAAAANSUhEUgAAA6EAAANyCAYAAACT8c2rAAAAAXNSR0IArs4c6QAAIABJREFUeJzs3XuYHPV95/tP9W1umpFAmtFoHCkIEyMLNAIhDBsImCAEjyEOm/giHIc9m5Acnpwom5MQ4g1Z+YkfK49DiJPH2s2yXsXnWIsPskls7AAHBDKXAw7iIqELijACEQnPfYRmBs2ou6e7zh/dPV1dXVVd3dPTU93zfv3BdFfVr7q6NdXUZ37f36+Mc/GEKQAAAAAAaiA03wcAAAAAAFg4CKEAAAAAgJohhAIAAAAAaoYQCgAAAACoGUIoAAAAAKBmCKEAAAAAgJohhAIAAAAAaoYQCgAAAACoGUIoAAAAAKBmIvN9AAAAAADQ6JLJpD6cmFA8EZdpzvfRzI5hSE2xJi1qb1c0Gi2//bl4os4/AgAAAAAIrmQyqdHREXW0d6iltVWGYcz3Ic2KaZqampzU+MS4li5dVnYQpRwXAAAAAObQhxMT6mjvUGtbW90HUEkyDEOtbW3qaO/QhxMTZbcnhAIAAADAHIon4mppbZ3vw6i6ltZWxRPxstsRQgEAAABgDpmmGqIH1M4wjIrGtxJCAQAAAAA1U9sQmnxHSg3U9CUBAAAAAMExdyE0+Y6UGpUx8feKDF6u0Nh/UdPoJYqObFR47M8UG1gixV+TkicIpgAAAACwQFT/PqFmXEoeU9PpKwsWh6belYxFMnROkan/Kumcmj74xUwTM6RE10kpdJ5klH+fGQAAAABAfahuCE2eUGxkjQzDlBRSOrRSqchmTbf+vsKhSSk1LBkxmaFumckRReIPKpx8ToZG1TT8c0obq5TsOioZsaoeFgAAAAAgGKoUQtPS5B5FPtwmwzCVDv28Eu3fVSjxvGJTX1I08T+dm5lRJRbvljk9oNjUnylknlRo5DNKt/+R1PzJ6hwaAAAAACAwqhNCz72ipvFPSzKUaLpHil6o5rGrS7czkoqN/7okKX7eK ...


# Created at 2024-03-11T20:44:37.873
Unexpected IOException with stream: 20:44:37.872 [main] DEBUG c.intuit.karate.driver.DriverOptions - >> {"id":11,"sessionId":"0D24E2989E963E358C36E40B1B349020","method":"Target.closeTarget","params":{"targetId":"C4263E638582C4E709BE2715499EC578"}}


# Created at 2024-03-11T20:44:37.873
Unexpected IOException with stream: 20:44:37.873 [nioEventLoopGroup-2-1] DEBUG c.intuit.karate.driver.DriverOptions - << {"id":11,"result":{"success":true},"sessionId":"0D24E2989E963E358C36E40B1B349020"}


# Created at 2024-03-11T20:44:37.875
Unexpected IOException with stream: 20:44:37.874 [nioEventLoopGroup-2-1] DEBUG c.i.k.http.WebSocketClientHandler - websocket closing


# Created at 2024-03-11T20:44:37.875
Unexpected IOException with stream: 20:44:37.875 [nioEventLoopGroup-2-1] DEBUG c.i.k.http.WebSocketClientHandler - websocket client disconnected


# Created at 2024-03-11T20:44:37.879
Unexpected IOException with stream: 20:44:37.879 [main] DEBUG com.intuit.karate.shell.Command - closing command: chrome_1710186266485


# Created at 2024-03-11T20:44:37.899
Unexpected IOException with stream: 20:44:37.898 [chrome_1710186266485] WARN  com.intuit.karate.shell.Command - exit code was non-zero: 1 - [C:\Program Files\Google\Chrome\Application\chrome.exe, --remote-debugging-port=51045, --no-first-run, --user-data-dir=C:\ucm\IW\gg\target\chrome_1710186266485, --disable-popup-blocking, --remote-allow-origins=*, --incognito] working dir: target\chrome_1710186266485


# Created at 2024-03-11T20:44:37.907
Unexpected IOException with stream: ---------------------------------------------------------
feature: classpath:external/guias.feature
scenarios:  1 | passed:  0 | failed:  1 | time: 4,0650
---------------------------------------------------------


# Created at 2024-03-11T20:44:37.908
Unexpected IOException with stream: 


# Created at 2024-03-11T20:44:37.917
Unexpected IOException with stream: Karate version: 1.1.0


# Created at 2024-03-11T20:44:37.917
Unexpected IOException with stream: ======================================================


# Created at 2024-03-11T20:44:37.917
Unexpected IOException with stream: elapsed:  11,44 | threads:    1 | thread time: 4,07 


# Created at 2024-03-11T20:44:37.918
Unexpected IOException with stream: features:     1 | skipped:    0 | efficiency: 0,36


# Created at 2024-03-11T20:44:37.918
Unexpected IOException with stream: scenarios:    1 | passed:     0 | failed: 1


# Created at 2024-03-11T20:44:37.919
Unexpected IOException with stream: ======================================================


# Created at 2024-03-11T20:44:37.919
Unexpected IOException with stream: >>> failed features:


# Created at 2024-03-11T20:44:37.919
Unexpected IOException with stream: js failed:
>>>>
01: click('.guias a:first-child')
<<<<
org.graalvm.polyglot.PolyglotException: js eval failed twice:document.querySelector(".guias a:first-child").click(), error: [type: MAP, value: {type=object, subtype=error, className=TypeError, description=TypeError: Cannot read properties of null (reading 'click')
    at <anonymous>:1:47, objectId=4781441833395431117.2.3}]
- com.intuit.karate.driver.DevToolsDriver.evalInternal(DevToolsDriver.java:315)
- com.intuit.karate.driver.DevToolsDriver.eval(DevToolsDriver.java:289)
- com.intuit.karate.driver.DevToolsDriver.click(DevToolsDriver.java:511)
- <js>.:anonymous(Unnamed:1)

classpath:external/guias.feature:7


# Created at 2024-03-11T20:44:37.919
Unexpected IOException with stream: <<<


# Created at 2024-03-11T20:44:37.949
Unexpected IOException with stream: 
HTML report: (paste into browser to view) | Karate version: 1.1.0
file:///C:/ucm/IW/gg/target/karate-reports/karate-summary.html
===================================================================



# Created at 2024-03-11T20:44:37.949
Unexpected IOException: 8,1,external.ExternalRunner,testGuia[1][1],null,js failed:\000A>>>>\000A01: click('.guias a:first-child')\000A<<<<\000Aorg.graalvm.polyglot.PolyglotException: js eval failed twice:document.querySelector(".guias a:first-child").click()\002C error: [type: MAP\002C value: {type=object\002C subtype=error\002C className=TypeError\002C description=TypeError: Cannot read properties of null (reading 'click')\000A    at <anonymous>:1:47\002C objectId=4781441833395431117.2.3}]\000A- com.intuit.karate.driver.DevToolsDriver.evalInternal(DevToolsDriver.java:315)\000A- com.intuit.karate.driver.DevToolsDriver.eval(DevToolsDriver.java:289)\000A- com.intuit.karate.driver.DevToolsDriver.click(DevToolsDriver.java:511)\000A- <js>.:anonymous(Unnamed:1)\000A\000Aclasspath:external/guias.feature:7,null,js failed:\000A>>>>\000A01: click('.guias a:first-child')\000A<<<<\000Aorg.graalvm.polyglot.PolyglotException: js eval failed twice:document.querySelector(".guias a:first-child").click()\002C error: [type: MAP\002C value: {type=object\002C subtype=error\002C className=TypeError\002C description=TypeError: Cannot read properties of null (reading 'click')\000A    at <anonymous>:1:47\002C objectId=4781441833395431117.2.3}]\000A- com.intuit.karate.driver.DevToolsDriver.evalInternal(DevToolsDriver.java:315)\000A- com.intuit.karate.driver.DevToolsDriver.eval(DevToolsDriver.java:289)\000A- com.intuit.karate.driver.DevToolsDriver.click(DevToolsDriver.java:511)\000A- <js>.:anonymous(Unnamed:1)\000A\000Aclasspath:external/guias.feature:7,ExternalRunner js failed:\000A>>>>\000A01: click('.guias a:first-child')\000A<<<<\000Aorg.graalvm.polyglot.PolyglotException: js eval failed twice:document.querySelector(".guias a:first-child").click()\002C error: [type: MAP\002C value: {type=object\002C subtype=error\002C className=TypeError\002C description=TypeError: Cannot read properties of null (reading 'click')\000A    at <anonymous>:1:47\002C objectId=4781441833395431117.2.3}]\000A- com.intuit.karate.driver.DevToolsDriver.evalInternal(DevToolsDriver.java:315)\000A- com.intuit.karate.driver.DevToolsDriver.eval(DevToolsDriver.java:289)\000A- com.intuit.karate.driver.DevToolsDriver.click(DevToolsDriver.java:511)\000A- <js>.:anonymous(Unnamed:1)\000A\000Aclasspath:external/guias.feature:7,org.opentest4j.AssertionFailedError: \000Ajs failed:\000A>>>>\000A01: click('.guias a:first-child')\000A<<<<\000Aorg.graalvm.polyglot.PolyglotException: js eval failed twice:document.querySelector(".guias a:first-child").click()\002C error: [type: MAP\002C value: {type=object\002C subtype=error\002C className=TypeError\002C description=TypeError: Cannot read properties of null (reading 'click')\000A    at <anonymous>:1:47\002C objectId=4781441833395431117.2.3}]\000A- com.intuit.karate.driver.DevToolsDriver.evalInternal(DevToolsDriver.java:315)\000A- com.intuit.karate.driver.DevToolsDriver.eval(DevToolsDriver.java:289)\000A- com.intuit.karate.driver.DevToolsDriver.click(DevToolsDriver.java:511)\000A- <js>.:anonymous(Unnamed:1)\000A\000Aclasspath:external/guias.feature:7\000A


# Created at 2024-03-11T20:44:37.956
Unexpected IOException with stream: 20:44:37.955 [main] DEBUG com.intuit.karate.Suite - [config] classpath:karate-config.js


# Created at 2024-03-11T20:44:37.957
Unexpected IOException: 5,1,external.ExternalRunner,testWs[1][1],null,null,null


# Created at 2024-03-11T20:44:37.960
Unexpected IOException with stream: 20:44:37.959 [main] INFO  com.intuit.karate - karate.env system property was: null 


# Created at 2024-03-11T20:44:37.964
Unexpected IOException with stream: 20:44:37.964 [main] INFO  c.intuit.karate.core.FeatureRuntime - classpath:external/login.feature - call by tag at line 30: login_a


# Created at 2024-03-11T20:44:37.967
Unexpected IOException with stream: 20:44:37.967 [main] DEBUG com.intuit.karate.shell.Command - found / verified free local port: 51162


# Created at 2024-03-11T20:44:37.967
Unexpected IOException with stream: 20:44:37.967 [main] WARN  c.intuit.karate.driver.DriverOptions - preferred port 9222 not available, will use: 51162


# Created at 2024-03-11T20:44:37.968
Unexpected IOException with stream: 20:44:37.968 [chrome_1710186277966] DEBUG c.i.k.driver.chrome_1710186277966 - command: [C:\Program Files\Google\Chrome\Application\chrome.exe, --remote-debugging-port=51162, --no-first-run, --user-data-dir=C:\ucm\IW\gg\target\chrome_1710186277966, --disable-popup-blocking, --remote-allow-origins=*, --incognito], working dir: target\chrome_1710186277966


# Created at 2024-03-11T20:44:37.969
Unexpected IOException with stream: 20:44:37.968 [main] DEBUG c.i.k.driver.chrome_1710186277966 - poll attempt #0 for port to be ready - localhost:51162


# Created at 2024-03-11T20:44:38.063
Unexpected IOException with stream: 20:44:38.062 [chrome_1710186277966-out] DEBUG c.i.k.driver.chrome_1710186277966 - 


# Created at 2024-03-11T20:44:38.065
Unexpected IOException with stream: 20:44:38.065 [chrome_1710186277966-out] DEBUG c.i.k.driver.chrome_1710186277966 - DevTools listening on ws://127.0.0.1:51162/devtools/browser/5580299e-f982-4d53-a25e-0dda6ace5269


# Created at 2024-03-11T20:44:38.223
Unexpected IOException with stream: 20:44:38.223 [main] DEBUG c.i.k.driver.chrome_1710186277966 - poll attempt #1 for port to be ready - localhost:51162


# Created at 2024-03-11T20:44:38.230
Unexpected IOException with stream: 20:44:38.229 [main] DEBUG com.intuit.karate - request:
1 > GET http://localhost:51162/json
1 > Host: localhost:51162
1 > Connection: Keep-Alive
1 > User-Agent: Apache-HttpClient/4.5.13 (Java/11.0.21)
1 > Accept-Encoding: gzip,deflate




# Created at 2024-03-11T20:44:38.231
Unexpected IOException with stream: 20:44:38.231 [main] DEBUG com.intuit.karate - response time in milliseconds: 0
1 < 200
1 < Content-Security-Policy: frame-ancestors 'none'
1 < Content-Length: 2557
1 < Content-Type: application/json; charset=UTF-8
[ {
   "description": "",
   "devtoolsFrontendUrl": "/devtools/inspector.html?ws=localhost:51162/devtools/page/D388B4673D5E0346E4E5EB55DF81461D",
   "id": "D388B4673D5E0346E4E5EB55DF81461D",
   "title": "Google Network Speech",
   "type": "background_page",
   "url": "chrome-extension://neajdppkdcdipfabeoofebfddakdcjhd/_generated_background_page.html",
   "webSocketDebuggerUrl": "ws://localhost:51162/devtools/page/D388B4673D5E0346E4E5EB55DF81461D"
}, {
   "description": "",
   "devtoolsFrontendUrl": "/devtools/inspector.html?ws=localhost:51162/devtools/page/9376F183DDC356FEC4F573CB3E42D8B9",
   "id": "9376F183DDC356FEC4F573CB3E42D8B9",
   "title": "Google Hangouts",
   "type": "background_page",
   "url": "chrome-extension://nkeimhogjdpnpccoofpliimaahmaaome/background.html",
   "webSocketDebuggerUrl": "ws://localhost:51162/devtools/page/9376F183DDC356FEC4F573CB3E42D8B9"
}, {
   "description": "",
   "devtoolsFrontendUrl": "/devtools/inspector.html?ws=localhost:51162/devtools/page/4BC5CFB1163B8A78B19CED531A7072B2",
   "id": "4BC5CFB1163B8A78B19CED531A7072B2",
   "title": "Google Hangouts",
   "type": "background_page",
   "url": "chrome-extension://nkeimhogjdpnpccoofpliimaahmaaome/background.html",
   "webSocketDebuggerUrl": "ws://localhost:51162/devtools/page/4BC5CFB1163B8A78B19CED531A7072B2"
}, {
   "description": "",
   "devtoolsFrontendUrl": "/devtools/inspector.html?ws=localhost:51162/devtools/page/3447B8559FB94281E54E09251A4FA864",
   "faviconUrl": "data:image/svg+xml;base64,PHN2ZyB4bWxucz0iaHR0cDovL3d3dy53My5vcmcvMjAwMC9zdmciIGhlaWdodD0iMjQiIHZpZXdCb3g9IjAgMCAyNCAyNCIgd2lkdGg9IjI0IiBmaWxsPSIjNDU1QTY0Ij48cGF0aCBmaWxsPSJub25lIiBkPSJNMCAwaDI0djI0SDB6Ii8+PHBhdGggZD0iTTMgMTFoMTh2MUgzem0xNC42Mi0xLTIuMjktNi4xYy0uMTktLjUtLjc0LS43Ny0xLjI1LS42TDEyIDRsLTIuMDktLjdjLS41MS0uMTctMS4wNi4xLTEuMjUuNkw2LjM4IDEwaDExLjI0em0tMS4xMiAzYy0xLjY2IDAtMy4wNCAxLjE2LTMuNCAyLjcxLS44NC0uMzYtMS42Mi0uMjYtMi4yLS4wMUEzLjUwMyAzLjUwMyAwIDAgMCA3LjUgMTNDNS41NyAxMyA0IDE0LjU3IDQgMTYuNVM1LjU3IDIwIDcuNSAyMGMxLjg0IDAgMy4zMy0xLjQyIDMuNDctMy4yMi4zLS4yMSAxLjA5LS42IDIuMDYuMDIuMTYgMS43OSAxLjY0IDMuMiAzLjQ3IDMuMiAxLjkzIDAgMy41LTEuNTcgMy41LTMuNVMxOC40MyAxMyAxNi41IDEzem0tOSA2YTIuNSAyLjUgMCAwIDEgMC01IDIuNSAyLjUgMCAwIDEgMCA1em05IDBhMi41IDIuNSAwIDAgMSAwLTUgMi41IDIuNSAwIDAgMSAwIDV6Ii8+PC9zdmc+",
   "id": "3447B8559FB94281E54E09251A4FA864",
   "title": "Nueva pestaa de Incgnito",
   "type": "page",
   "url": "chrome://newtab/",
   "webSocketDebuggerUrl": "ws://localhost:51162/devtools/page/3447B8559FB94281E54E09251A4FA864"
} ]



# Created at 2024-03-11T20:44:38.232
Unexpected IOException with stream: 20:44:38.232 [main] DEBUG com.intuit.karate.shell.Command - ready to accept http connections after 5 ms - http://localhost:51162/json


# Created at 2024-03-11T20:44:38.233
Unexpected IOException with stream: 20:44:38.233 [main] DEBUG com.intuit.karate - request:
1 > GET http://localhost:51162/json
1 > Host: localhost:51162
1 > Connection: Keep-Alive
1 > User-Agent: Apache-HttpClient/4.5.13 (Java/11.0.21)
1 > Accept-Encoding: gzip,deflate




# Created at 2024-03-11T20:44:38.235
Unexpected IOException with stream: 20:44:38.235 [main] DEBUG com.intuit.karate - response time in milliseconds: 2
1 < 200
1 < Content-Security-Policy: frame-ancestors 'none'
1 < Content-Length: 2557
1 < Content-Type: application/json; charset=UTF-8
[ {
   "description": "",
   "devtoolsFrontendUrl": "/devtools/inspector.html?ws=localhost:51162/devtools/page/D388B4673D5E0346E4E5EB55DF81461D",
   "id": "D388B4673D5E0346E4E5EB55DF81461D",
   "title": "Google Network Speech",
   "type": "background_page",
   "url": "chrome-extension://neajdppkdcdipfabeoofebfddakdcjhd/_generated_background_page.html",
   "webSocketDebuggerUrl": "ws://localhost:51162/devtools/page/D388B4673D5E0346E4E5EB55DF81461D"
}, {
   "description": "",
   "devtoolsFrontendUrl": "/devtools/inspector.html?ws=localhost:51162/devtools/page/9376F183DDC356FEC4F573CB3E42D8B9",
   "id": "9376F183DDC356FEC4F573CB3E42D8B9",
   "title": "Google Hangouts",
   "type": "background_page",
   "url": "chrome-extension://nkeimhogjdpnpccoofpliimaahmaaome/background.html",
   "webSocketDebuggerUrl": "ws://localhost:51162/devtools/page/9376F183DDC356FEC4F573CB3E42D8B9"
}, {
   "description": "",
   "devtoolsFrontendUrl": "/devtools/inspector.html?ws=localhost:51162/devtools/page/4BC5CFB1163B8A78B19CED531A7072B2",
   "id": "4BC5CFB1163B8A78B19CED531A7072B2",
   "title": "Google Hangouts",
   "type": "background_page",
   "url": "chrome-extension://nkeimhogjdpnpccoofpliimaahmaaome/background.html",
   "webSocketDebuggerUrl": "ws://localhost:51162/devtools/page/4BC5CFB1163B8A78B19CED531A7072B2"
}, {
   "description": "",
   "devtoolsFrontendUrl": "/devtools/inspector.html?ws=localhost:51162/devtools/page/3447B8559FB94281E54E09251A4FA864",
   "faviconUrl": "data:image/svg+xml;base64,PHN2ZyB4bWxucz0iaHR0cDovL3d3dy53My5vcmcvMjAwMC9zdmciIGhlaWdodD0iMjQiIHZpZXdCb3g9IjAgMCAyNCAyNCIgd2lkdGg9IjI0IiBmaWxsPSIjNDU1QTY0Ij48cGF0aCBmaWxsPSJub25lIiBkPSJNMCAwaDI0djI0SDB6Ii8+PHBhdGggZD0iTTMgMTFoMTh2MUgzem0xNC42Mi0xLTIuMjktNi4xYy0uMTktLjUtLjc0LS43Ny0xLjI1LS42TDEyIDRsLTIuMDktLjdjLS41MS0uMTctMS4wNi4xLTEuMjUuNkw2LjM4IDEwaDExLjI0em0tMS4xMiAzYy0xLjY2IDAtMy4wNCAxLjE2LTMuNCAyLjcxLS44NC0uMzYtMS42Mi0uMjYtMi4yLS4wMUEzLjUwMyAzLjUwMyAwIDAgMCA3LjUgMTNDNS41NyAxMyA0IDE0LjU3IDQgMTYuNVM1LjU3IDIwIDcuNSAyMGMxLjg0IDAgMy4zMy0xLjQyIDMuNDctMy4yMi4zLS4yMSAxLjA5LS42IDIuMDYuMDIuMTYgMS43OSAxLjY0IDMuMiAzLjQ3IDMuMiAxLjkzIDAgMy41LTEuNTcgMy41LTMuNVMxOC40MyAxMyAxNi41IDEzem0tOSA2YTIuNSAyLjUgMCAwIDEgMC01IDIuNSAyLjUgMCAwIDEgMCA1em05IDBhMi41IDIuNSAwIDAgMSAwLTUgMi41IDIuNSAwIDAgMSAwIDV6Ii8+PC9zdmc+",
   "id": "3447B8559FB94281E54E09251A4FA864",
   "title": "Nueva pestaa de Incgnito",
   "type": "page",
   "url": "chrome://newtab/",
   "webSocketDebuggerUrl": "ws://localhost:51162/devtools/page/3447B8559FB94281E54E09251A4FA864"
} ]



# Created at 2024-03-11T20:44:38.236
Unexpected IOException with stream: 20:44:38.236 [main] DEBUG c.intuit.karate.driver.DriverOptions - root frame id: 3447B8559FB94281E54E09251A4FA864


# Created at 2024-03-11T20:44:38.252
Unexpected IOException with stream: 20:44:38.252 [nioEventLoopGroup-3-1] DEBUG c.i.k.http.WebSocketClientHandler - websocket client connected


# Created at 2024-03-11T20:44:38.253
Unexpected IOException with stream: 20:44:38.252 [main] DEBUG c.intuit.karate.driver.DriverOptions - >> {"id":1,"method":"Target.attachToTarget","params":{"targetId":"3447B8559FB94281E54E09251A4FA864","flatten":true}}


# Created at 2024-03-11T20:44:38.260
Unexpected IOException with stream: 20:44:38.260 [nioEventLoopGroup-3-1] DEBUG c.intuit.karate.driver.DriverOptions - << {"method":"Target.attachedToTarget","params":{"sessionId":"52C6EFF97C4B8B08AA4826C2AE5531F9","targetInfo":{"targetId":"3447B8559FB94281E54E09251A4FA864","type":"page","title":"Nueva pesta\u00f1a de Inc\u00f3gnito","url":"chrome://newtab/","attached":true,"canAccessOpener":false,"browserContextId":"C3A4D9E4BD6861315E7EF9DB37C83826"},"waitingForDebugger":false}}


# Created at 2024-03-11T20:44:38.261
Unexpected IOException with stream: 20:44:38.261 [nioEventLoopGroup-3-1] DEBUG c.intuit.karate.driver.DriverOptions - << {"id":1,"result":{"sessionId":"52C6EFF97C4B8B08AA4826C2AE5531F9"}}


# Created at 2024-03-11T20:44:38.262
Unexpected IOException with stream: 20:44:38.261 [main] DEBUG c.intuit.karate.driver.DriverOptions - >> {"id":2,"sessionId":"52C6EFF97C4B8B08AA4826C2AE5531F9","method":"Target.activateTarget","params":{"targetId":"3447B8559FB94281E54E09251A4FA864"}}


# Created at 2024-03-11T20:44:38.262
Unexpected IOException with stream: 20:44:38.262 [nioEventLoopGroup-3-1] DEBUG c.intuit.karate.driver.DriverOptions - << {"id":2,"result":{},"sessionId":"52C6EFF97C4B8B08AA4826C2AE5531F9"}


# Created at 2024-03-11T20:44:38.263
Unexpected IOException with stream: 20:44:38.263 [main] DEBUG c.intuit.karate.driver.DriverOptions - >> {"id":3,"sessionId":"52C6EFF97C4B8B08AA4826C2AE5531F9","method":"Page.enable"}


# Created at 2024-03-11T20:44:38.264
Unexpected IOException with stream: 20:44:38.263 [nioEventLoopGroup-3-1] DEBUG c.intuit.karate.driver.DriverOptions - << {"id":3,"result":{},"sessionId":"52C6EFF97C4B8B08AA4826C2AE5531F9"}


# Created at 2024-03-11T20:44:38.264
Unexpected IOException with stream: 20:44:38.264 [main] DEBUG c.intuit.karate.driver.DriverOptions - >> {"id":4,"sessionId":"52C6EFF97C4B8B08AA4826C2AE5531F9","method":"Runtime.enable"}


# Created at 2024-03-11T20:44:38.265
Unexpected IOException with stream: 20:44:38.264 [nioEventLoopGroup-3-1] DEBUG c.intuit.karate.driver.DriverOptions - << {"method":"Runtime.executionContextCreated","params":{"context":{"id":1,"origin":"chrome://newtab","name":"","uniqueId":"2895453001219216117.-7766022749347507630","auxData":{"isDefault":true,"type":"default","frameId":"3447B8559FB94281E54E09251A4FA864"}}},"sessionId":"52C6EFF97C4B8B08AA4826C2AE5531F9"}


# Created at 2024-03-11T20:44:38.265
Unexpected IOException with stream: 20:44:38.265 [nioEventLoopGroup-3-1] DEBUG c.intuit.karate.driver.DriverOptions - << {"id":4,"result":{},"sessionId":"52C6EFF97C4B8B08AA4826C2AE5531F9"}


# Created at 2024-03-11T20:44:38.266
Unexpected IOException with stream: 20:44:38.265 [main] DEBUG c.intuit.karate.driver.DriverOptions - >> {"id":5,"sessionId":"52C6EFF97C4B8B08AA4826C2AE5531F9","method":"Browser.getWindowForTarget","params":{"targetId":"3447B8559FB94281E54E09251A4FA864"}}


# Created at 2024-03-11T20:44:38.266
Unexpected IOException with stream: 20:44:38.266 [nioEventLoopGroup-3-1] DEBUG c.intuit.karate.driver.DriverOptions - << {"id":5,"result":{"windowId":427359479,"bounds":{"left":10,"top":10,"width":945,"height":1020,"windowState":"normal"}},"sessionId":"52C6EFF97C4B8B08AA4826C2AE5531F9"}


# Created at 2024-03-11T20:44:38.270
Unexpected IOException with stream: 20:44:38.269 [main] DEBUG c.intuit.karate.driver.DriverOptions - >> {"id":6,"sessionId":"52C6EFF97C4B8B08AA4826C2AE5531F9","method":"Page.navigate","params":{"url":"http:\/\/localhost:8080\/login"}}


# Created at 2024-03-11T20:44:38.273
Unexpected IOException with stream: 20:44:38.273 [nioEventLoopGroup-3-1] DEBUG c.intuit.karate.driver.DriverOptions - << {"method":"Page.frameStartedLoading","params":{"frameId":"3447B8559FB94281E54E09251A4FA864"},"sessionId":"52C6EFF97C4B8B08AA4826C2AE5531F9"}


# Created at 2024-03-11T20:44:38.282
Unexpected IOException with stream: 20:44:38.281 [nioEventLoopGroup-3-1] DEBUG c.intuit.karate.driver.DriverOptions - << {"id":6,"result":{"frameId":"3447B8559FB94281E54E09251A4FA864","loaderId":"0CA673D32A01BFDA51775F8C9C72D2E3"},"sessionId":"52C6EFF97C4B8B08AA4826C2AE5531F9"}


# Created at 2024-03-11T20:44:38.313
Unexpected IOException with stream: 20:44:38.313 [nioEventLoopGroup-3-1] DEBUG c.intuit.karate.driver.DriverOptions - << {"method":"Runtime.executionContextsCleared","params":{},"sessionId":"52C6EFF97C4B8B08AA4826C2AE5531F9"}


# Created at 2024-03-11T20:44:38.319
Unexpected IOException with stream: 20:44:38.318 [nioEventLoopGroup-3-1] DEBUG c.intuit.karate.driver.DriverOptions - << {"method":"Runtime.executionContextsCleared","params":{},"sessionId":"52C6EFF97C4B8B08AA4826C2AE5531F9"}


# Created at 2024-03-11T20:44:38.320
Unexpected IOException with stream: 20:44:38.319 [nioEventLoopGroup-3-1] DEBUG c.intuit.karate.driver.DriverOptions - << {"method":"Page.frameNavigated","params":{"frame":{"id":"3447B8559FB94281E54E09251A4FA864","loaderId":"0CA673D32A01BFDA51775F8C9C72D2E3","url":"http://localhost:8080/login","domainAndRegistry":"","securityOrigin":"http://localhost:8080","mimeType":"text/html","adFrameStatus":{"adFrameType":"none"},"secureContextType":"SecureLocalhost","crossOriginIsolatedContextType":"NotIsolated","gatedAPIFeatures":[]},"type":"Navigation"},"sessionId":"52C6EFF97C4B8B08AA4826C2AE5531F9"}


# Created at 2024-03-11T20:44:38.320
Unexpected IOException with stream: 20:44:38.320 [nioEventLoopGroup-3-1] DEBUG c.intuit.karate.driver.DriverOptions - << {"method":"Runtime.executionContextCreated","params":{"context":{"id":1,"origin":"http://localhost:8080","name":"","uniqueId":"-5774341095436012845.-5512088576817738016","auxData":{"isDefault":true,"type":"default","frameId":"3447B8559FB94281E54E09251A4FA864"}}},"sessionId":"52C6EFF97C4B8B08AA4826C2AE5531F9"}


# Created at 2024-03-11T20:44:38.340
Unexpected IOException with stream: 20:44:38.340 [nioEventLoopGroup-3-1] DEBUG c.intuit.karate.driver.DriverOptions - << {"method":"Page.domContentEventFired","params":{"timestamp":91076.732587},"sessionId":"52C6EFF97C4B8B08AA4826C2AE5531F9"}


# Created at 2024-03-11T20:44:38.341
Unexpected IOException with stream: 20:44:38.341 [nioEventLoopGroup-3-1] DEBUG c.intuit.karate.driver.DriverOptions - << {"method":"Page.loadEventFired","params":{"timestamp":91076.744285},"sessionId":"52C6EFF97C4B8B08AA4826C2AE5531F9"}


# Created at 2024-03-11T20:44:38.341
Unexpected IOException with stream: 20:44:38.341 [nioEventLoopGroup-3-1] DEBUG c.intuit.karate.driver.DriverOptions - << {"method":"Page.frameStoppedLoading","params":{"frameId":"3447B8559FB94281E54E09251A4FA864"},"sessionId":"52C6EFF97C4B8B08AA4826C2AE5531F9"}


# Created at 2024-03-11T20:44:38.343
Unexpected IOException with stream: 20:44:38.343 [main] DEBUG c.intuit.karate.driver.DriverOptions - >> {"id":7,"sessionId":"52C6EFF97C4B8B08AA4826C2AE5531F9","method":"Runtime.evaluate","params":{"expression":"var e = document.querySelector(\"#username\"); e.focus(); try { e.selectionStart = e.selectionEnd = e.value.length } catch(x) {}","returnByValue":true}}


# Created at 2024-03-11T20:44:38.345
Unexpected IOException with stream: 20:44:38.345 [nioEventLoopGroup-3-1] DEBUG c.intuit.karate.driver.DriverOptions - << {"id":7,"result":{"result":{"type":"number","value":0,"description":"0"}},"sessionId":"52C6EFF97C4B8B08AA4826C2AE5531F9"}


# Created at 2024-03-11T20:44:38.346
Unexpected IOException with stream: 20:44:38.346 [main] DEBUG c.intuit.karate.driver.DriverOptions - >> {"id":8,"sessionId":"52C6EFF97C4B8B08AA4826C2AE5531F9","method":"Input.dispatchKeyEvent","params":{"modifiers":0,"type":"rawKeyDown","text":"a","windowsVirtualKeyCode":65}}


# Created at 2024-03-11T20:44:38.348
Unexpected IOException with stream: 20:44:38.347 [nioEventLoopGroup-3-1] DEBUG c.intuit.karate.driver.DriverOptions - << {"id":8,"result":{},"sessionId":"52C6EFF97C4B8B08AA4826C2AE5531F9"}


# Created at 2024-03-11T20:44:38.348
Unexpected IOException with stream: 20:44:38.348 [main] DEBUG c.intuit.karate.driver.DriverOptions - >> {"id":9,"sessionId":"52C6EFF97C4B8B08AA4826C2AE5531F9","method":"Input.dispatchKeyEvent","params":{"modifiers":0,"type":"char","text":"a","windowsVirtualKeyCode":65}}


# Created at 2024-03-11T20:44:38.349
Unexpected IOException with stream: 20:44:38.349 [nioEventLoopGroup-3-1] DEBUG c.intuit.karate.driver.DriverOptions - << {"id":9,"result":{},"sessionId":"52C6EFF97C4B8B08AA4826C2AE5531F9"}


# Created at 2024-03-11T20:44:38.350
Unexpected IOException with stream: 20:44:38.349 [main] DEBUG c.intuit.karate.driver.DriverOptions - >> {"id":10,"sessionId":"52C6EFF97C4B8B08AA4826C2AE5531F9","method":"Input.dispatchKeyEvent","params":{"modifiers":0,"type":"keyUp","text":"a","windowsVirtualKeyCode":65}}


# Created at 2024-03-11T20:44:38.350
Unexpected IOException with stream: 20:44:38.350 [nioEventLoopGroup-3-1] DEBUG c.intuit.karate.driver.DriverOptions - << {"id":10,"result":{},"sessionId":"52C6EFF97C4B8B08AA4826C2AE5531F9"}


# Created at 2024-03-11T20:44:38.352
Unexpected IOException with stream: 20:44:38.352 [main] DEBUG c.intuit.karate.driver.DriverOptions - >> {"id":11,"sessionId":"52C6EFF97C4B8B08AA4826C2AE5531F9","method":"Runtime.evaluate","params":{"expression":"var e = document.querySelector(\"#password\"); e.focus(); try { e.selectionStart = e.selectionEnd = e.value.length } catch(x) {}","returnByValue":true}}


# Created at 2024-03-11T20:44:38.354
Unexpected IOException with stream: 20:44:38.354 [nioEventLoopGroup-3-1] DEBUG c.intuit.karate.driver.DriverOptions - << {"id":11,"result":{"result":{"type":"number","value":0,"description":"0"}},"sessionId":"52C6EFF97C4B8B08AA4826C2AE5531F9"}


# Created at 2024-03-11T20:44:38.354
Unexpected IOException with stream: 20:44:38.354 [main] DEBUG c.intuit.karate.driver.DriverOptions - >> {"id":12,"sessionId":"52C6EFF97C4B8B08AA4826C2AE5531F9","method":"Input.dispatchKeyEvent","params":{"modifiers":0,"type":"rawKeyDown","text":"a","windowsVirtualKeyCode":65}}


# Created at 2024-03-11T20:44:38.355
Unexpected IOException with stream: 20:44:38.355 [nioEventLoopGroup-3-1] DEBUG c.intuit.karate.driver.DriverOptions - << {"id":12,"result":{},"sessionId":"52C6EFF97C4B8B08AA4826C2AE5531F9"}


# Created at 2024-03-11T20:44:38.355
Unexpected IOException with stream: 20:44:38.355 [main] DEBUG c.intuit.karate.driver.DriverOptions - >> {"id":13,"sessionId":"52C6EFF97C4B8B08AA4826C2AE5531F9","method":"Input.dispatchKeyEvent","params":{"modifiers":0,"type":"char","text":"a","windowsVirtualKeyCode":65}}


# Created at 2024-03-11T20:44:38.356
Unexpected IOException with stream: 20:44:38.356 [nioEventLoopGroup-3-1] DEBUG c.intuit.karate.driver.DriverOptions - << {"id":13,"result":{},"sessionId":"52C6EFF97C4B8B08AA4826C2AE5531F9"}


# Created at 2024-03-11T20:44:38.357
Unexpected IOException with stream: 20:44:38.356 [main] DEBUG c.intuit.karate.driver.DriverOptions - >> {"id":14,"sessionId":"52C6EFF97C4B8B08AA4826C2AE5531F9","method":"Input.dispatchKeyEvent","params":{"modifiers":0,"type":"keyUp","text":"a","windowsVirtualKeyCode":65}}


# Created at 2024-03-11T20:44:38.357
Unexpected IOException with stream: 20:44:38.357 [nioEventLoopGroup-3-1] DEBUG c.intuit.karate.driver.DriverOptions - << {"id":14,"result":{},"sessionId":"52C6EFF97C4B8B08AA4826C2AE5531F9"}


# Created at 2024-03-11T20:44:38.358
Unexpected IOException with stream: 20:44:38.357 [main] DEBUG c.intuit.karate.driver.DriverOptions - >> {"id":15,"sessionId":"52C6EFF97C4B8B08AA4826C2AE5531F9","method":"Input.dispatchKeyEvent","params":{"modifiers":0,"type":"rawKeyDown","text":"a","windowsVirtualKeyCode":65}}


# Created at 2024-03-11T20:44:38.358
Unexpected IOException with stream: 20:44:38.358 [nioEventLoopGroup-3-1] DEBUG c.intuit.karate.driver.DriverOptions - << {"id":15,"result":{},"sessionId":"52C6EFF97C4B8B08AA4826C2AE5531F9"}


# Created at 2024-03-11T20:44:38.359
Unexpected IOException with stream: 20:44:38.359 [main] DEBUG c.intuit.karate.driver.DriverOptions - >> {"id":16,"sessionId":"52C6EFF97C4B8B08AA4826C2AE5531F9","method":"Input.dispatchKeyEvent","params":{"modifiers":0,"type":"char","text":"a","windowsVirtualKeyCode":65}}


# Created at 2024-03-11T20:44:38.359
Unexpected IOException with stream: 20:44:38.359 [nioEventLoopGroup-3-1] DEBUG c.intuit.karate.driver.DriverOptions - << {"id":16,"result":{},"sessionId":"52C6EFF97C4B8B08AA4826C2AE5531F9"}


# Created at 2024-03-11T20:44:38.360
Unexpected IOException with stream: 20:44:38.360 [main] DEBUG c.intuit.karate.driver.DriverOptions - >> {"id":17,"sessionId":"52C6EFF97C4B8B08AA4826C2AE5531F9","method":"Input.dispatchKeyEvent","params":{"modifiers":0,"type":"keyUp","text":"a","windowsVirtualKeyCode":65}}


# Created at 2024-03-11T20:44:38.360
Unexpected IOException with stream: 20:44:38.360 [nioEventLoopGroup-3-1] DEBUG c.intuit.karate.driver.DriverOptions - << {"id":17,"result":{},"sessionId":"52C6EFF97C4B8B08AA4826C2AE5531F9"}


# Created at 2024-03-11T20:44:38.362
Unexpected IOException with stream: 20:44:38.361 [main] DEBUG c.intuit.karate.driver.DriverOptions - >> {"id":18,"sessionId":"52C6EFF97C4B8B08AA4826C2AE5531F9","method":"Runtime.evaluate","params":{"expression":"document.querySelector(\".form-signin button\").click()","returnByValue":true}}


# Created at 2024-03-11T20:44:38.363
Unexpected IOException with stream: 20:44:38.363 [nioEventLoopGroup-3-1] DEBUG c.intuit.karate.driver.DriverOptions - << {"id":18,"result":{"result":{"type":"undefined"}},"sessionId":"52C6EFF97C4B8B08AA4826C2AE5531F9"}


