<?xml version="1.0" encoding="UTF-8"?>
<testsuite xmlns:xsi="http://www.w3.org/2001/XMLSchema-instance" xsi:noNamespaceSchemaLocation="https://maven.apache.org/surefire/maven-surefire-plugin/xsd/surefire-test-report.xsd" name="external.ExternalRunner" time="13.862" tests="6" errors="0" skipped="0" failures="1">
  <properties>
[...]
</properties>
  <testcase name="testLogin[1][1]" classname="external.ExternalRunner" time="2.419"/>
  <testcase name="testLogin[1][2]" classname="external.ExternalRunner" time="4.048">
    <failure message="js failed:&#10;&gt;&gt;&gt;&gt;&#10;01: html(&apos;.error&apos;)&#10;&lt;&lt;&lt;&lt;&#10;org.graalvm.polyglot.PolyglotException: js eval failed twice:document.querySelector(&quot;.error&quot;)[&apos;outerHTML&apos;], error: [type: MAP, value: {type=object, subtype=error, className=TypeError, description=TypeError: Cannot read properties of null (reading &apos;outerHTML&apos;)&#10;    at &lt;anonymous&gt;:1:33, objectId=-2918858177067762422.2.3}]&#10;- com.intuit.karate.driver.DevToolsDriver.evalInternal(DevToolsDriver.java:315)&#10;- com.intuit.karate.driver.DevToolsDriver.eval(DevToolsDriver.java:289)&#10;- com.intuit.karate.driver.DevToolsDriver.property(DevToolsDriver.java:695)&#10;- com.intuit.karate.driver.DevToolsDriver.html(DevToolsDriver.java:670)&#10;- &lt;js&gt;.:anonymous(Unnamed:1)&#10;&#10;classpath:external/login.feature:19" type="org.opentest4j.AssertionFailedError"><![CDATA[org.opentest4j.AssertionFailedError: 
js failed:
>>>>
01: html('.error')
<<<<
org.graalvm.polyglot.PolyglotException: js eval failed twice:document.querySelector(".error")['outerHTML'], error: [type: MAP, value: {type=object, subtype=error, className=TypeError, description=TypeError: Cannot read properties of null (reading 'outerHTML')
    at <anonymous>:1:33, objectId=-2918858177067762422.2.3}]
- com.intuit.karate.driver.DevToolsDriver.evalInternal(DevToolsDriver.java:315)
- com.intuit.karate.driver.DevToolsDriver.eval(DevToolsDriver.java:289)
- com.intuit.karate.driver.DevToolsDriver.property(DevToolsDriver.java:695)
- com.intuit.karate.driver.DevToolsDriver.html(DevToolsDriver.java:670)
- <js>.:anonymous(Unnamed:1)

classpath:external/login.feature:19
]]></failure>
    <system-out><![CDATA[13:36:26.661 [main] INFO  com.intuit.karate - karate.env system property was: null 
13:36:26.669 [main] DEBUG com.intuit.karate.shell.Command - found / verified free local port: 52410
13:36:26.669 [main] WARN  c.intuit.karate.driver.DriverOptions - preferred port 9222 not available, will use: 52410
13:36:26.670 [main] DEBUG c.i.k.driver.chrome_1709642186668 - poll attempt #0 for port to be ready - localhost:52410
13:36:26.670 [chrome_1709642186668] DEBUG c.i.k.driver.chrome_1709642186668 - command: [C:\Program Files (x86)\Google\Chrome\Application\chrome.exe, --remote-debugging-port=52410, --no-first-run, --user-data-dir=u:\hlocal\IW\gg\target\chrome_1709642186668, --disable-popup-blocking, --remote-allow-origins=*, --incognito], working dir: target\chrome_1709642186668
13:36:26.723 [chrome_1709642184831] WARN  com.intuit.karate.shell.Command - exit code was non-zero: 1 - [C:\Program Files (x86)\Google\Chrome\Application\chrome.exe, --remote-debugging-port=9222, --no-first-run, --user-data-dir=u:\hlocal\IW\gg\target\chrome_1709642184831, --disable-popup-blocking, --remote-allow-origins=*, --incognito] working dir: target\chrome_1709642184831
13:36:26.848 [chrome_1709642186668-out] DEBUG c.i.k.driver.chrome_1709642186668 - 
13:36:26.848 [chrome_1709642186668-out] DEBUG c.i.k.driver.chrome_1709642186668 - DevTools listening on ws://127.0.0.1:52410/devtools/browser/b4a1cddb-9a5e-4213-b5f4-4bc85bda92ae
13:36:26.934 [main] DEBUG c.i.k.driver.chrome_1709642186668 - poll attempt #1 for port to be ready - localhost:52410
13:36:26.939 [main] DEBUG com.intuit.karate - request:
1 > GET http://localhost:52410/json
1 > Host: localhost:52410
1 > Connection: Keep-Alive
1 > User-Agent: Apache-HttpClient/4.5.13 (Java/17.0.3.1)
1 > Accept-Encoding: gzip,deflate


13:36:26.943 [main] DEBUG com.intuit.karate - response time in milliseconds: 4
1 < 200
1 < Content-Security-Policy: frame-ancestors 'none'
1 < Content-Length: 1733
1 < Content-Type: application/json; charset=UTF-8
[ {
   "description": "",
   "devtoolsFrontendUrl": "/devtools/inspector.html?ws=localhost:52410/devtools/page/018BA8F261452F20D087EF35A936B4E7",
   "id": "018BA8F261452F20D087EF35A936B4E7",
   "title": "Google Network Speech",
   "type": "background_page",
   "url": "chrome-extension://neajdppkdcdipfabeoofebfddakdcjhd/_generated_background_page.html",
   "webSocketDebuggerUrl": "ws://localhost:52410/devtools/page/018BA8F261452F20D087EF35A936B4E7"
}, {
   "description": "",
   "devtoolsFrontendUrl": "/devtools/inspector.html?ws=localhost:52410/devtools/page/8AA0A375891BE7783DB8ADFE5C6A3242",
   "id": "8AA0A375891BE7783DB8ADFE5C6A3242",
   "title": "Google Hangouts",
   "type": "background_page",
   "url": "chrome-extension://nkeimhogjdpnpccoofpliimaahmaaome/background.html",
   "webSocketDebuggerUrl": "ws://localhost:52410/devtools/page/8AA0A375891BE7783DB8ADFE5C6A3242"
}, {
   "description": "",
   "devtoolsFrontendUrl": "/devtools/inspector.html?ws=localhost:52410/devtools/page/118E2B9716C16B8BCB3BBA37A222AB5B",
   "id": "118E2B9716C16B8BCB3BBA37A222AB5B",
   "title": "Google Hangouts",
   "type": "background_page",
   "url": "chrome-extension://nkeimhogjdpnpccoofpliimaahmaaome/background.html",
   "webSocketDebuggerUrl": "ws://localhost:52410/devtools/page/118E2B9716C16B8BCB3BBA37A222AB5B"
}, {
   "description": "",
   "devtoolsFrontendUrl": "/devtools/inspector.html?ws=localhost:52410/devtools/page/2C1036476E599C45DAF2006A1F1F945F",
   "id": "2C1036476E599C45DAF2006A1F1F945F",
   "title": "Nueva pestaña de Incógnito",
   "type": "page",
   "url": "chrome://newtab/",
   "webSocketDebuggerUrl": "ws://localhost:52410/devtools/page/2C1036476E599C45DAF2006A1F1F945F"
} ]

13:36:26.943 [main] DEBUG com.intuit.karate.shell.Command - ready to accept http connections after 5 ms - http://localhost:52410/json
13:36:26.944 [main] DEBUG com.intuit.karate - request:
1 > GET http://localhost:52410/json
1 > Host: localhost:52410
1 > Connection: Keep-Alive
1 > User-Agent: Apache-HttpClient/4.5.13 (Java/17.0.3.1)
1 > Accept-Encoding: gzip,deflate


13:36:26.947 [main] DEBUG com.intuit.karate - response time in milliseconds: 3
1 < 200
1 < Content-Security-Policy: frame-ancestors 'none'
1 < Content-Length: 1733
1 < Content-Type: application/json; charset=UTF-8
[ {
   "description": "",
   "devtoolsFrontendUrl": "/devtools/inspector.html?ws=localhost:52410/devtools/page/018BA8F261452F20D087EF35A936B4E7",
   "id": "018BA8F261452F20D087EF35A936B4E7",
   "title": "Google Network Speech",
   "type": "background_page",
   "url": "chrome-extension://neajdppkdcdipfabeoofebfddakdcjhd/_generated_background_page.html",
   "webSocketDebuggerUrl": "ws://localhost:52410/devtools/page/018BA8F261452F20D087EF35A936B4E7"
}, {
   "description": "",
   "devtoolsFrontendUrl": "/devtools/inspector.html?ws=localhost:52410/devtools/page/8AA0A375891BE7783DB8ADFE5C6A3242",
   "id": "8AA0A375891BE7783DB8ADFE5C6A3242",
   "title": "Google Hangouts",
   "type": "background_page",
   "url": "chrome-extension://nkeimhogjdpnpccoofpliimaahmaaome/background.html",
   "webSocketDebuggerUrl": "ws://localhost:52410/devtools/page/8AA0A375891BE7783DB8ADFE5C6A3242"
}, {
   "description": "",
   "devtoolsFrontendUrl": "/devtools/inspector.html?ws=localhost:52410/devtools/page/118E2B9716C16B8BCB3BBA37A222AB5B",
   "id": "118E2B9716C16B8BCB3BBA37A222AB5B",
   "title": "Google Hangouts",
   "type": "background_page",
   "url": "chrome-extension://nkeimhogjdpnpccoofpliimaahmaaome/background.html",
   "webSocketDebuggerUrl": "ws://localhost:52410/devtools/page/118E2B9716C16B8BCB3BBA37A222AB5B"
}, {
   "description": "",
   "devtoolsFrontendUrl": "/devtools/inspector.html?ws=localhost:52410/devtools/page/2C1036476E599C45DAF2006A1F1F945F",
   "id": "2C1036476E599C45DAF2006A1F1F945F",
   "title": "Nueva pestaña de Incógnito",
   "type": "page",
   "url": "chrome://newtab/",
   "webSocketDebuggerUrl": "ws://localhost:52410/devtools/page/2C1036476E599C45DAF2006A1F1F945F"
} ]

13:36:26.974 [main] DEBUG c.intuit.karate.driver.DriverOptions - root frame id: 2C1036476E599C45DAF2006A1F1F945F
13:36:26.994 [nioEventLoopGroup-3-1] DEBUG c.i.k.http.WebSocketClientHandler - websocket client connected
13:36:26.994 [main] DEBUG c.intuit.karate.driver.DriverOptions - >> {"id":1,"method":"Target.attachToTarget","params":{"targetId":"2C1036476E599C45DAF2006A1F1F945F","flatten":true}}
13:36:26.994 [nioEventLoopGroup-3-1] DEBUG c.intuit.karate.driver.DriverOptions - << {"method":"Target.attachedToTarget","params":{"sessionId":"D3C66CB558BEE06EE38B6038DFF49876","targetInfo":{"targetId":"2C1036476E599C45DAF2006A1F1F945F","type":"page","title":"Nueva pesta\u00f1a de Inc\u00f3gnito","url":"chrome://newtab/","attached":true,"canAccessOpener":false,"browserContextId":"ACB6E54C19DCEBC503C6F3B9AE0822C8"},"waitingForDebugger":false}}
13:36:26.994 [nioEventLoopGroup-3-1] DEBUG c.intuit.karate.driver.DriverOptions - << {"id":1,"result":{"sessionId":"D3C66CB558BEE06EE38B6038DFF49876"}}
13:36:26.994 [main] DEBUG c.intuit.karate.driver.DriverOptions - >> {"id":2,"sessionId":"D3C66CB558BEE06EE38B6038DFF49876","method":"Target.activateTarget","params":{"targetId":"2C1036476E599C45DAF2006A1F1F945F"}}
13:36:26.994 [nioEventLoopGroup-3-1] DEBUG c.intuit.karate.driver.DriverOptions - << {"id":2,"result":{},"sessionId":"D3C66CB558BEE06EE38B6038DFF49876"}
13:36:26.994 [main] DEBUG c.intuit.karate.driver.DriverOptions - >> {"id":3,"sessionId":"D3C66CB558BEE06EE38B6038DFF49876","method":"Page.enable"}
13:36:27.005 [nioEventLoopGroup-3-1] DEBUG c.intuit.karate.driver.DriverOptions - << {"id":3,"result":{},"sessionId":"D3C66CB558BEE06EE38B6038DFF49876"}
13:36:27.005 [main] DEBUG c.intuit.karate.driver.DriverOptions - >> {"id":4,"sessionId":"D3C66CB558BEE06EE38B6038DFF49876","method":"Runtime.enable"}
13:36:27.007 [nioEventLoopGroup-3-1] DEBUG c.intuit.karate.driver.DriverOptions - << {"method":"Runtime.executionContextCreated","params":{"context":{"id":1,"origin":"chrome://newtab","name":"","uniqueId":"8678218779798108692.-8528979372334136250","auxData":{"isDefault":true,"type":"default","frameId":"2C1036476E599C45DAF2006A1F1F945F"}}},"sessionId":"D3C66CB558BEE06EE38B6038DFF49876"}
13:36:27.007 [nioEventLoopGroup-3-1] DEBUG c.intuit.karate.driver.DriverOptions - << {"id":4,"result":{},"sessionId":"D3C66CB558BEE06EE38B6038DFF49876"}
13:36:27.007 [main] DEBUG c.intuit.karate.driver.DriverOptions - >> {"id":5,"sessionId":"D3C66CB558BEE06EE38B6038DFF49876","method":"Browser.getWindowForTarget","params":{"targetId":"2C1036476E599C45DAF2006A1F1F945F"}}
13:36:27.009 [nioEventLoopGroup-3-1] DEBUG c.intuit.karate.driver.DriverOptions - << {"id":5,"result":{"windowId":471665354,"bounds":{"left":10,"top":10,"width":945,"height":1020,"windowState":"normal"}},"sessionId":"D3C66CB558BEE06EE38B6038DFF49876"}
13:36:27.050 [main] DEBUG c.intuit.karate.driver.DriverOptions - >> {"id":6,"sessionId":"D3C66CB558BEE06EE38B6038DFF49876","method":"Page.navigate","params":{"url":"http:\/\/localhost:8080\/user\/2"}}
13:36:27.061 [nioEventLoopGroup-3-1] DEBUG c.intuit.karate.driver.DriverOptions - << {"method":"Page.frameStartedLoading","params":{"frameId":"2C1036476E599C45DAF2006A1F1F945F"},"sessionId":"D3C66CB558BEE06EE38B6038DFF49876"}
13:36:27.188 [nioEventLoopGroup-3-1] DEBUG c.intuit.karate.driver.DriverOptions - << {"id":6,"result":{"frameId":"2C1036476E599C45DAF2006A1F1F945F","loaderId":"B92D106AEC08EF3852BDF434FB99F5F0"},"sessionId":"D3C66CB558BEE06EE38B6038DFF49876"}
13:36:27.189 [nioEventLoopGroup-3-1] DEBUG c.intuit.karate.driver.DriverOptions - << {"method":"Runtime.executionContextsCleared","params":{},"sessionId":"D3C66CB558BEE06EE38B6038DFF49876"}
13:36:27.198 [nioEventLoopGroup-3-1] DEBUG c.intuit.karate.driver.DriverOptions - << {"method":"Runtime.executionContextsCleared","params":{},"sessionId":"D3C66CB558BEE06EE38B6038DFF49876"}
13:36:27.198 [nioEventLoopGroup-3-1] DEBUG c.intuit.karate.driver.DriverOptions - << {"method":"Page.frameNavigated","params":{"frame":{"id":"2C1036476E599C45DAF2006A1F1F945F","loaderId":"B92D106AEC08EF3852BDF434FB99F5F0","url":"http://localhost:8080/login","domainAndRegistry":"","securityOrigin":"http://localhost:8080","mimeType":"text/html","adFrameStatus":{"adFrameType":"none"},"secureContextType":"SecureLocalhost","crossOriginIsolatedContextType":"NotIsolated","gatedAPIFeatures":[]},"type":"Navigation"},"sessionId":"D3C66CB558BEE06EE38B6038DFF49876"}
13:36:27.199 [nioEventLoopGroup-3-1] DEBUG c.intuit.karate.driver.DriverOptions - << {"method":"Runtime.executionContextCreated","params":{"context":{"id":1,"origin":"http://localhost:8080","name":"","uniqueId":"-7156463944647591527.-4935853874668211242","auxData":{"isDefault":true,"type":"default","frameId":"2C1036476E599C45DAF2006A1F1F945F"}}},"sessionId":"D3C66CB558BEE06EE38B6038DFF49876"}
13:36:27.316 [nioEventLoopGroup-3-1] DEBUG c.intuit.karate.driver.DriverOptions - << {"method":"Page.domContentEventFired","params":{"timestamp":21884.940049},"sessionId":"D3C66CB558BEE06EE38B6038DFF49876"}
13:36:27.318 [main] DEBUG c.intuit.karate.driver.DriverOptions - >> {"id":7,"sessionId":"D3C66CB558BEE06EE38B6038DFF49876","method":"Runtime.evaluate","params":{"expression":"var e = document.querySelector(\"#username\"); e.focus(); try { e.selectionStart = e.selectionEnd = e.value.length } catch(x) {}","returnByValue":true}}
13:36:27.319 [nioEventLoopGroup-3-1] DEBUG c.intuit.karate.driver.DriverOptions - << {"method":"Page.loadEventFired","params":{"timestamp":21885.052441},"sessionId":"D3C66CB558BEE06EE38B6038DFF49876"}
13:36:27.320 [nioEventLoopGroup-3-1] DEBUG c.intuit.karate.driver.DriverOptions - << {"method":"Page.frameStoppedLoading","params":{"frameId":"2C1036476E599C45DAF2006A1F1F945F"},"sessionId":"D3C66CB558BEE06EE38B6038DFF49876"}
13:36:27.320 [nioEventLoopGroup-3-1] DEBUG c.intuit.karate.driver.DriverOptions - << {"id":7,"result":{"result":{"type":"number","value":0,"description":"0"}},"sessionId":"D3C66CB558BEE06EE38B6038DFF49876"}
13:36:27.321 [main] DEBUG c.intuit.karate.driver.DriverOptions - >> {"id":8,"sessionId":"D3C66CB558BEE06EE38B6038DFF49876","method":"Input.dispatchKeyEvent","params":{"modifiers":0,"type":"rawKeyDown","text":"d","windowsVirtualKeyCode":68}}
13:36:27.323 [nioEventLoopGroup-3-1] DEBUG c.intuit.karate.driver.DriverOptions - << {"id":8,"result":{},"sessionId":"D3C66CB558BEE06EE38B6038DFF49876"}
13:36:27.323 [main] DEBUG c.intuit.karate.driver.DriverOptions - >> {"id":9,"sessionId":"D3C66CB558BEE06EE38B6038DFF49876","method":"Input.dispatchKeyEvent","params":{"modifiers":0,"type":"char","text":"d","windowsVirtualKeyCode":68}}
13:36:27.325 [nioEventLoopGroup-3-1] DEBUG c.intuit.karate.driver.DriverOptions - << {"id":9,"result":{},"sessionId":"D3C66CB558BEE06EE38B6038DFF49876"}
13:36:27.326 [main] DEBUG c.intuit.karate.driver.DriverOptions - >> {"id":10,"sessionId":"D3C66CB558BEE06EE38B6038DFF49876","method":"Input.dispatchKeyEvent","params":{"modifiers":0,"type":"keyUp","text":"d","windowsVirtualKeyCode":68}}
13:36:27.327 [nioEventLoopGroup-3-1] DEBUG c.intuit.karate.driver.DriverOptions - << {"id":10,"result":{},"sessionId":"D3C66CB558BEE06EE38B6038DFF49876"}
13:36:27.327 [main] DEBUG c.intuit.karate.driver.DriverOptions - >> {"id":11,"sessionId":"D3C66CB558BEE06EE38B6038DFF49876","method":"Input.dispatchKeyEvent","params":{"modifiers":0,"type":"rawKeyDown","text":"u","windowsVirtualKeyCode":85}}
13:36:27.328 [nioEventLoopGroup-3-1] DEBUG c.intuit.karate.driver.DriverOptions - << {"id":11,"result":{},"sessionId":"D3C66CB558BEE06EE38B6038DFF49876"}
13:36:27.329 [main] DEBUG c.intuit.karate.driver.DriverOptions - >> {"id":12,"sessionId":"D3C66CB558BEE06EE38B6038DFF49876","method":"Input.dispatchKeyEvent","params":{"modifiers":0,"type":"char","text":"u","windowsVirtualKeyCode":85}}
13:36:27.331 [nioEventLoopGroup-3-1] DEBUG c.intuit.karate.driver.DriverOptions - << {"id":12,"result":{},"sessionId":"D3C66CB558BEE06EE38B6038DFF49876"}
13:36:27.331 [main] DEBUG c.intuit.karate.driver.DriverOptions - >> {"id":13,"sessionId":"D3C66CB558BEE06EE38B6038DFF49876","method":"Input.dispatchKeyEvent","params":{"modifiers":0,"type":"keyUp","text":"u","windowsVirtualKeyCode":85}}
13:36:27.333 [nioEventLoopGroup-3-1] DEBUG c.intuit.karate.driver.DriverOptions - << {"id":13,"result":{},"sessionId":"D3C66CB558BEE06EE38B6038DFF49876"}
13:36:27.333 [main] DEBUG c.intuit.karate.driver.DriverOptions - >> {"id":14,"sessionId":"D3C66CB558BEE06EE38B6038DFF49876","method":"Input.dispatchKeyEvent","params":{"modifiers":0,"type":"rawKeyDown","text":"m","windowsVirtualKeyCode":77}}
13:36:27.334 [nioEventLoopGroup-3-1] DEBUG c.intuit.karate.driver.DriverOptions - << {"id":14,"result":{},"sessionId":"D3C66CB558BEE06EE38B6038DFF49876"}
13:36:27.335 [main] DEBUG c.intuit.karate.driver.DriverOptions - >> {"id":15,"sessionId":"D3C66CB558BEE06EE38B6038DFF49876","method":"Input.dispatchKeyEvent","params":{"modifiers":0,"type":"char","text":"m","windowsVirtualKeyCode":77}}
13:36:27.336 [nioEventLoopGroup-3-1] DEBUG c.intuit.karate.driver.DriverOptions - << {"id":15,"result":{},"sessionId":"D3C66CB558BEE06EE38B6038DFF49876"}
13:36:27.337 [main] DEBUG c.intuit.karate.driver.DriverOptions - >> {"id":16,"sessionId":"D3C66CB558BEE06EE38B6038DFF49876","method":"Input.dispatchKeyEvent","params":{"modifiers":0,"type":"keyUp","text":"m","windowsVirtualKeyCode":77}}
13:36:27.337 [nioEventLoopGroup-3-1] DEBUG c.intuit.karate.driver.DriverOptions - << {"id":16,"result":{},"sessionId":"D3C66CB558BEE06EE38B6038DFF49876"}
13:36:27.338 [main] DEBUG c.intuit.karate.driver.DriverOptions - >> {"id":17,"sessionId":"D3C66CB558BEE06EE38B6038DFF49876","method":"Input.dispatchKeyEvent","params":{"modifiers":0,"type":"rawKeyDown","text":"m","windowsVirtualKeyCode":77}}
13:36:27.340 [nioEventLoopGroup-3-1] DEBUG c.intuit.karate.driver.DriverOptions - << {"id":17,"result":{},"sessionId":"D3C66CB558BEE06EE38B6038DFF49876"}
13:36:27.340 [main] DEBUG c.intuit.karate.driver.DriverOptions - >> {"id":18,"sessionId":"D3C66CB558BEE06EE38B6038DFF49876","method":"Input.dispatchKeyEvent","params":{"modifiers":0,"type":"char","text":"m","windowsVirtualKeyCode":77}}
13:36:27.342 [nioEventLoopGroup-3-1] DEBUG c.intuit.karate.driver.DriverOptions - << {"id":18,"result":{},"sessionId":"D3C66CB558BEE06EE38B6038DFF49876"}
13:36:27.343 [main] DEBUG c.intuit.karate.driver.DriverOptions - >> {"id":19,"sessionId":"D3C66CB558BEE06EE38B6038DFF49876","method":"Input.dispatchKeyEvent","params":{"modifiers":0,"type":"keyUp","text":"m","windowsVirtualKeyCode":77}}
13:36:27.343 [nioEventLoopGroup-3-1] DEBUG c.intuit.karate.driver.DriverOptions - << {"id":19,"result":{},"sessionId":"D3C66CB558BEE06EE38B6038DFF49876"}
13:36:27.344 [main] DEBUG c.intuit.karate.driver.DriverOptions - >> {"id":20,"sessionId":"D3C66CB558BEE06EE38B6038DFF49876","method":"Input.dispatchKeyEvent","params":{"modifiers":0,"type":"rawKeyDown","text":"y","windowsVirtualKeyCode":89}}
13:36:27.345 [nioEventLoopGroup-3-1] DEBUG c.intuit.karate.driver.DriverOptions - << {"id":20,"result":{},"sessionId":"D3C66CB558BEE06EE38B6038DFF49876"}
13:36:27.345 [main] DEBUG c.intuit.karate.driver.DriverOptions - >> {"id":21,"sessionId":"D3C66CB558BEE06EE38B6038DFF49876","method":"Input.dispatchKeyEvent","params":{"modifiers":0,"type":"char","text":"y","windowsVirtualKeyCode":89}}
13:36:27.347 [nioEventLoopGroup-3-1] DEBUG c.intuit.karate.driver.DriverOptions - << {"id":21,"result":{},"sessionId":"D3C66CB558BEE06EE38B6038DFF49876"}
13:36:27.347 [main] DEBUG c.intuit.karate.driver.DriverOptions - >> {"id":22,"sessionId":"D3C66CB558BEE06EE38B6038DFF49876","method":"Input.dispatchKeyEvent","params":{"modifiers":0,"type":"keyUp","text":"y","windowsVirtualKeyCode":89}}
13:36:27.348 [nioEventLoopGroup-3-1] DEBUG c.intuit.karate.driver.DriverOptions - << {"id":22,"result":{},"sessionId":"D3C66CB558BEE06EE38B6038DFF49876"}
13:36:27.349 [main] DEBUG c.intuit.karate.driver.DriverOptions - >> {"id":23,"sessionId":"D3C66CB558BEE06EE38B6038DFF49876","method":"Runtime.evaluate","params":{"expression":"var e = document.querySelector(\"#password\"); e.focus(); try { e.selectionStart = e.selectionEnd = e.value.length } catch(x) {}","returnByValue":true}}
13:36:27.351 [nioEventLoopGroup-3-1] DEBUG c.intuit.karate.driver.DriverOptions - << {"id":23,"result":{"result":{"type":"number","value":0,"description":"0"}},"sessionId":"D3C66CB558BEE06EE38B6038DFF49876"}
13:36:27.351 [main] DEBUG c.intuit.karate.driver.DriverOptions - >> {"id":24,"sessionId":"D3C66CB558BEE06EE38B6038DFF49876","method":"Input.dispatchKeyEvent","params":{"modifiers":0,"type":"rawKeyDown","text":"w","windowsVirtualKeyCode":87}}
13:36:27.351 [nioEventLoopGroup-3-1] DEBUG c.intuit.karate.driver.DriverOptions - << {"id":24,"result":{},"sessionId":"D3C66CB558BEE06EE38B6038DFF49876"}
13:36:27.351 [main] DEBUG c.intuit.karate.driver.DriverOptions - >> {"id":25,"sessionId":"D3C66CB558BEE06EE38B6038DFF49876","method":"Input.dispatchKeyEvent","params":{"modifiers":0,"type":"char","text":"w","windowsVirtualKeyCode":87}}
13:36:27.351 [nioEventLoopGroup-3-1] DEBUG c.intuit.karate.driver.DriverOptions - << {"id":25,"result":{},"sessionId":"D3C66CB558BEE06EE38B6038DFF49876"}
13:36:27.351 [main] DEBUG c.intuit.karate.driver.DriverOptions - >> {"id":26,"sessionId":"D3C66CB558BEE06EE38B6038DFF49876","method":"Input.dispatchKeyEvent","params":{"modifiers":0,"type":"keyUp","text":"w","windowsVirtualKeyCode":87}}
13:36:27.356 [nioEventLoopGroup-3-1] DEBUG c.intuit.karate.driver.DriverOptions - << {"id":26,"result":{},"sessionId":"D3C66CB558BEE06EE38B6038DFF49876"}
13:36:27.357 [main] DEBUG c.intuit.karate.driver.DriverOptions - >> {"id":27,"sessionId":"D3C66CB558BEE06EE38B6038DFF49876","method":"Input.dispatchKeyEvent","params":{"modifiers":0,"type":"rawKeyDown","text":"o","windowsVirtualKeyCode":79}}
13:36:27.358 [nioEventLoopGroup-3-1] DEBUG c.intuit.karate.driver.DriverOptions - << {"id":27,"result":{},"sessionId":"D3C66CB558BEE06EE38B6038DFF49876"}
13:36:27.358 [main] DEBUG c.intuit.karate.driver.DriverOptions - >> {"id":28,"sessionId":"D3C66CB558BEE06EE38B6038DFF49876","method":"Input.dispatchKeyEvent","params":{"modifiers":0,"type":"char","text":"o","windowsVirtualKeyCode":79}}
13:36:27.360 [nioEventLoopGroup-3-1] DEBUG c.intuit.karate.driver.DriverOptions - << {"id":28,"result":{},"sessionId":"D3C66CB558BEE06EE38B6038DFF49876"}
13:36:27.360 [main] DEBUG c.intuit.karate.driver.DriverOptions - >> {"id":29,"sessionId":"D3C66CB558BEE06EE38B6038DFF49876","method":"Input.dispatchKeyEvent","params":{"modifiers":0,"type":"keyUp","text":"o","windowsVirtualKeyCode":79}}
13:36:27.361 [nioEventLoopGroup-3-1] DEBUG c.intuit.karate.driver.DriverOptions - << {"id":29,"result":{},"sessionId":"D3C66CB558BEE06EE38B6038DFF49876"}
13:36:27.362 [main] DEBUG c.intuit.karate.driver.DriverOptions - >> {"id":30,"sessionId":"D3C66CB558BEE06EE38B6038DFF49876","method":"Input.dispatchKeyEvent","params":{"modifiers":0,"type":"rawKeyDown","text":"r","windowsVirtualKeyCode":82}}
13:36:27.363 [nioEventLoopGroup-3-1] DEBUG c.intuit.karate.driver.DriverOptions - << {"id":30,"result":{},"sessionId":"D3C66CB558BEE06EE38B6038DFF49876"}
13:36:27.363 [main] DEBUG c.intuit.karate.driver.DriverOptions - >> {"id":31,"sessionId":"D3C66CB558BEE06EE38B6038DFF49876","method":"Input.dispatchKeyEvent","params":{"modifiers":0,"type":"char","text":"r","windowsVirtualKeyCode":82}}
13:36:27.365 [nioEventLoopGroup-3-1] DEBUG c.intuit.karate.driver.DriverOptions - << {"id":31,"result":{},"sessionId":"D3C66CB558BEE06EE38B6038DFF49876"}
13:36:27.366 [main] DEBUG c.intuit.karate.driver.DriverOptions - >> {"id":32,"sessionId":"D3C66CB558BEE06EE38B6038DFF49876","method":"Input.dispatchKeyEvent","params":{"modifiers":0,"type":"keyUp","text":"r","windowsVirtualKeyCode":82}}
13:36:27.367 [nioEventLoopGroup-3-1] DEBUG c.intuit.karate.driver.DriverOptions - << {"id":32,"result":{},"sessionId":"D3C66CB558BEE06EE38B6038DFF49876"}
13:36:27.367 [main] DEBUG c.intuit.karate.driver.DriverOptions - >> {"id":33,"sessionId":"D3C66CB558BEE06EE38B6038DFF49876","method":"Input.dispatchKeyEvent","params":{"modifiers":0,"type":"rawKeyDown","text":"l","windowsVirtualKeyCode":76}}
13:36:27.368 [nioEventLoopGroup-3-1] DEBUG c.intuit.karate.driver.DriverOptions - << {"id":33,"result":{},"sessionId":"D3C66CB558BEE06EE38B6038DFF49876"}
13:36:27.368 [main] DEBUG c.intuit.karate.driver.DriverOptions - >> {"id":34,"sessionId":"D3C66CB558BEE06EE38B6038DFF49876","method":"Input.dispatchKeyEvent","params":{"modifiers":0,"type":"char","text":"l","windowsVirtualKeyCode":76}}
13:36:27.369 [nioEventLoopGroup-3-1] DEBUG c.intuit.karate.driver.DriverOptions - << {"id":34,"result":{},"sessionId":"D3C66CB558BEE06EE38B6038DFF49876"}
13:36:27.370 [main] DEBUG c.intuit.karate.driver.DriverOptions - >> {"id":35,"sessionId":"D3C66CB558BEE06EE38B6038DFF49876","method":"Input.dispatchKeyEvent","params":{"modifiers":0,"type":"keyUp","text":"l","windowsVirtualKeyCode":76}}
13:36:27.371 [nioEventLoopGroup-3-1] DEBUG c.intuit.karate.driver.DriverOptions - << {"id":35,"result":{},"sessionId":"D3C66CB558BEE06EE38B6038DFF49876"}
13:36:27.371 [main] DEBUG c.intuit.karate.driver.DriverOptions - >> {"id":36,"sessionId":"D3C66CB558BEE06EE38B6038DFF49876","method":"Input.dispatchKeyEvent","params":{"modifiers":0,"type":"rawKeyDown","text":"d","windowsVirtualKeyCode":68}}
13:36:27.372 [nioEventLoopGroup-3-1] DEBUG c.intuit.karate.driver.DriverOptions - << {"id":36,"result":{},"sessionId":"D3C66CB558BEE06EE38B6038DFF49876"}
13:36:27.373 [main] DEBUG c.intuit.karate.driver.DriverOptions - >> {"id":37,"sessionId":"D3C66CB558BEE06EE38B6038DFF49876","method":"Input.dispatchKeyEvent","params":{"modifiers":0,"type":"char","text":"d","windowsVirtualKeyCode":68}}
13:36:27.374 [nioEventLoopGroup-3-1] DEBUG c.intuit.karate.driver.DriverOptions - << {"id":37,"result":{},"sessionId":"D3C66CB558BEE06EE38B6038DFF49876"}
13:36:27.375 [main] DEBUG c.intuit.karate.driver.DriverOptions - >> {"id":38,"sessionId":"D3C66CB558BEE06EE38B6038DFF49876","method":"Input.dispatchKeyEvent","params":{"modifiers":0,"type":"keyUp","text":"d","windowsVirtualKeyCode":68}}
13:36:27.375 [nioEventLoopGroup-3-1] DEBUG c.intuit.karate.driver.DriverOptions - << {"id":38,"result":{},"sessionId":"D3C66CB558BEE06EE38B6038DFF49876"}
13:36:27.377 [main] DEBUG c.intuit.karate.driver.DriverOptions - >> {"id":39,"sessionId":"D3C66CB558BEE06EE38B6038DFF49876","method":"Runtime.evaluate","params":{"expression":"document.querySelector(\".form-signin button\").click()","returnByValue":true}}
13:36:27.378 [nioEventLoopGroup-3-1] DEBUG c.intuit.karate.driver.DriverOptions - << {"id":39,"result":{"result":{"type":"undefined"}},"sessionId":"D3C66CB558BEE06EE38B6038DFF49876"}
13:36:27.379 [nioEventLoopGroup-3-1] DEBUG c.intuit.karate.driver.DriverOptions - << {"method":"Page.frameScheduledNavigation","params":{"frameId":"2C1036476E599C45DAF2006A1F1F945F","delay":0,"reason":"formSubmissionPost","url":"http://localhost:8080/login"},"sessionId":"D3C66CB558BEE06EE38B6038DFF49876"}
13:36:27.379 [nioEventLoopGroup-3-1] DEBUG c.intuit.karate.driver.DriverOptions - << {"method":"Page.frameRequestedNavigation","params":{"frameId":"2C1036476E599C45DAF2006A1F1F945F","reason":"formSubmissionPost","url":"http://localhost:8080/login","disposition":"currentTab"},"sessionId":"D3C66CB558BEE06EE38B6038DFF49876"}
13:36:27.380 [nioEventLoopGroup-3-1] DEBUG c.intuit.karate.driver.DriverOptions - << {"method":"Page.frameStartedLoading","params":{"frameId":"2C1036476E599C45DAF2006A1F1F945F"},"sessionId":"D3C66CB558BEE06EE38B6038DFF49876"}
13:36:27.381 [nioEventLoopGroup-3-1] DEBUG c.intuit.karate.driver.DriverOptions - << {"method":"Page.frameClearedScheduledNavigation","params":{"frameId":"2C1036476E599C45DAF2006A1F1F945F"},"sessionId":"D3C66CB558BEE06EE38B6038DFF49876"}
13:36:27.587 [nioEventLoopGroup-3-1] DEBUG c.intuit.karate.driver.DriverOptions - << {"method":"Runtime.executionContextsCleared","params":{},"sessionId":"D3C66CB558BEE06EE38B6038DFF49876"}
13:36:27.588 [nioEventLoopGroup-3-1] DEBUG c.intuit.karate.driver.DriverOptions - << {"method":"Page.frameNavigated","params":{"frame":{"id":"2C1036476E599C45DAF2006A1F1F945F","loaderId":"767CC3F469AA9C55A47489CCDBEA6AAA","url":"http://localhost:8080/login?error","domainAndRegistry":"","securityOrigin":"http://localhost:8080","mimeType":"text/html","adFrameStatus":{"adFrameType":"none"},"secureContextType":"SecureLocalhost","crossOriginIsolatedContextType":"NotIsolated","gatedAPIFeatures":[]},"type":"Navigation"},"sessionId":"D3C66CB558BEE06EE38B6038DFF49876"}
13:36:27.588 [nioEventLoopGroup-3-1] DEBUG c.intuit.karate.driver.DriverOptions - << {"method":"Runtime.executionContextCreated","params":{"context":{"id":2,"origin":"http://localhost:8080","name":"","uniqueId":"-3184858702276158672.-6085360795119432943","auxData":{"isDefault":true,"type":"default","frameId":"2C1036476E599C45DAF2006A1F1F945F"}}},"sessionId":"D3C66CB558BEE06EE38B6038DFF49876"}
13:36:27.602 [nioEventLoopGroup-3-1] DEBUG c.intuit.karate.driver.DriverOptions - << {"method":"Page.domContentEventFired","params":{"timestamp":21885.334369},"sessionId":"D3C66CB558BEE06EE38B6038DFF49876"}
13:36:27.602 [nioEventLoopGroup-3-1] DEBUG c.intuit.karate.driver.DriverOptions - << {"method":"Page.loadEventFired","params":{"timestamp":21885.334747},"sessionId":"D3C66CB558BEE06EE38B6038DFF49876"}
13:36:27.603 [nioEventLoopGroup-3-1] DEBUG c.intuit.karate.driver.DriverOptions - << {"method":"Page.frameStoppedLoading","params":{"frameId":"2C1036476E599C45DAF2006A1F1F945F"},"sessionId":"D3C66CB558BEE06EE38B6038DFF49876"}
13:36:27.604 [main] DEBUG c.intuit.karate.driver.DriverOptions - >> {"id":40,"sessionId":"D3C66CB558BEE06EE38B6038DFF49876","method":"Runtime.evaluate","params":{"expression":"document.querySelector(\".error\")['outerHTML']","returnByValue":true}}
13:36:27.605 [nioEventLoopGroup-3-1] DEBUG c.intuit.karate.driver.DriverOptions - << {"id":40,"result":{"result":{"type":"object","subtype":"error","className":"TypeError","description":"TypeError: Cannot read properties of null (reading 'outerHTML')\n    at <anonymous>:1:33","objectId":"-2918858177067762422.2.1"},"exceptionDetails":{"exceptionId":1,"text":"Uncaught","lineNumber":0,"columnNumber":32,"scriptId":"10","stackTrace":{"callFrames":[{"functionName":"","scriptId":"10","url":"","lineNumber":0,"columnNumber":32}]},"exception":{"type":"object","subtype":"error","className":"TypeError","description":"TypeError: Cannot read properties of null (reading 'outerHTML')\n    at <anonymous>:1:33","objectId":"-2918858177067762422.2.2"}}},"sessionId":"D3C66CB558BEE06EE38B6038DFF49876"}
13:36:27.605 [nioEventLoopGroup-3-1] WARN  c.intuit.karate.driver.DriverOptions - devtools error: [id: 40, sessionId: D3C66CB558BEE06EE38B6038DFF49876, result: [type: MAP, value: {type=object, subtype=error, className=TypeError, description=TypeError: Cannot read properties of null (reading 'outerHTML')
    at <anonymous>:1:33, objectId=-2918858177067762422.2.1}]]
13:36:27.606 [main] WARN  c.intuit.karate.driver.DriverOptions - js eval failed once:document.querySelector(".error")['outerHTML'], error: [type: MAP, value: {type=object, subtype=error, className=TypeError, description=TypeError: Cannot read properties of null (reading 'outerHTML')
    at <anonymous>:1:33, objectId=-2918858177067762422.2.1}]
13:36:30.608 [main] DEBUG c.intuit.karate.driver.DriverOptions - >> {"id":41,"sessionId":"D3C66CB558BEE06EE38B6038DFF49876","method":"Runtime.evaluate","params":{"expression":"document.querySelector(\".error\")['outerHTML']","returnByValue":true}}
13:36:30.608 [nioEventLoopGroup-3-1] DEBUG c.intuit.karate.driver.DriverOptions - << {"id":41,"result":{"result":{"type":"object","subtype":"error","className":"TypeError","description":"TypeError: Cannot read properties of null (reading 'outerHTML')\n    at <anonymous>:1:33","objectId":"-2918858177067762422.2.3"},"exceptionDetails":{"exceptionId":2,"text":"Uncaught","lineNumber":0,"columnNumber":32,"scriptId":"10","stackTrace":{"callFrames":[{"functionName":"","scriptId":"10","url":"","lineNumber":0,"columnNumber":32}]},"exception":{"type":"object","subtype":"error","className":"TypeError","description":"TypeError: Cannot read properties of null (reading 'outerHTML')\n    at <anonymous>:1:33","objectId":"-2918858177067762422.2.4"}}},"sessionId":"D3C66CB558BEE06EE38B6038DFF49876"}
13:36:30.608 [nioEventLoopGroup-3-1] WARN  c.intuit.karate.driver.DriverOptions - devtools error: [id: 41, sessionId: D3C66CB558BEE06EE38B6038DFF49876, result: [type: MAP, value: {type=object, subtype=error, className=TypeError, description=TypeError: Cannot read properties of null (reading 'outerHTML')
    at <anonymous>:1:33, objectId=-2918858177067762422.2.3}]]
13:36:30.608 [main] ERROR c.intuit.karate.driver.DriverOptions - js eval failed twice:document.querySelector(".error")['outerHTML'], error: [type: MAP, value: {type=object, subtype=error, className=TypeError, description=TypeError: Cannot read properties of null (reading 'outerHTML')
    at <anonymous>:1:33, objectId=-2918858177067762422.2.3}]
13:36:30.608 [main] ERROR com.intuit.karate - classpath:external/login.feature:19
Then match html('.error') contains 'Error en nombre de usuario o contraseña'
js failed:
>>>>
01: html('.error')
<<<<
org.graalvm.polyglot.PolyglotException: js eval failed twice:document.querySelector(".error")['outerHTML'], error: [type: MAP, value: {type=object, subtype=error, className=TypeError, description=TypeError: Cannot read properties of null (reading 'outerHTML')
    at <anonymous>:1:33, objectId=-2918858177067762422.2.3}]
- com.intuit.karate.driver.DevToolsDriver.evalInternal(DevToolsDriver.java:315)
- com.intuit.karate.driver.DevToolsDriver.eval(DevToolsDriver.java:289)
- com.intuit.karate.driver.DevToolsDriver.property(DevToolsDriver.java:695)
- com.intuit.karate.driver.DevToolsDriver.html(DevToolsDriver.java:670)
- <js>.:anonymous(Unnamed:1)

classpath:external/login.feature:19
13:36:30.618 [main] DEBUG c.intuit.karate.driver.DriverOptions - >> {"id":42,"sessionId":"D3C66CB558BEE06EE38B6038DFF49876","method":"Page.captureScreenshot"}
13:36:30.687 [nioEventLoopGroup-3-1] DEBUG c.intuit.karate.driver.DriverOptions - << {"id":42,"result":{"data":"iVBORw0KGgoAAAANSUhEUgAAA6EAAANyCAYAAACT8c2rAAAAAXNSR0IArs4c6QAAIABJREFUeJzs3X98VfWd7/v3Wnvv7BAMCsIGC7QjIB0w2gjOoY6Pm2IRQs9Y9U4cZqSahzp4tUfv2DnGjPrQ2/boYJuJM/VeOcVpRn1sLU45Zm6t9JRAqZhzrTIjkNGIUwrYFrBxE/mRaGD/Wt/7x9q/9w4ECPsHvJ6PRx6QlfXj+13srfud7+f7XZYxxggAgFMQjkRL3QSUkL/KV+omAAAqkF3qBgAAAAAAzh2EUAAAAABA0RBCAQAAAABFQwgFAAAAABQNIRQAAAAAUDSEUAAAAABA0RBCAQAAAABFQwgFAAAAABQNIRQAAAAAUDTeUjcAAIBKEo1GNTg4qEgkLGNK3ZrTY1lSVZVftbW18vl8pW4OAOAcQQgFAGCEotGoPv64X7W14zR+/HhZllXqJp0WY4yGhob08cf9uvDCiQRRAEBRUI4LAMAIDQ4OqrZ2nMaOHVvxAVSSLMvS2LFjVVs7ToODg6VuDgDgHEEIBQBghCKRsGpqakrdjFFXU1OjSCRc6mYAAM4RhFAAAEbIGJ0VI6C5LMuq+PmtAIDKQQgFAAAAABQNIRQAUBGs2G4p3lfqZgAAgNNECAUAlJ/YbineL2vwv8v70RXyHHlUVf2XynfgSnmOPKyqvguk8NtS9AOCKQAAFYZHtAAAyocJS5H/kP/QH2VvP7ZHsmtlm2Oyjv4/shSW/9Afu4cYW9HJv5OxxksWjxgBAKDcEUIBAOUh+hv5P/68JCPJlmNNU7yqUbEx98q2h2TFQ5JdJVkXyYn1y3v0+7Jjr8vWx6oKTZNjTVdk0vuy7KpS9wQAABwHIRQAUGKONNQl36ffkmRk7M8pXPsjWZHX5T/6kHzhHwxznE+Rcf8sE/tI/qMPyTZ75em/Sc64v5aqrylyHwAAwEgRQgEApXV0i/wDN0iyFPW3yHhnqPrIF0dwY ...
13:36:30.689 [main] DEBUG c.intuit.karate.driver.DriverOptions - >> {"id":43,"sessionId":"D3C66CB558BEE06EE38B6038DFF49876","method":"Target.closeTarget","params":{"targetId":"2C1036476E599C45DAF2006A1F1F945F"}}
13:36:30.689 [nioEventLoopGroup-3-1] DEBUG c.i.k.http.WebSocketClientHandler - websocket closing
13:36:30.689 [nioEventLoopGroup-3-1] DEBUG c.i.k.http.WebSocketClientHandler - websocket client disconnected
13:36:30.689 [main] DEBUG com.intuit.karate.shell.Command - closing command: chrome_1709642186668
]]></system-out>
  </testcase>
  <testcase name="testLogin[1][3]" classname="external.ExternalRunner" time="1.175"/>
  <testcase name="testLogin[1][4]" classname="external.ExternalRunner" time="0.992"/>
  <testcase name="testLogin[1][5]" classname="external.ExternalRunner" time="1.611"/>
  <testcase name="testWs[1][1]" classname="external.ExternalRunner" time="3.07"/>
</testsuite>