<?xml version="1.0" encoding="UTF-8"?>
<testsuite xmlns:xsi="http://www.w3.org/2001/XMLSchema-instance" xsi:noNamespaceSchemaLocation="https://maven.apache.org/surefire/maven-surefire-plugin/xsd/surefire-test-report.xsd" name="external.ExternalRunner" time="11.824" tests="8" errors="0" skipped="0" failures="3">
  <properties>
[...]
</properties>
  <testcase name="testLogin[1][1]" classname="external.ExternalRunner" time="2.392"/>
  <testcase name="testLogin[1][2]" classname="external.ExternalRunner" time="0.902"/>
  <testcase name="testLogin[1][3]" classname="external.ExternalRunner" time="0.571"/>
  <testcase name="testLogin[1][4]" classname="external.ExternalRunner" time="0.514"/>
  <testcase name="testLogin[1][5]" classname="external.ExternalRunner" time="0.984"/>
  <testcase name="testGuia[1][1]" classname="external.ExternalRunner" time="3.483">
    <failure message="js failed:&#10;&gt;&gt;&gt;&gt;&#10;01: click(&apos;.guias a:first-child&apos;)&#10;&lt;&lt;&lt;&lt;&#10;org.graalvm.polyglot.PolyglotException: js eval failed twice:document.querySelector(&quot;.guias a:first-child&quot;).click(), error: [type: MAP, value: {type=object, subtype=error, className=TypeError, description=TypeError: Cannot read properties of null (reading &apos;click&apos;)&#10;    at &lt;anonymous&gt;:1:47, objectId=3182363414864246347.2.3}]&#10;- com.intuit.karate.driver.DevToolsDriver.evalInternal(DevToolsDriver.java:315)&#10;- com.intuit.karate.driver.DevToolsDriver.eval(DevToolsDriver.java:289)&#10;- com.intuit.karate.driver.DevToolsDriver.click(DevToolsDriver.java:511)&#10;- &lt;js&gt;.:anonymous(Unnamed:1)&#10;&#10;classpath:external/guias.feature:7" type="org.opentest4j.AssertionFailedError"><![CDATA[org.opentest4j.AssertionFailedError: 
js failed:
>>>>
01: click('.guias a:first-child')
<<<<
org.graalvm.polyglot.PolyglotException: js eval failed twice:document.querySelector(".guias a:first-child").click(), error: [type: MAP, value: {type=object, subtype=error, className=TypeError, description=TypeError: Cannot read properties of null (reading 'click')
    at <anonymous>:1:47, objectId=3182363414864246347.2.3}]
- com.intuit.karate.driver.DevToolsDriver.evalInternal(DevToolsDriver.java:315)
- com.intuit.karate.driver.DevToolsDriver.eval(DevToolsDriver.java:289)
- com.intuit.karate.driver.DevToolsDriver.click(DevToolsDriver.java:511)
- <js>.:anonymous(Unnamed:1)

classpath:external/guias.feature:7
]]></failure>
    <system-out><![CDATA[21:26:35.310 [main] DEBUG com.intuit.karate.Suite - [config] classpath:karate-config.js
21:26:35.312 [main] INFO  com.intuit.karate - karate.env system property was: null 
21:26:35.314 [main] DEBUG com.intuit.karate.shell.Command - found / verified free local port: 50391
21:26:35.314 [main] WARN  c.intuit.karate.driver.DriverOptions - preferred port 9222 not available, will use: 50391
21:26:35.315 [main] DEBUG c.i.k.driver.chrome_1710188795314 - poll attempt #0 for port to be ready - localhost:50391
21:26:35.315 [chrome_1710188795314] DEBUG c.i.k.driver.chrome_1710188795314 - command: [C:\Program Files\Google\Chrome\Application\chrome.exe, --remote-debugging-port=50391, --no-first-run, --user-data-dir=C:\ucm\IW\gg\target\chrome_1710188795314, --disable-popup-blocking, --remote-allow-origins=*, --incognito], working dir: target\chrome_1710188795314
21:26:35.410 [chrome_1710188795314-out] DEBUG c.i.k.driver.chrome_1710188795314 - 
21:26:35.410 [chrome_1710188795314-out] DEBUG c.i.k.driver.chrome_1710188795314 - DevTools listening on ws://127.0.0.1:50391/devtools/browser/33f7ec32-78cb-4691-8be5-6e6c4db08753
21:26:35.573 [main] DEBUG c.i.k.driver.chrome_1710188795314 - poll attempt #1 for port to be ready - localhost:50391
21:26:35.577 [main] DEBUG com.intuit.karate - request:
1 > GET http://localhost:50391/json
1 > Host: localhost:50391
1 > Connection: Keep-Alive
1 > User-Agent: Apache-HttpClient/4.5.13 (Java/11.0.21)
1 > Accept-Encoding: gzip,deflate


21:26:35.578 [main] DEBUG com.intuit.karate - response time in milliseconds: 1
1 < 200
1 < Content-Security-Policy: frame-ancestors 'none'
1 < Content-Length: 2557
1 < Content-Type: application/json; charset=UTF-8
[ {
   "description": "",
   "devtoolsFrontendUrl": "/devtools/inspector.html?ws=localhost:50391/devtools/page/D8B67124E4E9141004CFB438594F43A2",
   "id": "D8B67124E4E9141004CFB438594F43A2",
   "title": "Google Network Speech",
   "type": "background_page",
   "url": "chrome-extension://neajdppkdcdipfabeoofebfddakdcjhd/_generated_background_page.html",
   "webSocketDebuggerUrl": "ws://localhost:50391/devtools/page/D8B67124E4E9141004CFB438594F43A2"
}, {
   "description": "",
   "devtoolsFrontendUrl": "/devtools/inspector.html?ws=localhost:50391/devtools/page/3949C071FD4BF1450C1C7C4BEFA6F4C7",
   "id": "3949C071FD4BF1450C1C7C4BEFA6F4C7",
   "title": "Google Hangouts",
   "type": "background_page",
   "url": "chrome-extension://nkeimhogjdpnpccoofpliimaahmaaome/background.html",
   "webSocketDebuggerUrl": "ws://localhost:50391/devtools/page/3949C071FD4BF1450C1C7C4BEFA6F4C7"
}, {
   "description": "",
   "devtoolsFrontendUrl": "/devtools/inspector.html?ws=localhost:50391/devtools/page/BF620CA4E71F97B15A3D38627EAAA6BC",
   "id": "BF620CA4E71F97B15A3D38627EAAA6BC",
   "title": "Google Hangouts",
   "type": "background_page",
   "url": "chrome-extension://nkeimhogjdpnpccoofpliimaahmaaome/background.html",
   "webSocketDebuggerUrl": "ws://localhost:50391/devtools/page/BF620CA4E71F97B15A3D38627EAAA6BC"
}, {
   "description": "",
   "devtoolsFrontendUrl": "/devtools/inspector.html?ws=localhost:50391/devtools/page/04E2F5A98DDA245AD5EACA4DC462A50E",
   "faviconUrl": "data:image/svg+xml;base64,PHN2ZyB4bWxucz0iaHR0cDovL3d3dy53My5vcmcvMjAwMC9zdmciIGhlaWdodD0iMjQiIHZpZXdCb3g9IjAgMCAyNCAyNCIgd2lkdGg9IjI0IiBmaWxsPSIjNDU1QTY0Ij48cGF0aCBmaWxsPSJub25lIiBkPSJNMCAwaDI0djI0SDB6Ii8+PHBhdGggZD0iTTMgMTFoMTh2MUgzem0xNC42Mi0xLTIuMjktNi4xYy0uMTktLjUtLjc0LS43Ny0xLjI1LS42TDEyIDRsLTIuMDktLjdjLS41MS0uMTctMS4wNi4xLTEuMjUuNkw2LjM4IDEwaDExLjI0em0tMS4xMiAzYy0xLjY2IDAtMy4wNCAxLjE2LTMuNCAyLjcxLS44NC0uMzYtMS42Mi0uMjYtMi4yLS4wMUEzLjUwMyAzLjUwMyAwIDAgMCA3LjUgMTNDNS41NyAxMyA0IDE0LjU3IDQgMTYuNVM1LjU3IDIwIDcuNSAyMGMxLjg0IDAgMy4zMy0xLjQyIDMuNDctMy4yMi4zLS4yMSAxLjA5LS42IDIuMDYuMDIuMTYgMS43OSAxLjY0IDMuMiAzLjQ3IDMuMiAxLjkzIDAgMy41LTEuNTcgMy41LTMuNVMxOC40MyAxMyAxNi41IDEzem0tOSA2YTIuNSAyLjUgMCAwIDEgMC01IDIuNSAyLjUgMCAwIDEgMCA1em05IDBhMi41IDIuNSAwIDAgMSAwLTUgMi41IDIuNSAwIDAgMSAwIDV6Ii8+PC9zdmc+",
   "id": "04E2F5A98DDA245AD5EACA4DC462A50E",
   "title": "Nueva pestaña de Incógnito",
   "type": "page",
   "url": "chrome://newtab/",
   "webSocketDebuggerUrl": "ws://localhost:50391/devtools/page/04E2F5A98DDA245AD5EACA4DC462A50E"
} ]

21:26:35.578 [main] DEBUG com.intuit.karate.shell.Command - ready to accept http connections after 3 ms - http://localhost:50391/json
21:26:35.579 [main] DEBUG com.intuit.karate - request:
1 > GET http://localhost:50391/json
1 > Host: localhost:50391
1 > Connection: Keep-Alive
1 > User-Agent: Apache-HttpClient/4.5.13 (Java/11.0.21)
1 > Accept-Encoding: gzip,deflate


21:26:35.579 [main] DEBUG com.intuit.karate - response time in milliseconds: 0
1 < 200
1 < Content-Security-Policy: frame-ancestors 'none'
1 < Content-Length: 2557
1 < Content-Type: application/json; charset=UTF-8
[ {
   "description": "",
   "devtoolsFrontendUrl": "/devtools/inspector.html?ws=localhost:50391/devtools/page/D8B67124E4E9141004CFB438594F43A2",
   "id": "D8B67124E4E9141004CFB438594F43A2",
   "title": "Google Network Speech",
   "type": "background_page",
   "url": "chrome-extension://neajdppkdcdipfabeoofebfddakdcjhd/_generated_background_page.html",
   "webSocketDebuggerUrl": "ws://localhost:50391/devtools/page/D8B67124E4E9141004CFB438594F43A2"
}, {
   "description": "",
   "devtoolsFrontendUrl": "/devtools/inspector.html?ws=localhost:50391/devtools/page/3949C071FD4BF1450C1C7C4BEFA6F4C7",
   "id": "3949C071FD4BF1450C1C7C4BEFA6F4C7",
   "title": "Google Hangouts",
   "type": "background_page",
   "url": "chrome-extension://nkeimhogjdpnpccoofpliimaahmaaome/background.html",
   "webSocketDebuggerUrl": "ws://localhost:50391/devtools/page/3949C071FD4BF1450C1C7C4BEFA6F4C7"
}, {
   "description": "",
   "devtoolsFrontendUrl": "/devtools/inspector.html?ws=localhost:50391/devtools/page/BF620CA4E71F97B15A3D38627EAAA6BC",
   "id": "BF620CA4E71F97B15A3D38627EAAA6BC",
   "title": "Google Hangouts",
   "type": "background_page",
   "url": "chrome-extension://nkeimhogjdpnpccoofpliimaahmaaome/background.html",
   "webSocketDebuggerUrl": "ws://localhost:50391/devtools/page/BF620CA4E71F97B15A3D38627EAAA6BC"
}, {
   "description": "",
   "devtoolsFrontendUrl": "/devtools/inspector.html?ws=localhost:50391/devtools/page/04E2F5A98DDA245AD5EACA4DC462A50E",
   "faviconUrl": "data:image/svg+xml;base64,PHN2ZyB4bWxucz0iaHR0cDovL3d3dy53My5vcmcvMjAwMC9zdmciIGhlaWdodD0iMjQiIHZpZXdCb3g9IjAgMCAyNCAyNCIgd2lkdGg9IjI0IiBmaWxsPSIjNDU1QTY0Ij48cGF0aCBmaWxsPSJub25lIiBkPSJNMCAwaDI0djI0SDB6Ii8+PHBhdGggZD0iTTMgMTFoMTh2MUgzem0xNC42Mi0xLTIuMjktNi4xYy0uMTktLjUtLjc0LS43Ny0xLjI1LS42TDEyIDRsLTIuMDktLjdjLS41MS0uMTctMS4wNi4xLTEuMjUuNkw2LjM4IDEwaDExLjI0em0tMS4xMiAzYy0xLjY2IDAtMy4wNCAxLjE2LTMuNCAyLjcxLS44NC0uMzYtMS42Mi0uMjYtMi4yLS4wMUEzLjUwMyAzLjUwMyAwIDAgMCA3LjUgMTNDNS41NyAxMyA0IDE0LjU3IDQgMTYuNVM1LjU3IDIwIDcuNSAyMGMxLjg0IDAgMy4zMy0xLjQyIDMuNDctMy4yMi4zLS4yMSAxLjA5LS42IDIuMDYuMDIuMTYgMS43OSAxLjY0IDMuMiAzLjQ3IDMuMiAxLjkzIDAgMy41LTEuNTcgMy41LTMuNVMxOC40MyAxMyAxNi41IDEzem0tOSA2YTIuNSAyLjUgMCAwIDEgMC01IDIuNSAyLjUgMCAwIDEgMCA1em05IDBhMi41IDIuNSAwIDAgMSAwLTUgMi41IDIuNSAwIDAgMSAwIDV6Ii8+PC9zdmc+",
   "id": "04E2F5A98DDA245AD5EACA4DC462A50E",
   "title": "Nueva pestaña de Incógnito",
   "type": "page",
   "url": "chrome://newtab/",
   "webSocketDebuggerUrl": "ws://localhost:50391/devtools/page/04E2F5A98DDA245AD5EACA4DC462A50E"
} ]

21:26:35.579 [main] DEBUG c.intuit.karate.driver.DriverOptions - root frame id: 04E2F5A98DDA245AD5EACA4DC462A50E
21:26:35.593 [nioEventLoopGroup-7-1] DEBUG c.i.k.http.WebSocketClientHandler - websocket client connected
21:26:35.593 [main] DEBUG c.intuit.karate.driver.DriverOptions - >> {"id":1,"method":"Target.attachToTarget","params":{"targetId":"04E2F5A98DDA245AD5EACA4DC462A50E","flatten":true}}
21:26:35.594 [nioEventLoopGroup-7-1] DEBUG c.intuit.karate.driver.DriverOptions - << {"method":"Target.attachedToTarget","params":{"sessionId":"25CF7AF60DC812AEC4DBAF1A5CB68C38","targetInfo":{"targetId":"04E2F5A98DDA245AD5EACA4DC462A50E","type":"page","title":"Nueva pesta\u00f1a de Inc\u00f3gnito","url":"chrome://newtab/","attached":true,"canAccessOpener":false,"browserContextId":"FED6783A4993A2251A4C0F5FB3A68FB3"},"waitingForDebugger":false}}
21:26:35.595 [nioEventLoopGroup-7-1] DEBUG c.intuit.karate.driver.DriverOptions - << {"id":1,"result":{"sessionId":"25CF7AF60DC812AEC4DBAF1A5CB68C38"}}
21:26:35.595 [main] DEBUG c.intuit.karate.driver.DriverOptions - >> {"id":2,"sessionId":"25CF7AF60DC812AEC4DBAF1A5CB68C38","method":"Target.activateTarget","params":{"targetId":"04E2F5A98DDA245AD5EACA4DC462A50E"}}
21:26:35.596 [nioEventLoopGroup-7-1] DEBUG c.intuit.karate.driver.DriverOptions - << {"id":2,"result":{},"sessionId":"25CF7AF60DC812AEC4DBAF1A5CB68C38"}
21:26:35.596 [main] DEBUG c.intuit.karate.driver.DriverOptions - >> {"id":3,"sessionId":"25CF7AF60DC812AEC4DBAF1A5CB68C38","method":"Page.enable"}
21:26:35.597 [nioEventLoopGroup-7-1] DEBUG c.intuit.karate.driver.DriverOptions - << {"id":3,"result":{},"sessionId":"25CF7AF60DC812AEC4DBAF1A5CB68C38"}
21:26:35.597 [main] DEBUG c.intuit.karate.driver.DriverOptions - >> {"id":4,"sessionId":"25CF7AF60DC812AEC4DBAF1A5CB68C38","method":"Runtime.enable"}
21:26:35.598 [nioEventLoopGroup-7-1] DEBUG c.intuit.karate.driver.DriverOptions - << {"method":"Runtime.executionContextCreated","params":{"context":{"id":1,"origin":"chrome://newtab","name":"","uniqueId":"-5434133074290031230.7377676573982412565","auxData":{"isDefault":true,"type":"default","frameId":"04E2F5A98DDA245AD5EACA4DC462A50E"}}},"sessionId":"25CF7AF60DC812AEC4DBAF1A5CB68C38"}
21:26:35.598 [nioEventLoopGroup-7-1] DEBUG c.intuit.karate.driver.DriverOptions - << {"id":4,"result":{},"sessionId":"25CF7AF60DC812AEC4DBAF1A5CB68C38"}
21:26:35.598 [main] DEBUG c.intuit.karate.driver.DriverOptions - >> {"id":5,"sessionId":"25CF7AF60DC812AEC4DBAF1A5CB68C38","method":"Browser.getWindowForTarget","params":{"targetId":"04E2F5A98DDA245AD5EACA4DC462A50E"}}
21:26:35.601 [nioEventLoopGroup-7-1] DEBUG c.intuit.karate.driver.DriverOptions - << {"id":5,"result":{"windowId":1375020412,"bounds":{"left":10,"top":10,"width":945,"height":1020,"windowState":"normal"}},"sessionId":"25CF7AF60DC812AEC4DBAF1A5CB68C38"}
21:26:35.601 [nioEventLoopGroup-7-1] DEBUG c.intuit.karate.driver.DriverOptions - << {"method":"Page.frameResized","params":{},"sessionId":"25CF7AF60DC812AEC4DBAF1A5CB68C38"}
21:26:35.602 [main] DEBUG c.intuit.karate.driver.DriverOptions - >> {"id":6,"sessionId":"25CF7AF60DC812AEC4DBAF1A5CB68C38","method":"Page.navigate","params":{"url":"http:\/\/localhost:8080\/user\/2"}}
21:26:35.605 [nioEventLoopGroup-7-1] DEBUG c.intuit.karate.driver.DriverOptions - << {"method":"Page.frameStartedLoading","params":{"frameId":"04E2F5A98DDA245AD5EACA4DC462A50E"},"sessionId":"25CF7AF60DC812AEC4DBAF1A5CB68C38"}
21:26:35.615 [nioEventLoopGroup-7-1] DEBUG c.intuit.karate.driver.DriverOptions - << {"id":6,"result":{"frameId":"04E2F5A98DDA245AD5EACA4DC462A50E","loaderId":"26C496328E65FFFAA71AE3927ADECDB9"},"sessionId":"25CF7AF60DC812AEC4DBAF1A5CB68C38"}
21:26:35.641 [nioEventLoopGroup-7-1] DEBUG c.intuit.karate.driver.DriverOptions - << {"method":"Runtime.executionContextsCleared","params":{},"sessionId":"25CF7AF60DC812AEC4DBAF1A5CB68C38"}
21:26:35.647 [nioEventLoopGroup-7-1] DEBUG c.intuit.karate.driver.DriverOptions - << {"method":"Runtime.executionContextsCleared","params":{},"sessionId":"25CF7AF60DC812AEC4DBAF1A5CB68C38"}
21:26:35.647 [nioEventLoopGroup-7-1] DEBUG c.intuit.karate.driver.DriverOptions - << {"method":"Page.frameNavigated","params":{"frame":{"id":"04E2F5A98DDA245AD5EACA4DC462A50E","loaderId":"26C496328E65FFFAA71AE3927ADECDB9","url":"http://localhost:8080/login","domainAndRegistry":"","securityOrigin":"http://localhost:8080","mimeType":"text/html","adFrameStatus":{"adFrameType":"none"},"secureContextType":"SecureLocalhost","crossOriginIsolatedContextType":"NotIsolated","gatedAPIFeatures":[]},"type":"Navigation"},"sessionId":"25CF7AF60DC812AEC4DBAF1A5CB68C38"}
21:26:35.647 [nioEventLoopGroup-7-1] DEBUG c.intuit.karate.driver.DriverOptions - << {"method":"Runtime.executionContextCreated","params":{"context":{"id":1,"origin":"http://localhost:8080","name":"","uniqueId":"-3044219873049345137.2717539901935174902","auxData":{"isDefault":true,"type":"default","frameId":"04E2F5A98DDA245AD5EACA4DC462A50E"}}},"sessionId":"25CF7AF60DC812AEC4DBAF1A5CB68C38"}
21:26:35.669 [nioEventLoopGroup-7-1] DEBUG c.intuit.karate.driver.DriverOptions - << {"method":"Page.domContentEventFired","params":{"timestamp":231.482745},"sessionId":"25CF7AF60DC812AEC4DBAF1A5CB68C38"}
21:26:35.669 [nioEventLoopGroup-7-1] DEBUG c.intuit.karate.driver.DriverOptions - << {"method":"Page.loadEventFired","params":{"timestamp":231.483763},"sessionId":"25CF7AF60DC812AEC4DBAF1A5CB68C38"}
21:26:35.670 [nioEventLoopGroup-7-1] DEBUG c.intuit.karate.driver.DriverOptions - << {"method":"Page.frameStoppedLoading","params":{"frameId":"04E2F5A98DDA245AD5EACA4DC462A50E"},"sessionId":"25CF7AF60DC812AEC4DBAF1A5CB68C38"}
21:26:35.670 [main] DEBUG c.intuit.karate.driver.DriverOptions - >> {"id":7,"sessionId":"25CF7AF60DC812AEC4DBAF1A5CB68C38","method":"Page.navigate","params":{"url":"http:\/\/localhost:8080\/guias"}}
21:26:35.671 [nioEventLoopGroup-7-1] DEBUG c.intuit.karate.driver.DriverOptions - << {"method":"Page.frameStartedLoading","params":{"frameId":"04E2F5A98DDA245AD5EACA4DC462A50E"},"sessionId":"25CF7AF60DC812AEC4DBAF1A5CB68C38"}
21:26:35.683 [nioEventLoopGroup-7-1] DEBUG c.intuit.karate.driver.DriverOptions - << {"id":7,"result":{"frameId":"04E2F5A98DDA245AD5EACA4DC462A50E","loaderId":"8B959E388B1ADF0FAF66AB38BAB412A7"},"sessionId":"25CF7AF60DC812AEC4DBAF1A5CB68C38"}
21:26:35.688 [nioEventLoopGroup-7-1] DEBUG c.intuit.karate.driver.DriverOptions - << {"method":"Runtime.executionContextsCleared","params":{},"sessionId":"25CF7AF60DC812AEC4DBAF1A5CB68C38"}
21:26:35.688 [nioEventLoopGroup-7-1] DEBUG c.intuit.karate.driver.DriverOptions - << {"method":"Page.frameNavigated","params":{"frame":{"id":"04E2F5A98DDA245AD5EACA4DC462A50E","loaderId":"8B959E388B1ADF0FAF66AB38BAB412A7","url":"http://localhost:8080/login","domainAndRegistry":"","securityOrigin":"http://localhost:8080","mimeType":"text/html","adFrameStatus":{"adFrameType":"none"},"secureContextType":"SecureLocalhost","crossOriginIsolatedContextType":"NotIsolated","gatedAPIFeatures":[]},"type":"Navigation"},"sessionId":"25CF7AF60DC812AEC4DBAF1A5CB68C38"}
21:26:35.688 [nioEventLoopGroup-7-1] DEBUG c.intuit.karate.driver.DriverOptions - << {"method":"Runtime.executionContextCreated","params":{"context":{"id":2,"origin":"http://localhost:8080","name":"","uniqueId":"6897140762259852471.2570206779442272372","auxData":{"isDefault":true,"type":"default","frameId":"04E2F5A98DDA245AD5EACA4DC462A50E"}}},"sessionId":"25CF7AF60DC812AEC4DBAF1A5CB68C38"}
21:26:35.696 [nioEventLoopGroup-7-1] DEBUG c.intuit.karate.driver.DriverOptions - << {"method":"Page.domContentEventFired","params":{"timestamp":231.51012},"sessionId":"25CF7AF60DC812AEC4DBAF1A5CB68C38"}
21:26:35.697 [main] DEBUG c.intuit.karate.driver.DriverOptions - >> {"id":8,"sessionId":"25CF7AF60DC812AEC4DBAF1A5CB68C38","method":"Runtime.evaluate","params":{"expression":"document.querySelector(\".guias a:first-child\").click()","returnByValue":true}}
21:26:35.698 [nioEventLoopGroup-7-1] DEBUG c.intuit.karate.driver.DriverOptions - << {"id":8,"result":{"result":{"type":"object","subtype":"error","className":"TypeError","description":"TypeError: Cannot read properties of null (reading 'click')\n    at <anonymous>:1:47","objectId":"3182363414864246347.2.1"},"exceptionDetails":{"exceptionId":1,"text":"Uncaught","lineNumber":0,"columnNumber":46,"scriptId":"6","stackTrace":{"callFrames":[{"functionName":"","scriptId":"6","url":"","lineNumber":0,"columnNumber":46}]},"exception":{"type":"object","subtype":"error","className":"TypeError","description":"TypeError: Cannot read properties of null (reading 'click')\n    at <anonymous>:1:47","objectId":"3182363414864246347.2.2"}}},"sessionId":"25CF7AF60DC812AEC4DBAF1A5CB68C38"}
21:26:35.698 [nioEventLoopGroup-7-1] WARN  c.intuit.karate.driver.DriverOptions - devtools error: [id: 8, sessionId: 25CF7AF60DC812AEC4DBAF1A5CB68C38, result: [type: MAP, value: {type=object, subtype=error, className=TypeError, description=TypeError: Cannot read properties of null (reading 'click')
    at <anonymous>:1:47, objectId=3182363414864246347.2.1}]]
21:26:35.698 [main] WARN  c.intuit.karate.driver.DriverOptions - js eval failed once:document.querySelector(".guias a:first-child").click(), error: [type: MAP, value: {type=object, subtype=error, className=TypeError, description=TypeError: Cannot read properties of null (reading 'click')
    at <anonymous>:1:47, objectId=3182363414864246347.2.1}]
21:26:35.699 [nioEventLoopGroup-7-1] DEBUG c.intuit.karate.driver.DriverOptions - << {"method":"Page.loadEventFired","params":{"timestamp":231.514255},"sessionId":"25CF7AF60DC812AEC4DBAF1A5CB68C38"}
21:26:35.699 [nioEventLoopGroup-7-1] DEBUG c.intuit.karate.driver.DriverOptions - << {"method":"Page.frameStoppedLoading","params":{"frameId":"04E2F5A98DDA245AD5EACA4DC462A50E"},"sessionId":"25CF7AF60DC812AEC4DBAF1A5CB68C38"}
21:26:38.705 [main] DEBUG c.intuit.karate.driver.DriverOptions - >> {"id":9,"sessionId":"25CF7AF60DC812AEC4DBAF1A5CB68C38","method":"Runtime.evaluate","params":{"expression":"document.querySelector(\".guias a:first-child\").click()","returnByValue":true}}
21:26:38.706 [nioEventLoopGroup-7-1] DEBUG c.intuit.karate.driver.DriverOptions - << {"id":9,"result":{"result":{"type":"object","subtype":"error","className":"TypeError","description":"TypeError: Cannot read properties of null (reading 'click')\n    at <anonymous>:1:47","objectId":"3182363414864246347.2.3"},"exceptionDetails":{"exceptionId":2,"text":"Uncaught","lineNumber":0,"columnNumber":46,"scriptId":"6","stackTrace":{"callFrames":[{"functionName":"","scriptId":"6","url":"","lineNumber":0,"columnNumber":46}]},"exception":{"type":"object","subtype":"error","className":"TypeError","description":"TypeError: Cannot read properties of null (reading 'click')\n    at <anonymous>:1:47","objectId":"3182363414864246347.2.4"}}},"sessionId":"25CF7AF60DC812AEC4DBAF1A5CB68C38"}
21:26:38.706 [nioEventLoopGroup-7-1] WARN  c.intuit.karate.driver.DriverOptions - devtools error: [id: 9, sessionId: 25CF7AF60DC812AEC4DBAF1A5CB68C38, result: [type: MAP, value: {type=object, subtype=error, className=TypeError, description=TypeError: Cannot read properties of null (reading 'click')
    at <anonymous>:1:47, objectId=3182363414864246347.2.3}]]
21:26:38.706 [main] ERROR c.intuit.karate.driver.DriverOptions - js eval failed twice:document.querySelector(".guias a:first-child").click(), error: [type: MAP, value: {type=object, subtype=error, className=TypeError, description=TypeError: Cannot read properties of null (reading 'click')
    at <anonymous>:1:47, objectId=3182363414864246347.2.3}]
21:26:38.713 [main] ERROR com.intuit.karate - classpath:external/guias.feature:7
And click('.guias a:first-child')
js failed:
>>>>
01: click('.guias a:first-child')
<<<<
org.graalvm.polyglot.PolyglotException: js eval failed twice:document.querySelector(".guias a:first-child").click(), error: [type: MAP, value: {type=object, subtype=error, className=TypeError, description=TypeError: Cannot read properties of null (reading 'click')
    at <anonymous>:1:47, objectId=3182363414864246347.2.3}]
- com.intuit.karate.driver.DevToolsDriver.evalInternal(DevToolsDriver.java:315)
- com.intuit.karate.driver.DevToolsDriver.eval(DevToolsDriver.java:289)
- com.intuit.karate.driver.DevToolsDriver.click(DevToolsDriver.java:511)
- <js>.:anonymous(Unnamed:1)

classpath:external/guias.feature:7
21:26:38.713 [main] DEBUG c.intuit.karate.driver.DriverOptions - >> {"id":10,"sessionId":"25CF7AF60DC812AEC4DBAF1A5CB68C38","method":"Page.captureScreenshot"}
21:26:38.773 [nioEventLoopGroup-7-1] DEBUG c.intuit.karate.driver.DriverOptions - << {"id":10,"result":{"data":"iVBORw0KGgoAAAANSUhEUgAAA6EAAANyCAYAAACT8c2rAAAAAXNSR0IArs4c6QAAIABJREFUeJzs3XuYHPV95/tP9W1umpFAmtFoHCkIEyMLNAIhDBsImCAEjyEOm/giHIc9m5Acnpwom5MQ4g1Z+YkfK49DiJPH2s2yXsXnWIsPskls7AAHBDKXAw7iIqELijACEQnPfYRmBs2ou6e7zh/dPV1dXVVd3dPTU93zfv3BdFfVr7q6NdXUZ37f36+Mc/GEKQAAAAAAaiA03wcAAAAAAFg4CKEAAAAAgJohhAIAAAAAaoYQCgAAAACoGUIoAAAAAKBmCKEAAAAAgJohhAIAAAAAaoYQCgAAAACoGUIoAAAAAKBmIvN9AAAAAADQ6JLJpD6cmFA8EZdpzvfRzI5hSE2xJi1qb1c0Gi2//bl4os4/AgAAAAAIrmQyqdHREXW0d6iltVWGYcz3Ic2KaZqampzU+MS4li5dVnYQpRwXAAAAAObQhxMT6mjvUGtbW90HUEkyDEOtbW3qaO/QhxMTZbcnhAIAAADAHIon4mppbZ3vw6i6ltZWxRPxstsRQgEAAABgDpmmGqIH1M4wjIrGtxJCAQAAAAA1U9sQmnxHSg3U9CUBAAAAAMExdyE0+Y6UGpUx8feKDF6u0Nh/UdPoJYqObFR47M8UG1gixV+TkicIpgAAAACwQFT/PqFmXEoeU9PpKwsWh6belYxFMnROkan/Kumcmj74xUwTM6RE10kpdJ5klH+fGQAAAABAfahuCE2eUGxkjQzDlBRSOrRSqchmTbf+vsKhSSk1LBkxmaFumckRReIPKpx8ToZG1TT8c0obq5TsOioZsaoeFgAAAAAgGKoUQtPS5B5FPtwmwzCVDv28Eu3fVSjxvGJTX1I08T+dm5lRJRbvljk9oNjUnylknlRo5DNKt/+R1PzJ6hwaAAAAACAwqhNCz72ipvFPSzKUaLpHil6o5rGrS7czkoqN/7okKX7eK ...
21:26:38.784 [main] DEBUG c.intuit.karate.driver.DriverOptions - >> {"id":11,"sessionId":"25CF7AF60DC812AEC4DBAF1A5CB68C38","method":"Target.closeTarget","params":{"targetId":"04E2F5A98DDA245AD5EACA4DC462A50E"}}
21:26:38.785 [nioEventLoopGroup-7-1] DEBUG c.i.k.http.WebSocketClientHandler - websocket closing
21:26:38.785 [nioEventLoopGroup-7-1] DEBUG c.i.k.http.WebSocketClientHandler - websocket client disconnected
21:26:38.787 [main] DEBUG com.intuit.karate.shell.Command - closing command: chrome_1710188795314
]]></system-out>
  </testcase>
  <testcase name="testGuia[1][2]" classname="external.ExternalRunner" time="0.61">
    <failure message="js failed:&#10;&gt;&gt;&gt;&gt;&#10;01: setQueryParam(&apos;campeon&apos;, &apos;Ezreal&apos;)&#10;&lt;&lt;&lt;&lt;&#10;org.graalvm.polyglot.PolyglotException: ReferenceError: &quot;setQueryParam&quot; is not defined&#10;- &lt;js&gt;.:program(Unnamed:1)&#10;&#10;classpath:external/guias.feature:14" type="org.opentest4j.AssertionFailedError"><![CDATA[org.opentest4j.AssertionFailedError: 
js failed:
>>>>
01: setQueryParam('campeon', 'Ezreal')
<<<<
org.graalvm.polyglot.PolyglotException: ReferenceError: "setQueryParam" is not defined
- <js>.:program(Unnamed:1)

classpath:external/guias.feature:14
]]></failure>
    <system-out><![CDATA[21:26:38.796 [main] INFO  com.intuit.karate - karate.env system property was: null 
21:26:38.798 [main] DEBUG com.intuit.karate.shell.Command - found / verified free local port: 50505
21:26:38.798 [main] WARN  c.intuit.karate.driver.DriverOptions - preferred port 9222 not available, will use: 50505
21:26:38.799 [main] DEBUG c.i.k.driver.chrome_1710188798798 - poll attempt #0 for port to be ready - localhost:50505
21:26:38.799 [chrome_1710188798798] DEBUG c.i.k.driver.chrome_1710188798798 - command: [C:\Program Files\Google\Chrome\Application\chrome.exe, --remote-debugging-port=50505, --no-first-run, --user-data-dir=C:\ucm\IW\gg\target\chrome_1710188798798, --disable-popup-blocking, --remote-allow-origins=*, --incognito], working dir: target\chrome_1710188798798
21:26:38.808 [chrome_1710188795314] WARN  com.intuit.karate.shell.Command - exit code was non-zero: 1 - [C:\Program Files\Google\Chrome\Application\chrome.exe, --remote-debugging-port=50391, --no-first-run, --user-data-dir=C:\ucm\IW\gg\target\chrome_1710188795314, --disable-popup-blocking, --remote-allow-origins=*, --incognito] working dir: target\chrome_1710188795314
21:26:38.899 [chrome_1710188798798-out] DEBUG c.i.k.driver.chrome_1710188798798 - 
21:26:38.899 [chrome_1710188798798-out] DEBUG c.i.k.driver.chrome_1710188798798 - DevTools listening on ws://127.0.0.1:50505/devtools/browser/321222fb-fc05-4ad2-bf45-4575450ff191
21:26:39.052 [main] DEBUG c.i.k.driver.chrome_1710188798798 - poll attempt #1 for port to be ready - localhost:50505
21:26:39.056 [main] DEBUG com.intuit.karate - request:
1 > GET http://localhost:50505/json
1 > Host: localhost:50505
1 > Connection: Keep-Alive
1 > User-Agent: Apache-HttpClient/4.5.13 (Java/11.0.21)
1 > Accept-Encoding: gzip,deflate


21:26:39.058 [main] DEBUG com.intuit.karate - response time in milliseconds: 2
1 < 200
1 < Content-Security-Policy: frame-ancestors 'none'
1 < Content-Length: 2557
1 < Content-Type: application/json; charset=UTF-8
[ {
   "description": "",
   "devtoolsFrontendUrl": "/devtools/inspector.html?ws=localhost:50505/devtools/page/8216570B8579FF707C14EEC0E97D4FF3",
   "id": "8216570B8579FF707C14EEC0E97D4FF3",
   "title": "Google Network Speech",
   "type": "background_page",
   "url": "chrome-extension://neajdppkdcdipfabeoofebfddakdcjhd/_generated_background_page.html",
   "webSocketDebuggerUrl": "ws://localhost:50505/devtools/page/8216570B8579FF707C14EEC0E97D4FF3"
}, {
   "description": "",
   "devtoolsFrontendUrl": "/devtools/inspector.html?ws=localhost:50505/devtools/page/B40915245CD271B572B7606C3DAA7FF3",
   "id": "B40915245CD271B572B7606C3DAA7FF3",
   "title": "Google Hangouts",
   "type": "background_page",
   "url": "chrome-extension://nkeimhogjdpnpccoofpliimaahmaaome/background.html",
   "webSocketDebuggerUrl": "ws://localhost:50505/devtools/page/B40915245CD271B572B7606C3DAA7FF3"
}, {
   "description": "",
   "devtoolsFrontendUrl": "/devtools/inspector.html?ws=localhost:50505/devtools/page/EBABA617367F2F527459501909B775DD",
   "id": "EBABA617367F2F527459501909B775DD",
   "title": "Google Hangouts",
   "type": "background_page",
   "url": "chrome-extension://nkeimhogjdpnpccoofpliimaahmaaome/background.html",
   "webSocketDebuggerUrl": "ws://localhost:50505/devtools/page/EBABA617367F2F527459501909B775DD"
}, {
   "description": "",
   "devtoolsFrontendUrl": "/devtools/inspector.html?ws=localhost:50505/devtools/page/7719DAD85712C7B6843664FFFF8549A6",
   "faviconUrl": "data:image/svg+xml;base64,PHN2ZyB4bWxucz0iaHR0cDovL3d3dy53My5vcmcvMjAwMC9zdmciIGhlaWdodD0iMjQiIHZpZXdCb3g9IjAgMCAyNCAyNCIgd2lkdGg9IjI0IiBmaWxsPSIjNDU1QTY0Ij48cGF0aCBmaWxsPSJub25lIiBkPSJNMCAwaDI0djI0SDB6Ii8+PHBhdGggZD0iTTMgMTFoMTh2MUgzem0xNC42Mi0xLTIuMjktNi4xYy0uMTktLjUtLjc0LS43Ny0xLjI1LS42TDEyIDRsLTIuMDktLjdjLS41MS0uMTctMS4wNi4xLTEuMjUuNkw2LjM4IDEwaDExLjI0em0tMS4xMiAzYy0xLjY2IDAtMy4wNCAxLjE2LTMuNCAyLjcxLS44NC0uMzYtMS42Mi0uMjYtMi4yLS4wMUEzLjUwMyAzLjUwMyAwIDAgMCA3LjUgMTNDNS41NyAxMyA0IDE0LjU3IDQgMTYuNVM1LjU3IDIwIDcuNSAyMGMxLjg0IDAgMy4zMy0xLjQyIDMuNDctMy4yMi4zLS4yMSAxLjA5LS42IDIuMDYuMDIuMTYgMS43OSAxLjY0IDMuMiAzLjQ3IDMuMiAxLjkzIDAgMy41LTEuNTcgMy41LTMuNVMxOC40MyAxMyAxNi41IDEzem0tOSA2YTIuNSAyLjUgMCAwIDEgMC01IDIuNSAyLjUgMCAwIDEgMCA1em05IDBhMi41IDIuNSAwIDAgMSAwLTUgMi41IDIuNSAwIDAgMSAwIDV6Ii8+PC9zdmc+",
   "id": "7719DAD85712C7B6843664FFFF8549A6",
   "title": "Nueva pestaña de Incógnito",
   "type": "page",
   "url": "chrome://newtab/",
   "webSocketDebuggerUrl": "ws://localhost:50505/devtools/page/7719DAD85712C7B6843664FFFF8549A6"
} ]

21:26:39.058 [main] DEBUG com.intuit.karate.shell.Command - ready to accept http connections after 4 ms - http://localhost:50505/json
21:26:39.059 [main] DEBUG com.intuit.karate - request:
1 > GET http://localhost:50505/json
1 > Host: localhost:50505
1 > Connection: Keep-Alive
1 > User-Agent: Apache-HttpClient/4.5.13 (Java/11.0.21)
1 > Accept-Encoding: gzip,deflate


21:26:39.059 [main] DEBUG com.intuit.karate - response time in milliseconds: 0
1 < 200
1 < Content-Security-Policy: frame-ancestors 'none'
1 < Content-Length: 2557
1 < Content-Type: application/json; charset=UTF-8
[ {
   "description": "",
   "devtoolsFrontendUrl": "/devtools/inspector.html?ws=localhost:50505/devtools/page/8216570B8579FF707C14EEC0E97D4FF3",
   "id": "8216570B8579FF707C14EEC0E97D4FF3",
   "title": "Google Network Speech",
   "type": "background_page",
   "url": "chrome-extension://neajdppkdcdipfabeoofebfddakdcjhd/_generated_background_page.html",
   "webSocketDebuggerUrl": "ws://localhost:50505/devtools/page/8216570B8579FF707C14EEC0E97D4FF3"
}, {
   "description": "",
   "devtoolsFrontendUrl": "/devtools/inspector.html?ws=localhost:50505/devtools/page/B40915245CD271B572B7606C3DAA7FF3",
   "id": "B40915245CD271B572B7606C3DAA7FF3",
   "title": "Google Hangouts",
   "type": "background_page",
   "url": "chrome-extension://nkeimhogjdpnpccoofpliimaahmaaome/background.html",
   "webSocketDebuggerUrl": "ws://localhost:50505/devtools/page/B40915245CD271B572B7606C3DAA7FF3"
}, {
   "description": "",
   "devtoolsFrontendUrl": "/devtools/inspector.html?ws=localhost:50505/devtools/page/EBABA617367F2F527459501909B775DD",
   "id": "EBABA617367F2F527459501909B775DD",
   "title": "Google Hangouts",
   "type": "background_page",
   "url": "chrome-extension://nkeimhogjdpnpccoofpliimaahmaaome/background.html",
   "webSocketDebuggerUrl": "ws://localhost:50505/devtools/page/EBABA617367F2F527459501909B775DD"
}, {
   "description": "",
   "devtoolsFrontendUrl": "/devtools/inspector.html?ws=localhost:50505/devtools/page/7719DAD85712C7B6843664FFFF8549A6",
   "faviconUrl": "data:image/svg+xml;base64,PHN2ZyB4bWxucz0iaHR0cDovL3d3dy53My5vcmcvMjAwMC9zdmciIGhlaWdodD0iMjQiIHZpZXdCb3g9IjAgMCAyNCAyNCIgd2lkdGg9IjI0IiBmaWxsPSIjNDU1QTY0Ij48cGF0aCBmaWxsPSJub25lIiBkPSJNMCAwaDI0djI0SDB6Ii8+PHBhdGggZD0iTTMgMTFoMTh2MUgzem0xNC42Mi0xLTIuMjktNi4xYy0uMTktLjUtLjc0LS43Ny0xLjI1LS42TDEyIDRsLTIuMDktLjdjLS41MS0uMTctMS4wNi4xLTEuMjUuNkw2LjM4IDEwaDExLjI0em0tMS4xMiAzYy0xLjY2IDAtMy4wNCAxLjE2LTMuNCAyLjcxLS44NC0uMzYtMS42Mi0uMjYtMi4yLS4wMUEzLjUwMyAzLjUwMyAwIDAgMCA3LjUgMTNDNS41NyAxMyA0IDE0LjU3IDQgMTYuNVM1LjU3IDIwIDcuNSAyMGMxLjg0IDAgMy4zMy0xLjQyIDMuNDctMy4yMi4zLS4yMSAxLjA5LS42IDIuMDYuMDIuMTYgMS43OSAxLjY0IDMuMiAzLjQ3IDMuMiAxLjkzIDAgMy41LTEuNTcgMy41LTMuNVMxOC40MyAxMyAxNi41IDEzem0tOSA2YTIuNSAyLjUgMCAwIDEgMC01IDIuNSAyLjUgMCAwIDEgMCA1em05IDBhMi41IDIuNSAwIDAgMSAwLTUgMi41IDIuNSAwIDAgMSAwIDV6Ii8+PC9zdmc+",
   "id": "7719DAD85712C7B6843664FFFF8549A6",
   "title": "Nueva pestaña de Incógnito",
   "type": "page",
   "url": "chrome://newtab/",
   "webSocketDebuggerUrl": "ws://localhost:50505/devtools/page/7719DAD85712C7B6843664FFFF8549A6"
} ]

21:26:39.059 [main] DEBUG c.intuit.karate.driver.DriverOptions - root frame id: 7719DAD85712C7B6843664FFFF8549A6
21:26:39.070 [nioEventLoopGroup-8-1] DEBUG c.i.k.http.WebSocketClientHandler - websocket client connected
21:26:39.071 [main] DEBUG c.intuit.karate.driver.DriverOptions - >> {"id":1,"method":"Target.attachToTarget","params":{"targetId":"7719DAD85712C7B6843664FFFF8549A6","flatten":true}}
21:26:39.072 [nioEventLoopGroup-8-1] DEBUG c.intuit.karate.driver.DriverOptions - << {"method":"Target.attachedToTarget","params":{"sessionId":"1D127B6B38DC613ED09462BE991AD99D","targetInfo":{"targetId":"7719DAD85712C7B6843664FFFF8549A6","type":"page","title":"Nueva pesta\u00f1a de Inc\u00f3gnito","url":"chrome://newtab/","attached":true,"canAccessOpener":false,"browserContextId":"108FC6FB52BBD1836BA11F3475BAC485"},"waitingForDebugger":false}}
21:26:39.072 [nioEventLoopGroup-8-1] DEBUG c.intuit.karate.driver.DriverOptions - << {"id":1,"result":{"sessionId":"1D127B6B38DC613ED09462BE991AD99D"}}
21:26:39.072 [main] DEBUG c.intuit.karate.driver.DriverOptions - >> {"id":2,"sessionId":"1D127B6B38DC613ED09462BE991AD99D","method":"Target.activateTarget","params":{"targetId":"7719DAD85712C7B6843664FFFF8549A6"}}
21:26:39.073 [nioEventLoopGroup-8-1] DEBUG c.intuit.karate.driver.DriverOptions - << {"id":2,"result":{},"sessionId":"1D127B6B38DC613ED09462BE991AD99D"}
21:26:39.073 [main] DEBUG c.intuit.karate.driver.DriverOptions - >> {"id":3,"sessionId":"1D127B6B38DC613ED09462BE991AD99D","method":"Page.enable"}
21:26:39.074 [nioEventLoopGroup-8-1] DEBUG c.intuit.karate.driver.DriverOptions - << {"id":3,"result":{},"sessionId":"1D127B6B38DC613ED09462BE991AD99D"}
21:26:39.074 [main] DEBUG c.intuit.karate.driver.DriverOptions - >> {"id":4,"sessionId":"1D127B6B38DC613ED09462BE991AD99D","method":"Runtime.enable"}
21:26:39.076 [nioEventLoopGroup-8-1] DEBUG c.intuit.karate.driver.DriverOptions - << {"method":"Runtime.executionContextCreated","params":{"context":{"id":1,"origin":"chrome://newtab","name":"","uniqueId":"-7146407884267645705.4436881087509406676","auxData":{"isDefault":true,"type":"default","frameId":"7719DAD85712C7B6843664FFFF8549A6"}}},"sessionId":"1D127B6B38DC613ED09462BE991AD99D"}
21:26:39.076 [nioEventLoopGroup-8-1] DEBUG c.intuit.karate.driver.DriverOptions - << {"id":4,"result":{},"sessionId":"1D127B6B38DC613ED09462BE991AD99D"}
21:26:39.076 [nioEventLoopGroup-8-1] DEBUG c.intuit.karate.driver.DriverOptions - << {"method":"Page.frameResized","params":{},"sessionId":"1D127B6B38DC613ED09462BE991AD99D"}
21:26:39.076 [main] DEBUG c.intuit.karate.driver.DriverOptions - >> {"id":5,"sessionId":"1D127B6B38DC613ED09462BE991AD99D","method":"Browser.getWindowForTarget","params":{"targetId":"7719DAD85712C7B6843664FFFF8549A6"}}
21:26:39.077 [nioEventLoopGroup-8-1] DEBUG c.intuit.karate.driver.DriverOptions - << {"id":5,"result":{"windowId":1550618036,"bounds":{"left":10,"top":10,"width":945,"height":1020,"windowState":"normal"}},"sessionId":"1D127B6B38DC613ED09462BE991AD99D"}
21:26:39.078 [main] DEBUG c.intuit.karate.driver.DriverOptions - >> {"id":6,"sessionId":"1D127B6B38DC613ED09462BE991AD99D","method":"Page.navigate","params":{"url":"http:\/\/localhost:8080\/user\/2"}}
21:26:39.080 [nioEventLoopGroup-8-1] DEBUG c.intuit.karate.driver.DriverOptions - << {"method":"Page.frameStartedLoading","params":{"frameId":"7719DAD85712C7B6843664FFFF8549A6"},"sessionId":"1D127B6B38DC613ED09462BE991AD99D"}
21:26:39.095 [nioEventLoopGroup-8-1] DEBUG c.intuit.karate.driver.DriverOptions - << {"id":6,"result":{"frameId":"7719DAD85712C7B6843664FFFF8549A6","loaderId":"0BB68CB0326DBABA604601C240BA4934"},"sessionId":"1D127B6B38DC613ED09462BE991AD99D"}
21:26:39.124 [nioEventLoopGroup-8-1] DEBUG c.intuit.karate.driver.DriverOptions - << {"method":"Runtime.executionContextsCleared","params":{},"sessionId":"1D127B6B38DC613ED09462BE991AD99D"}
21:26:39.130 [chrome_1710188798798-out] DEBUG c.i.k.driver.chrome_1710188798798 - [10016:18188:0311/212639.130:ERROR:interface_endpoint_client.cc(707)] Message 3 rejected by interface blink.mojom.Widget
21:26:39.130 [chrome_1710188798798-out] DEBUG c.i.k.driver.chrome_1710188798798 - [10016:18188:0311/212639.130:ERROR:interface_endpoint_client.cc(707)] Message 0 rejected by interface blink.mojom.WidgetHost
21:26:39.131 [nioEventLoopGroup-8-1] DEBUG c.intuit.karate.driver.DriverOptions - << {"method":"Runtime.executionContextsCleared","params":{},"sessionId":"1D127B6B38DC613ED09462BE991AD99D"}
21:26:39.131 [nioEventLoopGroup-8-1] DEBUG c.intuit.karate.driver.DriverOptions - << {"method":"Page.frameNavigated","params":{"frame":{"id":"7719DAD85712C7B6843664FFFF8549A6","loaderId":"0BB68CB0326DBABA604601C240BA4934","url":"http://localhost:8080/login","domainAndRegistry":"","securityOrigin":"http://localhost:8080","mimeType":"text/html","adFrameStatus":{"adFrameType":"none"},"secureContextType":"SecureLocalhost","crossOriginIsolatedContextType":"NotIsolated","gatedAPIFeatures":[]},"type":"Navigation"},"sessionId":"1D127B6B38DC613ED09462BE991AD99D"}
21:26:39.131 [nioEventLoopGroup-8-1] DEBUG c.intuit.karate.driver.DriverOptions - << {"method":"Runtime.executionContextCreated","params":{"context":{"id":1,"origin":"http://localhost:8080","name":"","uniqueId":"3183273547010017886.-3933970319509906999","auxData":{"isDefault":true,"type":"default","frameId":"7719DAD85712C7B6843664FFFF8549A6"}}},"sessionId":"1D127B6B38DC613ED09462BE991AD99D"}
21:26:39.150 [nioEventLoopGroup-8-1] DEBUG c.intuit.karate.driver.DriverOptions - << {"method":"Page.domContentEventFired","params":{"timestamp":234.953908},"sessionId":"1D127B6B38DC613ED09462BE991AD99D"}
21:26:39.151 [nioEventLoopGroup-8-1] DEBUG c.intuit.karate.driver.DriverOptions - << {"method":"Page.loadEventFired","params":{"timestamp":234.965269},"sessionId":"1D127B6B38DC613ED09462BE991AD99D"}
21:26:39.151 [main] DEBUG c.intuit.karate.driver.DriverOptions - >> {"id":7,"sessionId":"1D127B6B38DC613ED09462BE991AD99D","method":"Page.navigate","params":{"url":"http:\/\/localhost:8080\/guias"}}
21:26:39.151 [nioEventLoopGroup-8-1] DEBUG c.intuit.karate.driver.DriverOptions - << {"method":"Page.frameStoppedLoading","params":{"frameId":"7719DAD85712C7B6843664FFFF8549A6"},"sessionId":"1D127B6B38DC613ED09462BE991AD99D"}
21:26:39.152 [nioEventLoopGroup-8-1] DEBUG c.intuit.karate.driver.DriverOptions - << {"method":"Page.frameStartedLoading","params":{"frameId":"7719DAD85712C7B6843664FFFF8549A6"},"sessionId":"1D127B6B38DC613ED09462BE991AD99D"}
21:26:39.155 [main] ERROR com.intuit.karate - classpath:external/guias.feature:14
And setQueryParam('campeon', 'Ezreal')
js failed:
>>>>
01: setQueryParam('campeon', 'Ezreal')
<<<<
org.graalvm.polyglot.PolyglotException: ReferenceError: "setQueryParam" is not defined
- <js>.:program(Unnamed:1)

classpath:external/guias.feature:14
21:26:39.155 [main] DEBUG c.intuit.karate.driver.DriverOptions - >> {"id":8,"sessionId":"1D127B6B38DC613ED09462BE991AD99D","method":"Page.captureScreenshot"}
21:26:39.164 [nioEventLoopGroup-8-1] DEBUG c.intuit.karate.driver.DriverOptions - << {"id":7,"result":{"frameId":"7719DAD85712C7B6843664FFFF8549A6","loaderId":"57212F4605E22D7DFC31B47BE367FD32"},"sessionId":"1D127B6B38DC613ED09462BE991AD99D"}
21:26:39.168 [nioEventLoopGroup-8-1] DEBUG c.intuit.karate.driver.DriverOptions - << {"method":"Runtime.executionContextsCleared","params":{},"sessionId":"1D127B6B38DC613ED09462BE991AD99D"}
21:26:39.168 [nioEventLoopGroup-8-1] DEBUG c.intuit.karate.driver.DriverOptions - << {"method":"Page.frameNavigated","params":{"frame":{"id":"7719DAD85712C7B6843664FFFF8549A6","loaderId":"57212F4605E22D7DFC31B47BE367FD32","url":"http://localhost:8080/login","domainAndRegistry":"","securityOrigin":"http://localhost:8080","mimeType":"text/html","adFrameStatus":{"adFrameType":"none"},"secureContextType":"SecureLocalhost","crossOriginIsolatedContextType":"NotIsolated","gatedAPIFeatures":[]},"type":"Navigation"},"sessionId":"1D127B6B38DC613ED09462BE991AD99D"}
21:26:39.168 [nioEventLoopGroup-8-1] DEBUG c.intuit.karate.driver.DriverOptions - << {"method":"Runtime.executionContextCreated","params":{"context":{"id":2,"origin":"http://localhost:8080","name":"","uniqueId":"7845122518801875498.3688947427711731626","auxData":{"isDefault":true,"type":"default","frameId":"7719DAD85712C7B6843664FFFF8549A6"}}},"sessionId":"1D127B6B38DC613ED09462BE991AD99D"}
21:26:39.179 [nioEventLoopGroup-8-1] DEBUG c.intuit.karate.driver.DriverOptions - << {"method":"Page.domContentEventFired","params":{"timestamp":234.993554},"sessionId":"1D127B6B38DC613ED09462BE991AD99D"}
21:26:39.182 [nioEventLoopGroup-8-1] DEBUG c.intuit.karate.driver.DriverOptions - << {"method":"Page.loadEventFired","params":{"timestamp":234.996757},"sessionId":"1D127B6B38DC613ED09462BE991AD99D"}
21:26:39.182 [nioEventLoopGroup-8-1] DEBUG c.intuit.karate.driver.DriverOptions - << {"method":"Page.frameStoppedLoading","params":{"frameId":"7719DAD85712C7B6843664FFFF8549A6"},"sessionId":"1D127B6B38DC613ED09462BE991AD99D"}
21:26:39.325 [nioEventLoopGroup-8-1] DEBUG c.intuit.karate.driver.DriverOptions - << {"id":8,"result":{"data":"iVBORw0KGgoAAAANSUhEUgAAA6EAAANyCAYAAACT8c2rAAAAAXNSR0IArs4c6QAAIABJREFUeJzs3XuYHPV95/tP9W1umpFAmtFoHCkIEyMLNAIhDBsImCAEjyEOm/giHIc9m5Acnpwom5MQ4g1Z+YkfK49DiJPH2s2yXsXnWIsPskls7AAHBDKXAw7iIqELijACEQnPfYRmBs2ou6e7zh/dPV1dXVVd3dPTU93zfv3BdFfVr7q6NdXUZ37f36+Mc/GEKQAAAAAAaiA03wcAAAAAAFg4CKEAAAAAgJohhAIAAAAAaoYQCgAAAACoGUIoAAAAAKBmCKEAAAAAgJohhAIAAAAAaoYQCgAAAACoGUIoAAAAAKBmIvN9AAAAAADQ6JLJpD6cmFA8EZdpzvfRzI5hSE2xJi1qb1c0Gi2//bl4os4/AgAAAAAIrmQyqdHREXW0d6iltVWGYcz3Ic2KaZqampzU+MS4li5dVnYQpRwXAAAAAObQhxMT6mjvUGtbW90HUEkyDEOtbW3qaO/QhxMTZbcnhAIAAADAHIon4mppbZ3vw6i6ltZWxRPxstsRQgEAAABgDpmmGqIH1M4wjIrGtxJCAQAAAAA1U9sQmnxHSg3U9CUBAAAAAMExdyE0+Y6UGpUx8feKDF6u0Nh/UdPoJYqObFR47M8UG1gixV+TkicIpgAAAACwQFT/PqFmXEoeU9PpKwsWh6belYxFMnROkan/Kumcmj74xUwTM6RE10kpdJ5klH+fGQAAAABAfahuCE2eUGxkjQzDlBRSOrRSqchmTbf+vsKhSSk1LBkxmaFumckRReIPKpx8ToZG1TT8c0obq5TsOioZsaoeFgAAAAAgGKoUQtPS5B5FPtwmwzCVDv28Eu3fVSjxvGJTX1I08T+dm5lRJRbvljk9oNjUnylknlRo5DNKt/+R1PzJ6hwaAAAAACAwqhNCz72ipvFPSzKUaLpHil6o5rGrS7czkoqN/7okKX7eK4 ...
21:26:39.326 [main] DEBUG c.intuit.karate.driver.DriverOptions - >> {"id":9,"sessionId":"1D127B6B38DC613ED09462BE991AD99D","method":"Target.closeTarget","params":{"targetId":"7719DAD85712C7B6843664FFFF8549A6"}}
21:26:39.327 [nioEventLoopGroup-8-1] DEBUG c.i.k.http.WebSocketClientHandler - websocket closing
21:26:39.327 [nioEventLoopGroup-8-1] DEBUG c.i.k.http.WebSocketClientHandler - websocket client disconnected
21:26:39.329 [main] DEBUG com.intuit.karate.shell.Command - closing command: chrome_1710188798798
21:26:39.346 [chrome_1710188798798] WARN  com.intuit.karate.shell.Command - exit code was non-zero: 1 - [C:\Program Files\Google\Chrome\Application\chrome.exe, --remote-debugging-port=50505, --no-first-run, --user-data-dir=C:\ucm\IW\gg\target\chrome_1710188798798, --disable-popup-blocking, --remote-allow-origins=*, --incognito] working dir: target\chrome_1710188798798
---------------------------------------------------------
feature: classpath:external/guias.feature
scenarios:  2 | passed:  0 | failed:  2 | time: 3,7574
---------------------------------------------------------

Karate version: 1.1.0
======================================================
elapsed:   4,06 | threads:    1 | thread time: 3,76 
features:     1 | skipped:    0 | efficiency: 0,93
scenarios:    2 | passed:     0 | failed: 2
======================================================
>>> failed features:
js failed:
>>>>
01: click('.guias a:first-child')
<<<<
org.graalvm.polyglot.PolyglotException: js eval failed twice:document.querySelector(".guias a:first-child").click(), error: [type: MAP, value: {type=object, subtype=error, className=TypeError, description=TypeError: Cannot read properties of null (reading 'click')
    at <anonymous>:1:47, objectId=3182363414864246347.2.3}]
- com.intuit.karate.driver.DevToolsDriver.evalInternal(DevToolsDriver.java:315)
- com.intuit.karate.driver.DevToolsDriver.eval(DevToolsDriver.java:289)
- com.intuit.karate.driver.DevToolsDriver.click(DevToolsDriver.java:511)
- <js>.:anonymous(Unnamed:1)

classpath:external/guias.feature:7
js failed:
>>>>
01: setQueryParam('campeon', 'Ezreal')
<<<<
org.graalvm.polyglot.PolyglotException: ReferenceError: "setQueryParam" is not defined
- <js>.:program(Unnamed:1)

classpath:external/guias.feature:14
<<<

HTML report: (paste into browser to view) | Karate version: 1.1.0
file:///C:/ucm/IW/gg/target/karate-reports/karate-summary.html
===================================================================

]]></system-out>
  </testcase>
  <testcase name="testWs[1][1]" classname="external.ExternalRunner" time="1.888">
    <failure message="match failed: CONTAINS&#10;  $ | actual does not contain expected (STRING:STRING)&#10;  &apos;&lt;div class=&quot;py-5 row&quot; id=&quot;mensajes&quot;&gt;&#10;            &lt;/div&gt;&apos;&#10;  &apos;el número secreto es el 683&apos;&#10;&#10;classpath:external/ws.feature:15" type="org.opentest4j.AssertionFailedError"><![CDATA[org.opentest4j.AssertionFailedError: 
match failed: CONTAINS
  $ | actual does not contain expected (STRING:STRING)
  '<div class="py-5 row" id="mensajes">
            </div>'
  'el número secreto es el 683'

classpath:external/ws.feature:15
]]></failure>
    <system-out><![CDATA[21:26:39.410 [main] DEBUG com.intuit.karate.Suite - [config] classpath:karate-config.js
21:26:39.413 [main] INFO  com.intuit.karate - karate.env system property was: null 
21:26:39.417 [main] INFO  c.intuit.karate.core.FeatureRuntime - classpath:external/login.feature - call by tag at line 30: login_a
21:26:39.419 [main] DEBUG com.intuit.karate.shell.Command - found / verified free local port: 50618
21:26:39.420 [main] WARN  c.intuit.karate.driver.DriverOptions - preferred port 9222 not available, will use: 50618
21:26:39.420 [main] DEBUG c.i.k.driver.chrome_1710188799419 - poll attempt #0 for port to be ready - localhost:50618
21:26:39.420 [chrome_1710188799419] DEBUG c.i.k.driver.chrome_1710188799419 - command: [C:\Program Files\Google\Chrome\Application\chrome.exe, --remote-debugging-port=50618, --no-first-run, --user-data-dir=C:\ucm\IW\gg\target\chrome_1710188799419, --disable-popup-blocking, --remote-allow-origins=*, --incognito], working dir: target\chrome_1710188799419
21:26:39.515 [chrome_1710188799419-out] DEBUG c.i.k.driver.chrome_1710188799419 - 
21:26:39.515 [chrome_1710188799419-out] DEBUG c.i.k.driver.chrome_1710188799419 - DevTools listening on ws://127.0.0.1:50618/devtools/browser/f7184283-5222-4c65-a8f5-ddcd4d4261ed
21:26:39.681 [main] DEBUG c.i.k.driver.chrome_1710188799419 - poll attempt #1 for port to be ready - localhost:50618
21:26:39.685 [main] DEBUG com.intuit.karate - request:
1 > GET http://localhost:50618/json
1 > Host: localhost:50618
1 > Connection: Keep-Alive
1 > User-Agent: Apache-HttpClient/4.5.13 (Java/11.0.21)
1 > Accept-Encoding: gzip,deflate


21:26:39.686 [main] DEBUG com.intuit.karate - response time in milliseconds: 1
1 < 200
1 < Content-Security-Policy: frame-ancestors 'none'
1 < Content-Length: 2557
1 < Content-Type: application/json; charset=UTF-8
[ {
   "description": "",
   "devtoolsFrontendUrl": "/devtools/inspector.html?ws=localhost:50618/devtools/page/40EAFB14F7A9760359FC86F7052C7C70",
   "id": "40EAFB14F7A9760359FC86F7052C7C70",
   "title": "Google Network Speech",
   "type": "background_page",
   "url": "chrome-extension://neajdppkdcdipfabeoofebfddakdcjhd/_generated_background_page.html",
   "webSocketDebuggerUrl": "ws://localhost:50618/devtools/page/40EAFB14F7A9760359FC86F7052C7C70"
}, {
   "description": "",
   "devtoolsFrontendUrl": "/devtools/inspector.html?ws=localhost:50618/devtools/page/DF8DC262AC0E6DCF43763CEF506BACDB",
   "id": "DF8DC262AC0E6DCF43763CEF506BACDB",
   "title": "Google Hangouts",
   "type": "background_page",
   "url": "chrome-extension://nkeimhogjdpnpccoofpliimaahmaaome/background.html",
   "webSocketDebuggerUrl": "ws://localhost:50618/devtools/page/DF8DC262AC0E6DCF43763CEF506BACDB"
}, {
   "description": "",
   "devtoolsFrontendUrl": "/devtools/inspector.html?ws=localhost:50618/devtools/page/DCBC49E4299C0CB430D7CA220B439405",
   "id": "DCBC49E4299C0CB430D7CA220B439405",
   "title": "Google Hangouts",
   "type": "background_page",
   "url": "chrome-extension://nkeimhogjdpnpccoofpliimaahmaaome/background.html",
   "webSocketDebuggerUrl": "ws://localhost:50618/devtools/page/DCBC49E4299C0CB430D7CA220B439405"
}, {
   "description": "",
   "devtoolsFrontendUrl": "/devtools/inspector.html?ws=localhost:50618/devtools/page/4D99AE77F72711F810816B42C836C717",
   "faviconUrl": "data:image/svg+xml;base64,PHN2ZyB4bWxucz0iaHR0cDovL3d3dy53My5vcmcvMjAwMC9zdmciIGhlaWdodD0iMjQiIHZpZXdCb3g9IjAgMCAyNCAyNCIgd2lkdGg9IjI0IiBmaWxsPSIjNDU1QTY0Ij48cGF0aCBmaWxsPSJub25lIiBkPSJNMCAwaDI0djI0SDB6Ii8+PHBhdGggZD0iTTMgMTFoMTh2MUgzem0xNC42Mi0xLTIuMjktNi4xYy0uMTktLjUtLjc0LS43Ny0xLjI1LS42TDEyIDRsLTIuMDktLjdjLS41MS0uMTctMS4wNi4xLTEuMjUuNkw2LjM4IDEwaDExLjI0em0tMS4xMiAzYy0xLjY2IDAtMy4wNCAxLjE2LTMuNCAyLjcxLS44NC0uMzYtMS42Mi0uMjYtMi4yLS4wMUEzLjUwMyAzLjUwMyAwIDAgMCA3LjUgMTNDNS41NyAxMyA0IDE0LjU3IDQgMTYuNVM1LjU3IDIwIDcuNSAyMGMxLjg0IDAgMy4zMy0xLjQyIDMuNDctMy4yMi4zLS4yMSAxLjA5LS42IDIuMDYuMDIuMTYgMS43OSAxLjY0IDMuMiAzLjQ3IDMuMiAxLjkzIDAgMy41LTEuNTcgMy41LTMuNVMxOC40MyAxMyAxNi41IDEzem0tOSA2YTIuNSAyLjUgMCAwIDEgMC01IDIuNSAyLjUgMCAwIDEgMCA1em05IDBhMi41IDIuNSAwIDAgMSAwLTUgMi41IDIuNSAwIDAgMSAwIDV6Ii8+PC9zdmc+",
   "id": "4D99AE77F72711F810816B42C836C717",
   "title": "Nueva pestaña de Incógnito",
   "type": "page",
   "url": "chrome://newtab/",
   "webSocketDebuggerUrl": "ws://localhost:50618/devtools/page/4D99AE77F72711F810816B42C836C717"
} ]

21:26:39.686 [main] DEBUG com.intuit.karate.shell.Command - ready to accept http connections after 3 ms - http://localhost:50618/json
21:26:39.686 [main] DEBUG com.intuit.karate - request:
1 > GET http://localhost:50618/json
1 > Host: localhost:50618
1 > Connection: Keep-Alive
1 > User-Agent: Apache-HttpClient/4.5.13 (Java/11.0.21)
1 > Accept-Encoding: gzip,deflate


21:26:39.687 [main] DEBUG com.intuit.karate - response time in milliseconds: 1
1 < 200
1 < Content-Security-Policy: frame-ancestors 'none'
1 < Content-Length: 2557
1 < Content-Type: application/json; charset=UTF-8
[ {
   "description": "",
   "devtoolsFrontendUrl": "/devtools/inspector.html?ws=localhost:50618/devtools/page/40EAFB14F7A9760359FC86F7052C7C70",
   "id": "40EAFB14F7A9760359FC86F7052C7C70",
   "title": "Google Network Speech",
   "type": "background_page",
   "url": "chrome-extension://neajdppkdcdipfabeoofebfddakdcjhd/_generated_background_page.html",
   "webSocketDebuggerUrl": "ws://localhost:50618/devtools/page/40EAFB14F7A9760359FC86F7052C7C70"
}, {
   "description": "",
   "devtoolsFrontendUrl": "/devtools/inspector.html?ws=localhost:50618/devtools/page/DF8DC262AC0E6DCF43763CEF506BACDB",
   "id": "DF8DC262AC0E6DCF43763CEF506BACDB",
   "title": "Google Hangouts",
   "type": "background_page",
   "url": "chrome-extension://nkeimhogjdpnpccoofpliimaahmaaome/background.html",
   "webSocketDebuggerUrl": "ws://localhost:50618/devtools/page/DF8DC262AC0E6DCF43763CEF506BACDB"
}, {
   "description": "",
   "devtoolsFrontendUrl": "/devtools/inspector.html?ws=localhost:50618/devtools/page/DCBC49E4299C0CB430D7CA220B439405",
   "id": "DCBC49E4299C0CB430D7CA220B439405",
   "title": "Google Hangouts",
   "type": "background_page",
   "url": "chrome-extension://nkeimhogjdpnpccoofpliimaahmaaome/background.html",
   "webSocketDebuggerUrl": "ws://localhost:50618/devtools/page/DCBC49E4299C0CB430D7CA220B439405"
}, {
   "description": "",
   "devtoolsFrontendUrl": "/devtools/inspector.html?ws=localhost:50618/devtools/page/4D99AE77F72711F810816B42C836C717",
   "faviconUrl": "data:image/svg+xml;base64,PHN2ZyB4bWxucz0iaHR0cDovL3d3dy53My5vcmcvMjAwMC9zdmciIGhlaWdodD0iMjQiIHZpZXdCb3g9IjAgMCAyNCAyNCIgd2lkdGg9IjI0IiBmaWxsPSIjNDU1QTY0Ij48cGF0aCBmaWxsPSJub25lIiBkPSJNMCAwaDI0djI0SDB6Ii8+PHBhdGggZD0iTTMgMTFoMTh2MUgzem0xNC42Mi0xLTIuMjktNi4xYy0uMTktLjUtLjc0LS43Ny0xLjI1LS42TDEyIDRsLTIuMDktLjdjLS41MS0uMTctMS4wNi4xLTEuMjUuNkw2LjM4IDEwaDExLjI0em0tMS4xMiAzYy0xLjY2IDAtMy4wNCAxLjE2LTMuNCAyLjcxLS44NC0uMzYtMS42Mi0uMjYtMi4yLS4wMUEzLjUwMyAzLjUwMyAwIDAgMCA3LjUgMTNDNS41NyAxMyA0IDE0LjU3IDQgMTYuNVM1LjU3IDIwIDcuNSAyMGMxLjg0IDAgMy4zMy0xLjQyIDMuNDctMy4yMi4zLS4yMSAxLjA5LS42IDIuMDYuMDIuMTYgMS43OSAxLjY0IDMuMiAzLjQ3IDMuMiAxLjkzIDAgMy41LTEuNTcgMy41LTMuNVMxOC40MyAxMyAxNi41IDEzem0tOSA2YTIuNSAyLjUgMCAwIDEgMC01IDIuNSAyLjUgMCAwIDEgMCA1em05IDBhMi41IDIuNSAwIDAgMSAwLTUgMi41IDIuNSAwIDAgMSAwIDV6Ii8+PC9zdmc+",
   "id": "4D99AE77F72711F810816B42C836C717",
   "title": "Nueva pestaña de Incógnito",
   "type": "page",
   "url": "chrome://newtab/",
   "webSocketDebuggerUrl": "ws://localhost:50618/devtools/page/4D99AE77F72711F810816B42C836C717"
} ]

21:26:39.687 [main] DEBUG c.intuit.karate.driver.DriverOptions - root frame id: 4D99AE77F72711F810816B42C836C717
21:26:39.699 [nioEventLoopGroup-9-1] DEBUG c.i.k.http.WebSocketClientHandler - websocket client connected
21:26:39.699 [main] DEBUG c.intuit.karate.driver.DriverOptions - >> {"id":1,"method":"Target.attachToTarget","params":{"targetId":"4D99AE77F72711F810816B42C836C717","flatten":true}}
21:26:39.699 [nioEventLoopGroup-9-1] DEBUG c.intuit.karate.driver.DriverOptions - << {"method":"Target.attachedToTarget","params":{"sessionId":"49264A937C0787015107931FC7FE1EE2","targetInfo":{"targetId":"4D99AE77F72711F810816B42C836C717","type":"page","title":"Nueva pesta\u00f1a de Inc\u00f3gnito","url":"chrome://newtab/","attached":true,"canAccessOpener":false,"browserContextId":"E1AD2DD0AB942B65A10E414C4B3EC38C"},"waitingForDebugger":false}}
21:26:39.700 [nioEventLoopGroup-9-1] DEBUG c.intuit.karate.driver.DriverOptions - << {"id":1,"result":{"sessionId":"49264A937C0787015107931FC7FE1EE2"}}
21:26:39.700 [main] DEBUG c.intuit.karate.driver.DriverOptions - >> {"id":2,"sessionId":"49264A937C0787015107931FC7FE1EE2","method":"Target.activateTarget","params":{"targetId":"4D99AE77F72711F810816B42C836C717"}}
21:26:39.700 [nioEventLoopGroup-9-1] DEBUG c.intuit.karate.driver.DriverOptions - << {"id":2,"result":{},"sessionId":"49264A937C0787015107931FC7FE1EE2"}
21:26:39.700 [main] DEBUG c.intuit.karate.driver.DriverOptions - >> {"id":3,"sessionId":"49264A937C0787015107931FC7FE1EE2","method":"Page.enable"}
21:26:39.701 [nioEventLoopGroup-9-1] DEBUG c.intuit.karate.driver.DriverOptions - << {"id":3,"result":{},"sessionId":"49264A937C0787015107931FC7FE1EE2"}
21:26:39.701 [main] DEBUG c.intuit.karate.driver.DriverOptions - >> {"id":4,"sessionId":"49264A937C0787015107931FC7FE1EE2","method":"Runtime.enable"}
21:26:39.701 [nioEventLoopGroup-9-1] DEBUG c.intuit.karate.driver.DriverOptions - << {"method":"Runtime.executionContextCreated","params":{"context":{"id":1,"origin":"chrome://newtab","name":"","uniqueId":"-2432522653774475412.-9074511652779325685","auxData":{"isDefault":true,"type":"default","frameId":"4D99AE77F72711F810816B42C836C717"}}},"sessionId":"49264A937C0787015107931FC7FE1EE2"}
21:26:39.701 [nioEventLoopGroup-9-1] DEBUG c.intuit.karate.driver.DriverOptions - << {"id":4,"result":{},"sessionId":"49264A937C0787015107931FC7FE1EE2"}
21:26:39.701 [main] DEBUG c.intuit.karate.driver.DriverOptions - >> {"id":5,"sessionId":"49264A937C0787015107931FC7FE1EE2","method":"Browser.getWindowForTarget","params":{"targetId":"4D99AE77F72711F810816B42C836C717"}}
21:26:39.702 [nioEventLoopGroup-9-1] DEBUG c.intuit.karate.driver.DriverOptions - << {"id":5,"result":{"windowId":2012145134,"bounds":{"left":10,"top":10,"width":945,"height":1020,"windowState":"normal"}},"sessionId":"49264A937C0787015107931FC7FE1EE2"}
21:26:39.707 [nioEventLoopGroup-9-1] DEBUG c.intuit.karate.driver.DriverOptions - << {"method":"Page.frameResized","params":{},"sessionId":"49264A937C0787015107931FC7FE1EE2"}
21:26:39.710 [main] DEBUG c.intuit.karate.driver.DriverOptions - >> {"id":6,"sessionId":"49264A937C0787015107931FC7FE1EE2","method":"Page.navigate","params":{"url":"http:\/\/localhost:8080\/login"}}
21:26:39.712 [nioEventLoopGroup-9-1] DEBUG c.intuit.karate.driver.DriverOptions - << {"method":"Page.frameStartedLoading","params":{"frameId":"4D99AE77F72711F810816B42C836C717"},"sessionId":"49264A937C0787015107931FC7FE1EE2"}
21:26:39.719 [nioEventLoopGroup-9-1] DEBUG c.intuit.karate.driver.DriverOptions - << {"id":6,"result":{"frameId":"4D99AE77F72711F810816B42C836C717","loaderId":"2C29E8A51CFE36D595C64290FFC4975D"},"sessionId":"49264A937C0787015107931FC7FE1EE2"}
21:26:39.750 [nioEventLoopGroup-9-1] DEBUG c.intuit.karate.driver.DriverOptions - << {"method":"Runtime.executionContextsCleared","params":{},"sessionId":"49264A937C0787015107931FC7FE1EE2"}
21:26:39.757 [nioEventLoopGroup-9-1] DEBUG c.intuit.karate.driver.DriverOptions - << {"method":"Runtime.executionContextsCleared","params":{},"sessionId":"49264A937C0787015107931FC7FE1EE2"}
21:26:39.757 [nioEventLoopGroup-9-1] DEBUG c.intuit.karate.driver.DriverOptions - << {"method":"Page.frameNavigated","params":{"frame":{"id":"4D99AE77F72711F810816B42C836C717","loaderId":"2C29E8A51CFE36D595C64290FFC4975D","url":"http://localhost:8080/login","domainAndRegistry":"","securityOrigin":"http://localhost:8080","mimeType":"text/html","adFrameStatus":{"adFrameType":"none"},"secureContextType":"SecureLocalhost","crossOriginIsolatedContextType":"NotIsolated","gatedAPIFeatures":[]},"type":"Navigation"},"sessionId":"49264A937C0787015107931FC7FE1EE2"}
21:26:39.757 [nioEventLoopGroup-9-1] DEBUG c.intuit.karate.driver.DriverOptions - << {"method":"Runtime.executionContextCreated","params":{"context":{"id":1,"origin":"http://localhost:8080","name":"","uniqueId":"334503149803878325.-4002705966899569919","auxData":{"isDefault":true,"type":"default","frameId":"4D99AE77F72711F810816B42C836C717"}}},"sessionId":"49264A937C0787015107931FC7FE1EE2"}
21:26:39.779 [nioEventLoopGroup-9-1] DEBUG c.intuit.karate.driver.DriverOptions - << {"method":"Page.domContentEventFired","params":{"timestamp":235.592474},"sessionId":"49264A937C0787015107931FC7FE1EE2"}
21:26:39.779 [nioEventLoopGroup-9-1] DEBUG c.intuit.karate.driver.DriverOptions - << {"method":"Page.loadEventFired","params":{"timestamp":235.593421},"sessionId":"49264A937C0787015107931FC7FE1EE2"}
21:26:39.780 [nioEventLoopGroup-9-1] DEBUG c.intuit.karate.driver.DriverOptions - << {"method":"Page.frameStoppedLoading","params":{"frameId":"4D99AE77F72711F810816B42C836C717"},"sessionId":"49264A937C0787015107931FC7FE1EE2"}
21:26:39.780 [main] DEBUG c.intuit.karate.driver.DriverOptions - >> {"id":7,"sessionId":"49264A937C0787015107931FC7FE1EE2","method":"Runtime.evaluate","params":{"expression":"var e = document.querySelector(\"#username\"); e.focus(); try { e.selectionStart = e.selectionEnd = e.value.length } catch(x) {}","returnByValue":true}}
21:26:39.782 [nioEventLoopGroup-9-1] DEBUG c.intuit.karate.driver.DriverOptions - << {"id":7,"result":{"result":{"type":"number","value":0,"description":"0"}},"sessionId":"49264A937C0787015107931FC7FE1EE2"}
21:26:39.782 [main] DEBUG c.intuit.karate.driver.DriverOptions - >> {"id":8,"sessionId":"49264A937C0787015107931FC7FE1EE2","method":"Input.dispatchKeyEvent","params":{"modifiers":0,"type":"rawKeyDown","text":"a","windowsVirtualKeyCode":65}}
21:26:39.782 [nioEventLoopGroup-9-1] DEBUG c.intuit.karate.driver.DriverOptions - << {"id":8,"result":{},"sessionId":"49264A937C0787015107931FC7FE1EE2"}
21:26:39.783 [main] DEBUG c.intuit.karate.driver.DriverOptions - >> {"id":9,"sessionId":"49264A937C0787015107931FC7FE1EE2","method":"Input.dispatchKeyEvent","params":{"modifiers":0,"type":"char","text":"a","windowsVirtualKeyCode":65}}
21:26:39.784 [nioEventLoopGroup-9-1] DEBUG c.intuit.karate.driver.DriverOptions - << {"id":9,"result":{},"sessionId":"49264A937C0787015107931FC7FE1EE2"}
21:26:39.784 [main] DEBUG c.intuit.karate.driver.DriverOptions - >> {"id":10,"sessionId":"49264A937C0787015107931FC7FE1EE2","method":"Input.dispatchKeyEvent","params":{"modifiers":0,"type":"keyUp","text":"a","windowsVirtualKeyCode":65}}
21:26:39.784 [nioEventLoopGroup-9-1] DEBUG c.intuit.karate.driver.DriverOptions - << {"id":10,"result":{},"sessionId":"49264A937C0787015107931FC7FE1EE2"}
21:26:39.785 [main] DEBUG c.intuit.karate.driver.DriverOptions - >> {"id":11,"sessionId":"49264A937C0787015107931FC7FE1EE2","method":"Runtime.evaluate","params":{"expression":"var e = document.querySelector(\"#password\"); e.focus(); try { e.selectionStart = e.selectionEnd = e.value.length } catch(x) {}","returnByValue":true}}
21:26:39.786 [nioEventLoopGroup-9-1] DEBUG c.intuit.karate.driver.DriverOptions - << {"id":11,"result":{"result":{"type":"number","value":0,"description":"0"}},"sessionId":"49264A937C0787015107931FC7FE1EE2"}
21:26:39.786 [main] DEBUG c.intuit.karate.driver.DriverOptions - >> {"id":12,"sessionId":"49264A937C0787015107931FC7FE1EE2","method":"Input.dispatchKeyEvent","params":{"modifiers":0,"type":"rawKeyDown","text":"a","windowsVirtualKeyCode":65}}
21:26:39.786 [nioEventLoopGroup-9-1] DEBUG c.intuit.karate.driver.DriverOptions - << {"id":12,"result":{},"sessionId":"49264A937C0787015107931FC7FE1EE2"}
21:26:39.786 [main] DEBUG c.intuit.karate.driver.DriverOptions - >> {"id":13,"sessionId":"49264A937C0787015107931FC7FE1EE2","method":"Input.dispatchKeyEvent","params":{"modifiers":0,"type":"char","text":"a","windowsVirtualKeyCode":65}}
21:26:39.787 [nioEventLoopGroup-9-1] DEBUG c.intuit.karate.driver.DriverOptions - << {"id":13,"result":{},"sessionId":"49264A937C0787015107931FC7FE1EE2"}
21:26:39.787 [main] DEBUG c.intuit.karate.driver.DriverOptions - >> {"id":14,"sessionId":"49264A937C0787015107931FC7FE1EE2","method":"Input.dispatchKeyEvent","params":{"modifiers":0,"type":"keyUp","text":"a","windowsVirtualKeyCode":65}}
21:26:39.788 [nioEventLoopGroup-9-1] DEBUG c.intuit.karate.driver.DriverOptions - << {"id":14,"result":{},"sessionId":"49264A937C0787015107931FC7FE1EE2"}
21:26:39.788 [main] DEBUG c.intuit.karate.driver.DriverOptions - >> {"id":15,"sessionId":"49264A937C0787015107931FC7FE1EE2","method":"Input.dispatchKeyEvent","params":{"modifiers":0,"type":"rawKeyDown","text":"a","windowsVirtualKeyCode":65}}
21:26:39.788 [nioEventLoopGroup-9-1] DEBUG c.intuit.karate.driver.DriverOptions - << {"id":15,"result":{},"sessionId":"49264A937C0787015107931FC7FE1EE2"}
21:26:39.788 [main] DEBUG c.intuit.karate.driver.DriverOptions - >> {"id":16,"sessionId":"49264A937C0787015107931FC7FE1EE2","method":"Input.dispatchKeyEvent","params":{"modifiers":0,"type":"char","text":"a","windowsVirtualKeyCode":65}}
21:26:39.789 [nioEventLoopGroup-9-1] DEBUG c.intuit.karate.driver.DriverOptions - << {"id":16,"result":{},"sessionId":"49264A937C0787015107931FC7FE1EE2"}
21:26:39.789 [main] DEBUG c.intuit.karate.driver.DriverOptions - >> {"id":17,"sessionId":"49264A937C0787015107931FC7FE1EE2","method":"Input.dispatchKeyEvent","params":{"modifiers":0,"type":"keyUp","text":"a","windowsVirtualKeyCode":65}}
21:26:39.789 [nioEventLoopGroup-9-1] DEBUG c.intuit.karate.driver.DriverOptions - << {"id":17,"result":{},"sessionId":"49264A937C0787015107931FC7FE1EE2"}
21:26:39.790 [main] DEBUG c.intuit.karate.driver.DriverOptions - >> {"id":18,"sessionId":"49264A937C0787015107931FC7FE1EE2","method":"Runtime.evaluate","params":{"expression":"document.querySelector(\".form-signin button\").click()","returnByValue":true}}
21:26:39.791 [nioEventLoopGroup-9-1] DEBUG c.intuit.karate.driver.DriverOptions - << {"id":18,"result":{"result":{"type":"undefined"}},"sessionId":"49264A937C0787015107931FC7FE1EE2"}
21:26:39.791 [nioEventLoopGroup-9-1] DEBUG c.intuit.karate.driver.DriverOptions - << {"method":"Page.frameScheduledNavigation","params":{"frameId":"4D99AE77F72711F810816B42C836C717","delay":0,"reason":"formSubmissionPost","url":"http://localhost:8080/login"},"sessionId":"49264A937C0787015107931FC7FE1EE2"}
21:26:39.791 [nioEventLoopGroup-9-1] DEBUG c.intuit.karate.driver.DriverOptions - << {"method":"Page.frameRequestedNavigation","params":{"frameId":"4D99AE77F72711F810816B42C836C717","reason":"formSubmissionPost","url":"http://localhost:8080/login","disposition":"currentTab"},"sessionId":"49264A937C0787015107931FC7FE1EE2"}
21:26:39.792 [nioEventLoopGroup-9-1] DEBUG c.intuit.karate.driver.DriverOptions - << {"method":"Page.frameStartedLoading","params":{"frameId":"4D99AE77F72711F810816B42C836C717"},"sessionId":"49264A937C0787015107931FC7FE1EE2"}
21:26:39.793 [nioEventLoopGroup-9-1] DEBUG c.intuit.karate.driver.DriverOptions - << {"method":"Page.frameClearedScheduledNavigation","params":{"frameId":"4D99AE77F72711F810816B42C836C717"},"sessionId":"49264A937C0787015107931FC7FE1EE2"}
21:26:39.862 [nioEventLoopGroup-9-1] DEBUG c.intuit.karate.driver.DriverOptions - << {"method":"Runtime.executionContextsCleared","params":{},"sessionId":"49264A937C0787015107931FC7FE1EE2"}
21:26:39.863 [nioEventLoopGroup-9-1] DEBUG c.intuit.karate.driver.DriverOptions - << {"method":"Page.frameNavigated","params":{"frame":{"id":"4D99AE77F72711F810816B42C836C717","loaderId":"F4C4174AF68A5C8B1EB9221194DDB4FB","url":"http://localhost:8080/admin/","domainAndRegistry":"","securityOrigin":"http://localhost:8080","mimeType":"text/html","adFrameStatus":{"adFrameType":"none"},"secureContextType":"SecureLocalhost","crossOriginIsolatedContextType":"NotIsolated","gatedAPIFeatures":[]},"type":"Navigation"},"sessionId":"49264A937C0787015107931FC7FE1EE2"}
21:26:39.863 [nioEventLoopGroup-9-1] DEBUG c.intuit.karate.driver.DriverOptions - << {"method":"Runtime.executionContextCreated","params":{"context":{"id":2,"origin":"http://localhost:8080","name":"","uniqueId":"8968734431756073614.2171763967721951436","auxData":{"isDefault":true,"type":"default","frameId":"4D99AE77F72711F810816B42C836C717"}}},"sessionId":"49264A937C0787015107931FC7FE1EE2"}
21:26:39.884 [nioEventLoopGroup-9-1] DEBUG c.intuit.karate.driver.DriverOptions - << {"method":"Runtime.consoleAPICalled","params":{"type":"log","args":[{"type":"string","value":"Opening Web Socket..."}],"executionContextId":2,"timestamp":1.710188799883834e+12,"stackTrace":{"callFrames":[{"functionName":"Client.debug","scriptId":"12","url":"http://localhost:8080/js/stomp.js","lineNumber":173,"columnNumber":107},{"functionName":"Client._connect","scriptId":"12","url":"http://localhost:8080/js/stomp.js","lineNumber":291,"columnNumber":21},{"functionName":"Client.connect","scriptId":"12","url":"http://localhost:8080/js/stomp.js","lineNumber":278,"columnNumber":24},{"functionName":"initialize","scriptId":"11","url":"http://localhost:8080/js/iw.js","lineNumber":35,"columnNumber":27},{"functionName":"","scriptId":"11","url":"http://localhost:8080/js/iw.js","lineNumber":199,"columnNumber":11}]}},"sessionId":"49264A937C0787015107931FC7FE1EE2"}
21:26:39.884 [nioEventLoopGroup-9-1] DEBUG c.intuit.karate.driver.DriverOptions - [console] Opening Web Socket...
21:26:39.884 [nioEventLoopGroup-9-1] DEBUG c.intuit.karate.driver.DriverOptions - << {"method":"Runtime.consoleAPICalled","params":{"type":"log","args":[{"type":"string","value":"Connected to WS 'ws://localhost:8080/ws'"}],"executionContextId":2,"timestamp":1.710188799884068e+12,"stackTrace":{"callFrames":[{"functionName":"initialize","scriptId":"11","url":"http://localhost:8080/js/iw.js","lineNumber":44,"columnNumber":20},{"functionName":"","scriptId":"11","url":"http://localhost:8080/js/iw.js","lineNumber":199,"columnNumber":11}]}},"sessionId":"49264A937C0787015107931FC7FE1EE2"}
21:26:39.884 [nioEventLoopGroup-9-1] DEBUG c.intuit.karate.driver.DriverOptions - [console] Connected to WS 'ws://localhost:8080/ws'
21:26:39.884 [nioEventLoopGroup-9-1] DEBUG c.intuit.karate.driver.DriverOptions - << {"method":"Runtime.consoleAPICalled","params":{"type":"log","args":[{"type":"string","value":"sending"},{"type":"string","value":"//localhost:8080/user/unread"},{"type":"object","className":"Object","description":"Object","objectId":"5249185616630329289.2.1","preview":{"type":"object","description":"Object","overflow":false,"properties":[{"name":"method","type":"string","value":"GET"},{"name":"headers","type":"object","value":"Object"}]}}],"executionContextId":2,"timestamp":1.710188799884171e+12,"stackTrace":{"callFrames":[{"functionName":"go","scriptId":"11","url":"http://localhost:8080/js/iw.js","lineNumber":94,"columnNumber":12},{"functionName":"","scriptId":"11","url":"http://localhost:8080/js/iw.js","lineNumber":203,"columnNumber":12}]}},"sessionId":"49264A937C0787015107931FC7FE1EE2"}
21:26:39.884 [nioEventLoopGroup-9-1] DEBUG c.intuit.karate.driver.DriverOptions - [console] sending
21:26:39.884 [nioEventLoopGroup-9-1] DEBUG c.intuit.karate.driver.DriverOptions - [console] //localhost:8080/user/unread
21:26:39.885 [nioEventLoopGroup-9-1] DEBUG c.intuit.karate.driver.DriverOptions - << {"method":"Page.domContentEventFired","params":{"timestamp":235.699202},"sessionId":"49264A937C0787015107931FC7FE1EE2"}
21:26:39.885 [nioEventLoopGroup-9-1] DEBUG c.intuit.karate.driver.DriverOptions - << {"method":"Page.loadEventFired","params":{"timestamp":235.699385},"sessionId":"49264A937C0787015107931FC7FE1EE2"}
21:26:39.885 [nioEventLoopGroup-9-1] DEBUG c.intuit.karate.driver.DriverOptions - << {"method":"Page.frameStoppedLoading","params":{"frameId":"4D99AE77F72711F810816B42C836C717"},"sessionId":"49264A937C0787015107931FC7FE1EE2"}
21:26:39.885 [main] DEBUG c.intuit.karate.driver.DriverOptions - >> {"id":19,"sessionId":"49264A937C0787015107931FC7FE1EE2","method":"Runtime.evaluate","params":{"expression":"document.location.href","returnByValue":true}}
21:26:39.886 [nioEventLoopGroup-9-1] DEBUG c.intuit.karate.driver.DriverOptions - << {"id":19,"result":{"result":{"type":"string","value":"http://localhost:8080/admin/"}},"sessionId":"49264A937C0787015107931FC7FE1EE2"}
21:26:39.888 [main] DEBUG c.intuit.karate.driver.DriverOptions - >> {"id":20,"sessionId":"49264A937C0787015107931FC7FE1EE2","method":"Page.navigate","params":{"url":"http:\/\/localhost:8080\/user\/2"}}
21:26:39.889 [nioEventLoopGroup-9-1] DEBUG c.intuit.karate.driver.DriverOptions - << {"method":"Page.frameStartedLoading","params":{"frameId":"4D99AE77F72711F810816B42C836C717"},"sessionId":"49264A937C0787015107931FC7FE1EE2"}
21:26:39.901 [nioEventLoopGroup-9-1] DEBUG c.intuit.karate.driver.DriverOptions - << {"method":"Runtime.consoleAPICalled","params":{"type":"log","args":[{"type":"string","value":"Web Socket Opened..."}],"executionContextId":2,"timestamp":1.71018879990173e+12,"stackTrace":{"callFrames":[{"functionName":"Client.debug","scriptId":"12","url":"http://localhost:8080/js/stomp.js","lineNumber":173,"columnNumber":107},{"functionName":"","scriptId":"12","url":"http://localhost:8080/js/stomp.js","lineNumber":441,"columnNumber":30}]}},"sessionId":"49264A937C0787015107931FC7FE1EE2"}
21:26:39.901 [nioEventLoopGroup-9-1] DEBUG c.intuit.karate.driver.DriverOptions - [console] Web Socket Opened...
21:26:39.902 [nioEventLoopGroup-9-1] DEBUG c.intuit.karate.driver.DriverOptions - << {"method":"Runtime.consoleAPICalled","params":{"type":"log","args":[{"type":"string","value":">>> CONNECT\nX-CSRF-TOKEN:30c2076a-baea-44a1-8918-3d1cf6db6dd1\naccept-version:1.2,1.1,1.0\nheart-beat:10000,10000\n\n\u0000"}],"executionContextId":2,"timestamp":1.710188799901936e+12,"stackTrace":{"callFrames":[{"functionName":"Client.debug","scriptId":"12","url":"http://localhost:8080/js/stomp.js","lineNumber":173,"columnNumber":107},{"functionName":"Client._transmit","scriptId":"12","url":"http://localhost:8080/js/stomp.js","lineNumber":188,"columnNumber":21},{"functionName":"","scriptId":"12","url":"http://localhost:8080/js/stomp.js","lineNumber":445,"columnNumber":33}]}},"sessionId":"49264A937C0787015107931FC7FE1EE2"}
21:26:39.902 [nioEventLoopGroup-9-1] DEBUG c.intuit.karate.driver.DriverOptions - [console] >>> CONNECT
X-CSRF-TOKEN:30c2076a-baea-44a1-8918-3d1cf6db6dd1
accept-version:1.2,1.1,1.0
heart-beat:10000,10000

&amp#0;
21:26:39.904 [nioEventLoopGroup-9-1] DEBUG c.intuit.karate.driver.DriverOptions - << {"method":"Runtime.consoleAPICalled","params":{"type":"log","args":[{"type":"string","value":"<<< CONNECTED\nversion:1.2\nheart-beat:0,0\nuser-name:a\n\n\u0000"}],"executionContextId":2,"timestamp":1.710188799905051e+12,"stackTrace":{"callFrames":[{"functionName":"Client.debug","scriptId":"12","url":"http://localhost:8080/js/stomp.js","lineNumber":173,"columnNumber":107},{"functionName":"","scriptId":"12","url":"http://localhost:8080/js/stomp.js","lineNumber":339,"columnNumber":30}]}},"sessionId":"49264A937C0787015107931FC7FE1EE2"}
21:26:39.905 [nioEventLoopGroup-9-1] DEBUG c.intuit.karate.driver.DriverOptions - [console] <<< CONNECTED
version:1.2
heart-beat:0,0
user-name:a

&amp#0;
21:26:39.905 [nioEventLoopGroup-9-1] DEBUG c.intuit.karate.driver.DriverOptions - << {"id":20,"result":{"frameId":"4D99AE77F72711F810816B42C836C717","loaderId":"A68B72A7772D99FF33589A872116B722"},"sessionId":"49264A937C0787015107931FC7FE1EE2"}
21:26:39.905 [nioEventLoopGroup-9-1] DEBUG c.intuit.karate.driver.DriverOptions - << {"method":"Runtime.consoleAPICalled","params":{"type":"log","args":[{"type":"string","value":"connected to server undefined"}],"executionContextId":2,"timestamp":1.710188799905256e+12,"stackTrace":{"callFrames":[{"functionName":"Client.debug","scriptId":"12","url":"http://localhost:8080/js/stomp.js","lineNumber":173,"columnNumber":107},{"functionName":"","scriptId":"12","url":"http://localhost:8080/js/stomp.js","lineNumber":349,"columnNumber":42}]}},"sessionId":"49264A937C0787015107931FC7FE1EE2"}
21:26:39.905 [nioEventLoopGroup-9-1] DEBUG c.intuit.karate.driver.DriverOptions - [console] connected to server undefined
21:26:39.905 [nioEventLoopGroup-9-1] DEBUG c.intuit.karate.driver.DriverOptions - << {"method":"Runtime.consoleAPICalled","params":{"type":"log","args":[{"type":"string","value":"Connected to "},{"type":"string","value":"ws://localhost:8080/ws"},{"type":"string","value":" - subscribing:"}],"executionContextId":2,"timestamp":1.710188799905338e+12,"stackTrace":{"callFrames":[{"functionName":"","scriptId":"11","url":"http://localhost:8080/js/iw.js","lineNumber":37,"columnNumber":24},{"functionName":"","scriptId":"12","url":"http://localhost:8080/js/stomp.js","lineNumber":362,"columnNumber":42}]}},"sessionId":"49264A937C0787015107931FC7FE1EE2"}
21:26:39.906 [nioEventLoopGroup-9-1] DEBUG c.intuit.karate.driver.DriverOptions - [console] Connected to 
21:26:39.906 [nioEventLoopGroup-9-1] DEBUG c.intuit.karate.driver.DriverOptions - [console] ws://localhost:8080/ws
21:26:39.906 [nioEventLoopGroup-9-1] DEBUG c.intuit.karate.driver.DriverOptions - [console]  - subscribing:
21:26:39.906 [nioEventLoopGroup-9-1] DEBUG c.intuit.karate.driver.DriverOptions - << {"method":"Runtime.consoleAPICalled","params":{"type":"log","args":[{"type":"string","value":" ... to /user/queue/updates ..."}],"executionContextId":2,"timestamp":1.710188799905359e+12,"stackTrace":{"callFrames":[{"functionName":"","scriptId":"11","url":"http://localhost:8080/js/iw.js","lineNumber":40,"columnNumber":28},{"functionName":"","scriptId":"12","url":"http://localhost:8080/js/stomp.js","lineNumber":362,"columnNumber":42}]}},"sessionId":"49264A937C0787015107931FC7FE1EE2"}
21:26:39.906 [nioEventLoopGroup-9-1] DEBUG c.intuit.karate.driver.DriverOptions - [console]  ... to /user/queue/updates ...
21:26:39.906 [nioEventLoopGroup-9-1] DEBUG c.intuit.karate.driver.DriverOptions - << {"method":"Runtime.consoleAPICalled","params":{"type":"log","args":[{"type":"string","value":">>> SUBSCRIBE\nid:sub-0\ndestination:/user/queue/updates\n\n\u0000"}],"executionContextId":2,"timestamp":1.710188799905438e+12,"stackTrace":{"callFrames":[{"functionName":"Client.debug","scriptId":"12","url":"http://localhost:8080/js/stomp.js","lineNumber":173,"columnNumber":107},{"functionName":"Client._transmit","scriptId":"12","url":"http://localhost:8080/js/stomp.js","lineNumber":188,"columnNumber":21},{"functionName":"Client.subscribe","scriptId":"12","url":"http://localhost:8080/js/stomp.js","lineNumber":532,"columnNumber":17},{"functionName":"subscribe","scriptId":"11","url":"http://localhost:8080/js/iw.js","lineNumber":52,"columnNumber":27},{"functionName":"","scriptId":"11","url":"http://localhost:8080/js/iw.js","lineNumber":41,"columnNumber":23},{"functionName":"","scriptId":"12","url":"http://localhost:8080/js/stomp.js","lineNumber":362,"columnNumber":42}]}},"sessionId":"49264A937C0787015107931FC7FE1EE2"}
21:26:39.906 [nioEventLoopGroup-9-1] DEBUG c.intuit.karate.driver.DriverOptions - [console] >>> SUBSCRIBE
id:sub-0
destination:/user/queue/updates

&amp#0;
21:26:39.906 [nioEventLoopGroup-9-1] DEBUG c.intuit.karate.driver.DriverOptions - << {"method":"Runtime.consoleAPICalled","params":{"type":"log","args":[{"type":"string","value":"Hopefully subscribed to /user/queue/updates"}],"executionContextId":2,"timestamp":1.710188799905471e+12,"stackTrace":{"callFrames":[{"functionName":"subscribe","scriptId":"11","url":"http://localhost:8080/js/iw.js","lineNumber":54,"columnNumber":20},{"functionName":"","scriptId":"11","url":"http://localhost:8080/js/iw.js","lineNumber":41,"columnNumber":23},{"functionName":"","scriptId":"12","url":"http://localhost:8080/js/stomp.js","lineNumber":362,"columnNumber":42}]}},"sessionId":"49264A937C0787015107931FC7FE1EE2"}
21:26:39.906 [nioEventLoopGroup-9-1] DEBUG c.intuit.karate.driver.DriverOptions - [console] Hopefully subscribed to /user/queue/updates
21:26:39.906 [nioEventLoopGroup-9-1] DEBUG c.intuit.karate.driver.DriverOptions - << {"method":"Runtime.consoleAPICalled","params":{"type":"log","args":[{"type":"string","value":" ... to /topic/admin ..."}],"executionContextId":2,"timestamp":1.710188799905483e+12,"stackTrace":{"callFrames":[{"functionName":"","scriptId":"11","url":"http://localhost:8080/js/iw.js","lineNumber":40,"columnNumber":28},{"functionName":"","scriptId":"12","url":"http://localhost:8080/js/stomp.js","lineNumber":362,"columnNumber":42}]}},"sessionId":"49264A937C0787015107931FC7FE1EE2"}
21:26:39.906 [nioEventLoopGroup-9-1] DEBUG c.intuit.karate.driver.DriverOptions - [console]  ... to /topic/admin ...
21:26:39.906 [nioEventLoopGroup-9-1] DEBUG c.intuit.karate.driver.DriverOptions - << {"method":"Runtime.consoleAPICalled","params":{"type":"log","args":[{"type":"string","value":">>> SUBSCRIBE\nid:sub-1\ndestination:/topic/admin\n\n\u0000"}],"executionContextId":2,"timestamp":1.710188799905499e+12,"stackTrace":{"callFrames":[{"functionName":"Client.debug","scriptId":"12","url":"http://localhost:8080/js/stomp.js","lineNumber":173,"columnNumber":107},{"functionName":"Client._transmit","scriptId":"12","url":"http://localhost:8080/js/stomp.js","lineNumber":188,"columnNumber":21},{"functionName":"Client.subscribe","scriptId":"12","url":"http://localhost:8080/js/stomp.js","lineNumber":532,"columnNumber":17},{"functionName":"subscribe","scriptId":"11","url":"http://localhost:8080/js/iw.js","lineNumber":52,"columnNumber":27},{"functionName":"","scriptId":"11","url":"http://localhost:8080/js/iw.js","lineNumber":41,"columnNumber":23},{"functionName":"","scriptId":"12","url":"http://localhost:8080/js/stomp.js","lineNumber":362,"columnNumber":42}]}},"sessionId":"49264A937C0787015107931FC7FE1EE2"}
21:26:39.906 [nioEventLoopGroup-9-1] DEBUG c.intuit.karate.driver.DriverOptions - [console] >>> SUBSCRIBE
id:sub-1
destination:/topic/admin

&amp#0;
[...]
21:26:40.538 [main] DEBUG c.intuit.karate.driver.DriverOptions - >> {"id":112,"sessionId":"49264A937C0787015107931FC7FE1EE2","method":"Input.dispatchKeyEvent","params":{"modifiers":0,"type":"rawKeyDown","text":"a","windowsVirtualKeyCode":65}}
21:26:40.538 [nioEventLoopGroup-9-1] DEBUG c.intuit.karate.driver.DriverOptions - << {"id":112,"result":{},"sessionId":"49264A937C0787015107931FC7FE1EE2"}
21:26:40.538 [main] DEBUG c.intuit.karate.driver.DriverOptions - >> {"id":113,"sessionId":"49264A937C0787015107931FC7FE1EE2","method":"Input.dispatchKeyEvent","params":{"modifiers":0,"type":"char","text":"a","windowsVirtualKeyCode":65}}
21:26:40.539 [nioEventLoopGroup-9-1] DEBUG c.intuit.karate.driver.DriverOptions - << {"id":113,"result":{},"sessionId":"49264A937C0787015107931FC7FE1EE2"}
21:26:40.539 [main] DEBUG c.intuit.karate.driver.DriverOptions - >> {"id":114,"sessionId":"49264A937C0787015107931FC7FE1EE2","method":"Input.dispatchKeyEvent","params":{"modifiers":0,"type":"keyUp","text":"a","windowsVirtualKeyCode":65}}
21:26:40.539 [nioEventLoopGroup-9-1] DEBUG c.intuit.karate.driver.DriverOptions - << {"id":114,"result":{},"sessionId":"49264A937C0787015107931FC7FE1EE2"}
21:26:40.539 [main] DEBUG c.intuit.karate.driver.DriverOptions - >> {"id":115,"sessionId":"49264A937C0787015107931FC7FE1EE2","method":"Runtime.evaluate","params":{"expression":"document.querySelector(\".form-signin button\").click()","returnByValue":true}}
21:26:40.540 [nioEventLoopGroup-9-1] DEBUG c.intuit.karate.driver.DriverOptions - << {"id":115,"result":{"result":{"type":"undefined"}},"sessionId":"49264A937C0787015107931FC7FE1EE2"}
21:26:40.540 [nioEventLoopGroup-9-1] DEBUG c.intuit.karate.driver.DriverOptions - << {"method":"Page.frameScheduledNavigation","params":{"frameId":"4D99AE77F72711F810816B42C836C717","delay":0,"reason":"formSubmissionPost","url":"http://localhost:8080/login"},"sessionId":"49264A937C0787015107931FC7FE1EE2"}
21:26:40.540 [nioEventLoopGroup-9-1] DEBUG c.intuit.karate.driver.DriverOptions - << {"method":"Page.frameRequestedNavigation","params":{"frameId":"4D99AE77F72711F810816B42C836C717","reason":"formSubmissionPost","url":"http://localhost:8080/login","disposition":"currentTab"},"sessionId":"49264A937C0787015107931FC7FE1EE2"}
21:26:40.541 [nioEventLoopGroup-9-1] DEBUG c.intuit.karate.driver.DriverOptions - << {"method":"Page.frameStartedLoading","params":{"frameId":"4D99AE77F72711F810816B42C836C717"},"sessionId":"49264A937C0787015107931FC7FE1EE2"}
21:26:40.542 [nioEventLoopGroup-9-1] DEBUG c.intuit.karate.driver.DriverOptions - << {"method":"Page.frameClearedScheduledNavigation","params":{"frameId":"4D99AE77F72711F810816B42C836C717"},"sessionId":"49264A937C0787015107931FC7FE1EE2"}
21:26:40.611 [nioEventLoopGroup-9-1] DEBUG c.intuit.karate.driver.DriverOptions - << {"method":"Runtime.executionContextsCleared","params":{},"sessionId":"49264A937C0787015107931FC7FE1EE2"}
21:26:40.611 [nioEventLoopGroup-9-1] DEBUG c.intuit.karate.driver.DriverOptions - << {"method":"Page.frameNavigated","params":{"frame":{"id":"4D99AE77F72711F810816B42C836C717","loaderId":"440EE652A7AA3AF0C901A64152A219BF","url":"http://localhost:8080/user/2","domainAndRegistry":"","securityOrigin":"http://localhost:8080","mimeType":"text/html","adFrameStatus":{"adFrameType":"none"},"secureContextType":"SecureLocalhost","crossOriginIsolatedContextType":"NotIsolated","gatedAPIFeatures":[]},"type":"Navigation"},"sessionId":"49264A937C0787015107931FC7FE1EE2"}
21:26:40.611 [nioEventLoopGroup-9-1] DEBUG c.intuit.karate.driver.DriverOptions - << {"method":"Runtime.executionContextCreated","params":{"context":{"id":6,"origin":"http://localhost:8080","name":"","uniqueId":"-7505952340068457945.-6040657404876728102","auxData":{"isDefault":true,"type":"default","frameId":"4D99AE77F72711F810816B42C836C717"}}},"sessionId":"49264A937C0787015107931FC7FE1EE2"}
21:26:40.633 [nioEventLoopGroup-9-1] DEBUG c.intuit.karate.driver.DriverOptions - << {"method":"Runtime.exceptionThrown","params":{"timestamp":1.710188800633459e+12,"exceptionDetails":{"exceptionId":2,"text":"Uncaught","lineNumber":5,"columnNumber":20,"scriptId":"17","url":"http://localhost:8080/js/mdInclude.js","stackTrace":{"callFrames":[{"functionName":"","scriptId":"17","url":"http://localhost:8080/js/mdInclude.js","lineNumber":5,"columnNumber":20}]},"exception":{"type":"object","subtype":"error","className":"ReferenceError","description":"ReferenceError: marked is not defined\n    at http://localhost:8080/js/mdInclude.js:6:21","objectId":"5249185616630329289.6.1","preview":{"type":"object","subtype":"error","description":"ReferenceError: marked is not defined\n    at http://localhost:8080/js/mdInclude.js:6:21","overflow":false,"properties":[{"name":"stack","type":"string","value":"ReferenceError: marked is not defined\n    at http://localhost:8080/js/mdInclude.js:6:21"},{"name":"message","type":"string","value":"marked is not defined"}]}},"executionContextId":6}},"sessionId":"49264A937C0 ...
21:26:40.633 [nioEventLoopGroup-9-1] DEBUG c.intuit.karate.driver.DriverOptions - << {"method":"Runtime.consoleAPICalled","params":{"type":"log","args":[{"type":"string","value":"Opening Web Socket..."}],"executionContextId":6,"timestamp":1.710188800633678e+12,"stackTrace":{"callFrames":[{"functionName":"Client.debug","scriptId":"12","url":"http://localhost:8080/js/stomp.js","lineNumber":173,"columnNumber":107},{"functionName":"Client._connect","scriptId":"12","url":"http://localhost:8080/js/stomp.js","lineNumber":291,"columnNumber":21},{"functionName":"Client.connect","scriptId":"12","url":"http://localhost:8080/js/stomp.js","lineNumber":278,"columnNumber":24},{"functionName":"initialize","scriptId":"11","url":"http://localhost:8080/js/iw.js","lineNumber":35,"columnNumber":27},{"functionName":"","scriptId":"11","url":"http://localhost:8080/js/iw.js","lineNumber":199,"columnNumber":11}]}},"sessionId":"49264A937C0787015107931FC7FE1EE2"}
21:26:40.633 [nioEventLoopGroup-9-1] DEBUG c.intuit.karate.driver.DriverOptions - [console] Opening Web Socket...
21:26:40.633 [nioEventLoopGroup-9-1] DEBUG c.intuit.karate.driver.DriverOptions - << {"method":"Runtime.consoleAPICalled","params":{"type":"log","args":[{"type":"string","value":"Connected to WS 'ws://localhost:8080/ws'"}],"executionContextId":6,"timestamp":1.710188800633788e+12,"stackTrace":{"callFrames":[{"functionName":"initialize","scriptId":"11","url":"http://localhost:8080/js/iw.js","lineNumber":44,"columnNumber":20},{"functionName":"","scriptId":"11","url":"http://localhost:8080/js/iw.js","lineNumber":199,"columnNumber":11}]}},"sessionId":"49264A937C0787015107931FC7FE1EE2"}
21:26:40.633 [nioEventLoopGroup-9-1] DEBUG c.intuit.karate.driver.DriverOptions - [console] Connected to WS 'ws://localhost:8080/ws'
21:26:40.633 [nioEventLoopGroup-9-1] DEBUG c.intuit.karate.driver.DriverOptions - << {"method":"Runtime.consoleAPICalled","params":{"type":"log","args":[{"type":"string","value":"sending"},{"type":"string","value":"//localhost:8080/user/unread"},{"type":"object","className":"Object","description":"Object","objectId":"5249185616630329289.6.2","preview":{"type":"object","description":"Object","overflow":false,"properties":[{"name":"method","type":"string","value":"GET"},{"name":"headers","type":"object","value":"Object"}]}}],"executionContextId":6,"timestamp":1.710188800633828e+12,"stackTrace":{"callFrames":[{"functionName":"go","scriptId":"11","url":"http://localhost:8080/js/iw.js","lineNumber":94,"columnNumber":12},{"functionName":"","scriptId":"11","url":"http://localhost:8080/js/iw.js","lineNumber":203,"columnNumber":12}]}},"sessionId":"49264A937C0787015107931FC7FE1EE2"}
21:26:40.633 [nioEventLoopGroup-9-1] DEBUG c.intuit.karate.driver.DriverOptions - [console] sending
21:26:40.633 [nioEventLoopGroup-9-1] DEBUG c.intuit.karate.driver.DriverOptions - [console] //localhost:8080/user/unread
21:26:40.634 [nioEventLoopGroup-9-1] DEBUG c.intuit.karate.driver.DriverOptions - << {"method":"Page.domContentEventFired","params":{"timestamp":236.448692},"sessionId":"49264A937C0787015107931FC7FE1EE2"}
21:26:40.634 [nioEventLoopGroup-9-1] DEBUG c.intuit.karate.driver.DriverOptions - << {"method":"Page.loadEventFired","params":{"timestamp":236.449003},"sessionId":"49264A937C0787015107931FC7FE1EE2"}
21:26:40.634 [nioEventLoopGroup-9-1] DEBUG c.intuit.karate.driver.DriverOptions - << {"method":"Page.frameStoppedLoading","params":{"frameId":"4D99AE77F72711F810816B42C836C717"},"sessionId":"49264A937C0787015107931FC7FE1EE2"}
21:26:40.634 [main] DEBUG c.intuit.karate.driver.DriverOptions - >> {"id":116,"sessionId":"49264A937C0787015107931FC7FE1EE2","method":"Runtime.evaluate","params":{"expression":"document.location.href","returnByValue":true}}
21:26:40.635 [nioEventLoopGroup-9-1] DEBUG c.intuit.karate.driver.DriverOptions - << {"id":116,"result":{"result":{"type":"string","value":"http://localhost:8080/user/2"}},"sessionId":"49264A937C0787015107931FC7FE1EE2"}
21:26:40.644 [nioEventLoopGroup-9-1] DEBUG c.intuit.karate.driver.DriverOptions - << {"method":"Runtime.consoleAPICalled","params":{"type":"log","args":[{"type":"string","value":"Web Socket Opened..."}],"executionContextId":6,"timestamp":1.710188800644779e+12,"stackTrace":{"callFrames":[{"functionName":"Client.debug","scriptId":"12","url":"http://localhost:8080/js/stomp.js","lineNumber":173,"columnNumber":107},{"functionName":"","scriptId":"12","url":"http://localhost:8080/js/stomp.js","lineNumber":441,"columnNumber":30}]}},"sessionId":"49264A937C0787015107931FC7FE1EE2"}
21:26:40.644 [nioEventLoopGroup-9-1] DEBUG c.intuit.karate.driver.DriverOptions - [console] Web Socket Opened...
21:26:40.644 [nioEventLoopGroup-9-1] DEBUG c.intuit.karate.driver.DriverOptions - << {"method":"Runtime.consoleAPICalled","params":{"type":"log","args":[{"type":"string","value":">>> CONNECT\nX-CSRF-TOKEN:3689ac37-eb7f-4b5f-9bc7-ccc8f6e3488f\naccept-version:1.2,1.1,1.0\nheart-beat:10000,10000\n\n\u0000"}],"executionContextId":6,"timestamp":1.710188800644847e+12,"stackTrace":{"callFrames":[{"functionName":"Client.debug","scriptId":"12","url":"http://localhost:8080/js/stomp.js","lineNumber":173,"columnNumber":107},{"functionName":"Client._transmit","scriptId":"12","url":"http://localhost:8080/js/stomp.js","lineNumber":188,"columnNumber":21},{"functionName":"","scriptId":"12","url":"http://localhost:8080/js/stomp.js","lineNumber":445,"columnNumber":33}]}},"sessionId":"49264A937C0787015107931FC7FE1EE2"}
21:26:40.644 [nioEventLoopGroup-9-1] DEBUG c.intuit.karate.driver.DriverOptions - [console] >>> CONNECT
X-CSRF-TOKEN:3689ac37-eb7f-4b5f-9bc7-ccc8f6e3488f
accept-version:1.2,1.1,1.0
heart-beat:10000,10000

&amp#0;
21:26:40.646 [nioEventLoopGroup-9-1] DEBUG c.intuit.karate.driver.DriverOptions - << {"method":"Runtime.consoleAPICalled","params":{"type":"log","args":[{"type":"string","value":"<<< CONNECTED\nversion:1.2\nheart-beat:0,0\nuser-name:b\n\n\u0000"}],"executionContextId":6,"timestamp":1.710188800646751e+12,"stackTrace":{"callFrames":[{"functionName":"Client.debug","scriptId":"12","url":"http://localhost:8080/js/stomp.js","lineNumber":173,"columnNumber":107},{"functionName":"","scriptId":"12","url":"http://localhost:8080/js/stomp.js","lineNumber":339,"columnNumber":30}]}},"sessionId":"49264A937C0787015107931FC7FE1EE2"}
21:26:40.646 [nioEventLoopGroup-9-1] DEBUG c.intuit.karate.driver.DriverOptions - [console] <<< CONNECTED
version:1.2
heart-beat:0,0
user-name:b

&amp#0;
21:26:40.646 [nioEventLoopGroup-9-1] DEBUG c.intuit.karate.driver.DriverOptions - << {"method":"Runtime.consoleAPICalled","params":{"type":"log","args":[{"type":"string","value":"connected to server undefined"}],"executionContextId":6,"timestamp":1.710188800646809e+12,"stackTrace":{"callFrames":[{"functionName":"Client.debug","scriptId":"12","url":"http://localhost:8080/js/stomp.js","lineNumber":173,"columnNumber":107},{"functionName":"","scriptId":"12","url":"http://localhost:8080/js/stomp.js","lineNumber":349,"columnNumber":42}]}},"sessionId":"49264A937C0787015107931FC7FE1EE2"}
21:26:40.646 [nioEventLoopGroup-9-1] DEBUG c.intuit.karate.driver.DriverOptions - [console] connected to server undefined
21:26:40.646 [nioEventLoopGroup-9-1] DEBUG c.intuit.karate.driver.DriverOptions - << {"method":"Runtime.consoleAPICalled","params":{"type":"log","args":[{"type":"string","value":"Connected to "},{"type":"string","value":"ws://localhost:8080/ws"},{"type":"string","value":" - subscribing:"}],"executionContextId":6,"timestamp":1.71018880064683e+12,"stackTrace":{"callFrames":[{"functionName":"","scriptId":"11","url":"http://localhost:8080/js/iw.js","lineNumber":37,"columnNumber":24},{"functionName":"","scriptId":"12","url":"http://localhost:8080/js/stomp.js","lineNumber":362,"columnNumber":42}]}},"sessionId":"49264A937C0787015107931FC7FE1EE2"}
21:26:40.646 [nioEventLoopGroup-9-1] DEBUG c.intuit.karate.driver.DriverOptions - [console] Connected to 
21:26:40.646 [nioEventLoopGroup-9-1] DEBUG c.intuit.karate.driver.DriverOptions - [console] ws://localhost:8080/ws
21:26:40.646 [nioEventLoopGroup-9-1] DEBUG c.intuit.karate.driver.DriverOptions - [console]  - subscribing:
21:26:40.646 [nioEventLoopGroup-9-1] DEBUG c.intuit.karate.driver.DriverOptions - << {"method":"Runtime.consoleAPICalled","params":{"type":"log","args":[{"type":"string","value":" ... to /user/queue/updates ..."}],"executionContextId":6,"timestamp":1.710188800646845e+12,"stackTrace":{"callFrames":[{"functionName":"","scriptId":"11","url":"http://localhost:8080/js/iw.js","lineNumber":40,"columnNumber":28},{"functionName":"","scriptId":"12","url":"http://localhost:8080/js/stomp.js","lineNumber":362,"columnNumber":42}]}},"sessionId":"49264A937C0787015107931FC7FE1EE2"}
21:26:40.646 [nioEventLoopGroup-9-1] DEBUG c.intuit.karate.driver.DriverOptions - [console]  ... to /user/queue/updates ...
21:26:40.646 [nioEventLoopGroup-9-1] DEBUG c.intuit.karate.driver.DriverOptions - << {"method":"Runtime.consoleAPICalled","params":{"type":"log","args":[{"type":"string","value":">>> SUBSCRIBE\nid:sub-0\ndestination:/user/queue/updates\n\n\u0000"}],"executionContextId":6,"timestamp":1.710188800646867e+12,"stackTrace":{"callFrames":[{"functionName":"Client.debug","scriptId":"12","url":"http://localhost:8080/js/stomp.js","lineNumber":173,"columnNumber":107},{"functionName":"Client._transmit","scriptId":"12","url":"http://localhost:8080/js/stomp.js","lineNumber":188,"columnNumber":21},{"functionName":"Client.subscribe","scriptId":"12","url":"http://localhost:8080/js/stomp.js","lineNumber":532,"columnNumber":17},{"functionName":"subscribe","scriptId":"11","url":"http://localhost:8080/js/iw.js","lineNumber":52,"columnNumber":27},{"functionName":"","scriptId":"11","url":"http://localhost:8080/js/iw.js","lineNumber":41,"columnNumber":23},{"functionName":"","scriptId":"12","url":"http://localhost:8080/js/stomp.js","lineNumber":362,"columnNumber":42}]}},"sessionId":"49264A937C0787015107931FC7FE1EE2"}
21:26:40.646 [nioEventLoopGroup-9-1] DEBUG c.intuit.karate.driver.DriverOptions - [console] >>> SUBSCRIBE
id:sub-0
destination:/user/queue/updates

&amp#0;
21:26:40.646 [nioEventLoopGroup-9-1] DEBUG c.intuit.karate.driver.DriverOptions - << {"method":"Runtime.consoleAPICalled","params":{"type":"log","args":[{"type":"string","value":"Hopefully subscribed to /user/queue/updates"}],"executionContextId":6,"timestamp":1.710188800646892e+12,"stackTrace":{"callFrames":[{"functionName":"subscribe","scriptId":"11","url":"http://localhost:8080/js/iw.js","lineNumber":54,"columnNumber":20},{"functionName":"","scriptId":"11","url":"http://localhost:8080/js/iw.js","lineNumber":41,"columnNumber":23},{"functionName":"","scriptId":"12","url":"http://localhost:8080/js/stomp.js","lineNumber":362,"columnNumber":42}]}},"sessionId":"49264A937C0787015107931FC7FE1EE2"}
21:26:40.646 [nioEventLoopGroup-9-1] DEBUG c.intuit.karate.driver.DriverOptions - [console] Hopefully subscribed to /user/queue/updates
21:26:41.141 [main] DEBUG c.intuit.karate.driver.DriverOptions - >> {"id":117,"sessionId":"49264A937C0787015107931FC7FE1EE2","method":"Runtime.evaluate","params":{"expression":"document.querySelector(\"#mensajes\")['outerHTML']","returnByValue":true}}
21:26:41.142 [nioEventLoopGroup-9-1] DEBUG c.intuit.karate.driver.DriverOptions - << {"id":117,"result":{"result":{"type":"string","value":"<div class=\"py-5 row\" id=\"mensajes\">\n            </div>"}},"sessionId":"49264A937C0787015107931FC7FE1EE2"}
21:26:41.143 [main] ERROR com.intuit.karate - classpath:external/ws.feature:15
Then match html('#mensajes') contains mensaje
match failed: CONTAINS
  $ | actual does not contain expected (STRING:STRING)
  '<div class="py-5 row" id="mensajes">
            </div>'
  'el número secreto es el 683'

classpath:external/ws.feature:15
21:26:41.143 [main] DEBUG c.intuit.karate.driver.DriverOptions - >> {"id":118,"sessionId":"49264A937C0787015107931FC7FE1EE2","method":"Page.captureScreenshot"}
21:26:41.210 [nioEventLoopGroup-9-1] DEBUG c.intuit.karate.driver.DriverOptions - << {"id":118,"result":{"data":"iVBORw0KGgoAAAANSUhEUgAAA6EAAANyCAYAAACT8c2rAAAAAXNSR0IArs4c6QAAIABJREFUeJzs3X1UVFeeL/zv4VWjpstWA5JkaNFAQj8d0yRgtPtWx/RA0rdDxhHIM2LoiXaxHruN03MTRCWldz0BUQnds6ZNT3KHSpsbI9wIOI5kJgam1VSmJcHI6ORJTTAKTVQExViiIlBUneePejvn1Kk3XqoAv5+1aiXU2Wef39nlEn+1f3sfYWBwSAQRERERERFRCESEOwAiIiIiIiK6czAJJSIiIiIiopBhEkpEREREREQhwySUiIiIiIiIQoZJKBEREREREYUMk1AiIiIiIiIKGSahREREREREFDJMQomIiIiIiChkmIQSERERERFRyESFOwAiIiIiIqKpzmKx4OaNGxgcGoQohjua0REEIDYmFjNnzUJ0dHTw5w8MDk3yISAiIiIiIpq4LBYLrl7txd2z7sb0u+6CIAjhDmlURFHE7f5+9N3ow5w5c4NORFmOS0RERERENI5u3riBu2fdjbtmzJj0CSgACIKAu2bMwN2z7sbNGzeCPp9JKBERERER0TgaHBrE9LvuCncYY276XXdhcGgw6POYhBIREREREY0jUcSUmAFVEgRhROtbmYQSERERERFRyIQ2CbWcA6zdIb0kERERERERTRzjl4RazgHWqxBu/AOier6PiOtbEXv1u4jufQyR10sQ060BBj8DLB1MTImIiIiIiO4QY/+cUHEQsHyJ2G/SZW9H3G4HhJkQMICo268DGEDstWX2U8QIDN3zNRAxGxCCf84MERERERERTQ5jm4RaOhDT+yAEQQQQAVvE/bBGZWH4rhcRGdEPWK8AQgzEiHiIll5EDb6JSMsxCLiK2Cv3wSb8GSz3mAAhZkzDIiIiIiIioolhjJJQG9DfiKib2yAIImwRiRia9R4ihj5CzO3NiB6qUj9NjMbQt/4PxOFuxNwuQYT4NSJ6c2Gb9RIw7Ymx ...
21:26:41.212 [main] DEBUG c.intuit.karate.driver.DriverOptions - >> {"id":119,"sessionId":"49264A937C0787015107931FC7FE1EE2","method":"Target.closeTarget","params":{"targetId":"4D99AE77F72711F810816B42C836C717"}}
21:26:41.212 [nioEventLoopGroup-9-1] DEBUG c.i.k.http.WebSocketClientHandler - websocket closing
21:26:41.212 [nioEventLoopGroup-9-1] DEBUG c.i.k.http.WebSocketClientHandler - websocket client disconnected
21:26:41.214 [main] DEBUG com.intuit.karate.shell.Command - closing command: chrome_1710188799419
21:26:41.233 [chrome_1710188799419] WARN  com.intuit.karate.shell.Command - exit code was non-zero: 1 - [C:\Program Files\Google\Chrome\Application\chrome.exe, --remote-debugging-port=50618, --no-first-run, --user-data-dir=C:\ucm\IW\gg\target\chrome_1710188799419, --disable-popup-blocking, --remote-allow-origins=*, --incognito] working dir: target\chrome_1710188799419
---------------------------------------------------------
feature: classpath:external/ws.feature
scenarios:  1 | passed:  0 | failed:  1 | time: 1,7282
---------------------------------------------------------

Karate version: 1.1.0
======================================================
elapsed:   1,86 | threads:    1 | thread time: 1,73 
features:     1 | skipped:    0 | efficiency: 0,93
scenarios:    1 | passed:     0 | failed: 1
======================================================
>>> failed features:
match failed: CONTAINS
  $ | actual does not contain expected (STRING:STRING)
  '<div class="py-5 row" id="mensajes">
            </div>'
  'el número secreto es el 683'

classpath:external/ws.feature:15
<<<

HTML report: (paste into browser to view) | Karate version: 1.1.0
file:///C:/ucm/IW/gg/target/karate-reports/karate-summary.html
===================================================================

]]></system-out>
  </testcase>
</testsuite>